01-07-2021 09:56:49.955 [Gauge] [DEBUG] Created gauge_screenshots_dir at C:\Users\testinium\IdeaProjects\com.gauge\TEBMobileAutomation\.gauge\screenshots
01-07-2021 09:56:49.996 [Gauge] [DEBUG] Plugin java is already installed.
01-07-2021 09:56:50.008 [Gauge] [DEBUG] Plugin html-report is already installed.
01-07-2021 09:56:50.009 [Gauge] [DEBUG] Parsing started.
01-07-2021 09:56:50.009 [Gauge] [DEBUG] Started concepts parsing.
01-07-2021 09:56:50.017 [Gauge] [DEBUG] 9 concepts parsing completed.
01-07-2021 09:56:50.019 [Gauge] [DEBUG] Started specifications parsing.
01-07-2021 09:56:50.019 [Gauge] [DEBUG] 1 specifications parsing completed.
01-07-2021 09:56:50.020 [Gauge] [DEBUG] Parsing completed.
01-07-2021 09:56:50.381 [Gauge] [DEBUG] Checking updates...
01-07-2021 09:56:50.382 [Gauge] [DEBUG] Downloading https://downloads.gauge.org/plugin/html-report?l=java&p=html-report,java,screenshot,spectacle,xml-report&o=windows&a=amd64
01-07-2021 09:56:50.777 [java] [DEBUG] ***** Printing Properties/Env Values *****
01-07-2021 09:56:50.778 [java] [DEBUG] PATH: C:\Program Files (x86)\Common Files\Oracle\Java\javapath;C:\Windows\system32;C:\Windows;C:\Windows\System32\Wbem;C:\Windows\System32\WindowsPowerShell\v1.0\;C:\Windows\System32\OpenSSH\;C:\Program Files\nodejs\;C:\Program Files\Java\jdk1.8.0_291\bin;C:\apache-maven\apache-maven-3.8.1\bin;C:\Program Files\Gauge\bin;C:\WINDOWS\system32;C:\WINDOWS;C:\WINDOWS\System32\Wbem;C:\WINDOWS\System32\WindowsPowerShell\v1.0\;C:\WINDOWS\System32\OpenSSH\;C:\Program Files\Git\cmd;C:\Users\testinium\AppData\Local\Android\Sdk\platform-tools;C:\Users\testinium\AppData\Local\Android\Sdk\tools;C:\Users\testinium\AppData\Local\Android\Sdk\tools\bin;C:\Users\testinium\AppData\Local\Android\Sdk\build-tools;C:\Users\testinium\AppData\Local\Android\Sdk;C:\Users\testinium\AppData\Local\Microsoft\WindowsApps;C:\Users\testinium\AppData\Roaming\npm;;C:\Users\testinium\AppData\Roaming\gauge\plugins\screenshot\0.0.1
01-07-2021 09:56:50.778 [java] [DEBUG] JAVA_HOME: C:\Program Files\Java\jdk1.8.0_291
01-07-2021 09:56:50.778 [java] [DEBUG] gauge_project_root: C:\Users\testinium\IdeaProjects\com.gauge\TEBMobileAutomation
01-07-2021 09:56:50.778 [java] [DEBUG] gauge_parallel_streams_count: 
01-07-2021 09:56:50.778 [java] [DEBUG] gauge_reports_dir: reports
01-07-2021 09:56:50.778 [java] [DEBUG] overwrite_reports: true
01-07-2021 09:56:50.778 [java] [DEBUG] logs_directory: logs
01-07-2021 09:56:50.778 [java] [DEBUG] enable_multithreading: 
01-07-2021 09:56:50.778 [java] [DEBUG] gauge_specs_dir: specs
01-07-2021 09:56:50.778 [java] [DEBUG] csv_delimiter: ,
01-07-2021 09:56:50.778 [java] [DEBUG] gauge_java_home: 
01-07-2021 09:56:50.778 [java] [DEBUG] gauge_custom_build_path: 
01-07-2021 09:56:50.778 [java] [DEBUG] gauge_additional_libs: libs/*
01-07-2021 09:56:50.778 [java] [DEBUG] gauge_jvm_args: 
01-07-2021 09:56:50.778 [java] [DEBUG] gauge_custom_compile_dir: 
01-07-2021 09:56:50.778 [java] [DEBUG] gauge_clear_state_level: scenario
01-07-2021 09:56:50.778 [java] [DEBUG] ***** END *****
01-07-2021 09:56:50.910 [Gauge] [DEBUG] Downloading https://downloads.gauge.org/plugin/java?l=java&p=html-report,java,screenshot,spectacle,xml-report&o=windows&a=amd64
01-07-2021 09:56:51.078 [Gauge] [DEBUG] Downloading https://downloads.gauge.org/plugin/screenshot?l=java&p=html-report,java,screenshot,spectacle,xml-report&o=windows&a=amd64
01-07-2021 09:56:51.281 [Gauge] [DEBUG] Downloading https://downloads.gauge.org/plugin/spectacle?l=java&p=html-report,java,screenshot,spectacle,xml-report&o=windows&a=amd64
01-07-2021 09:56:51.490 [Gauge] [DEBUG] Downloading https://downloads.gauge.org/plugin/xml-report?l=java&p=html-report,java,screenshot,spectacle,xml-report&o=windows&a=amd64
01-07-2021 09:56:56.365 [java] [DEBUG] classpath set to C:\Program Files\Java\jdk1.8.0_291\jre\lib\charsets.jar;C:\Program Files\Java\jdk1.8.0_291\jre\lib\deploy.jar;C:\Program Files\Java\jdk1.8.0_291\jre\lib\ext\access-bridge-64.jar;C:\Program Files\Java\jdk1.8.0_291\jre\lib\ext\cldrdata.jar;C:\Program Files\Java\jdk1.8.0_291\jre\lib\ext\dnsns.jar;C:\Program Files\Java\jdk1.8.0_291\jre\lib\ext\jaccess.jar;C:\Program Files\Java\jdk1.8.0_291\jre\lib\ext\jfxrt.jar;C:\Program Files\Java\jdk1.8.0_291\jre\lib\ext\localedata.jar;C:\Program Files\Java\jdk1.8.0_291\jre\lib\ext\nashorn.jar;C:\Program Files\Java\jdk1.8.0_291\jre\lib\ext\sunec.jar;C:\Program Files\Java\jdk1.8.0_291\jre\lib\ext\sunjce_provider.jar;C:\Program Files\Java\jdk1.8.0_291\jre\lib\ext\sunmscapi.jar;C:\Program Files\Java\jdk1.8.0_291\jre\lib\ext\sunpkcs11.jar;C:\Program Files\Java\jdk1.8.0_291\jre\lib\ext\zipfs.jar;C:\Program Files\Java\jdk1.8.0_291\jre\lib\javaws.jar;C:\Program Files\Java\jdk1.8.0_291\jre\lib\jce.jar;C:\Program Files\Java\jdk1.8.0_291\jre\lib\jfr.jar;C:\Program Files\Java\jdk1.8.0_291\jre\lib\jfxswt.jar;C:\Program Files\Java\jdk1.8.0_291\jre\lib\jsse.jar;C:\Program Files\Java\jdk1.8.0_291\jre\lib\management-agent.jar;C:\Program Files\Java\jdk1.8.0_291\jre\lib\plugin.jar;C:\Program Files\Java\jdk1.8.0_291\jre\lib\resources.jar;C:\Program Files\Java\jdk1.8.0_291\jre\lib\rt.jar;C:\Users\testinium\IdeaProjects\com.gauge\TEBMobileAutomation\target\test-classes;C:\Users\testinium\IdeaProjects\com.gauge\TEBMobileAutomation\target\classes;C:\Users\testinium\.m2\repository\junit\junit\4.12\junit-4.12.jar;C:\Users\testinium\.m2\repository\org\hamcrest\hamcrest-core\1.3\hamcrest-core-1.3.jar;C:\Users\testinium\.m2\repository\com\thoughtworks\gauge\gauge-java\0.7.15\gauge-java-0.7.15.jar;C:\Users\testinium\.m2\repository\org\assertj\assertj-core\3.19.0\assertj-core-3.19.0.jar;C:\Users\testinium\.m2\repository\org\reflections\reflections\0.9.9\reflections-0.9.9.jar;C:\Users\testinium\.m2\repository\org\javassist\javassist\3.18.2-GA\javassist-3.18.2-GA.jar;C:\Users\testinium\.m2\repository\com\google\code\findbugs\annotations\2.0.1\annotations-2.0.1.jar;C:\Users\testinium\.m2\repository\com\github\javaparser\javaparser-core\3.16.3\javaparser-core-3.16.3.jar;C:\Users\testinium\.m2\repository\commons-io\commons-io\2.8.0\commons-io-2.8.0.jar;C:\Users\testinium\.m2\repository\commons-lang\commons-lang\2.6\commons-lang-2.6.jar;C:\Users\testinium\.m2\repository\org\json\json\20210307\json-20210307.jar;C:\Users\testinium\.m2\repository\com\google\protobuf\protobuf-java\3.15.8\protobuf-java-3.15.8.jar;C:\Users\testinium\.m2\repository\com\google\guava\guava\30.1.1-jre\guava-30.1.1-jre.jar;C:\Users\testinium\.m2\repository\com\google\guava\failureaccess\1.0.1\failureaccess-1.0.1.jar;C:\Users\testinium\.m2\repository\com\google\guava\listenablefuture\9999.0-empty-to-avoid-conflict-with-guava\listenablefuture-9999.0-empty-to-avoid-conflict-with-guava.jar;C:\Users\testinium\.m2\repository\com\google\code\findbugs\jsr305\3.0.2\jsr305-3.0.2.jar;C:\Users\testinium\.m2\repository\org\checkerframework\checker-qual\3.8.0\checker-qual-3.8.0.jar;C:\Users\testinium\.m2\repository\com\google\errorprone\error_prone_annotations\2.5.1\error_prone_annotations-2.5.1.jar;C:\Users\testinium\.m2\repository\com\google\j2objc\j2objc-annotations\1.3\j2objc-annotations-1.3.jar;C:\Users\testinium\.m2\repository\io\grpc\grpc-netty-shaded\1.37.0\grpc-netty-shaded-1.37.0.jar;C:\Users\testinium\.m2\repository\io\grpc\grpc-core\1.37.0\grpc-core-1.37.0.jar;C:\Users\testinium\.m2\repository\com\google\android\annotations\4.1.1.4\annotations-4.1.1.4.jar;C:\Users\testinium\.m2\repository\io\perfmark\perfmark-api\0.23.0\perfmark-api-0.23.0.jar;C:\Users\testinium\.m2\repository\io\grpc\grpc-protobuf\1.37.0\grpc-protobuf-1.37.0.jar;C:\Users\testinium\.m2\repository\io\grpc\grpc-api\1.37.0\grpc-api-1.37.0.jar;C:\Users\testinium\.m2\repository\io\grpc\grpc-context\1.37.0\grpc-context-1.37.0.jar;C:\Users\testinium\.m2\repository\com\google\api\grpc\proto-google-common-protos\2.0.1\proto-google-common-protos-2.0.1.jar;C:\Users\testinium\.m2\repository\io\grpc\grpc-protobuf-lite\1.37.0\grpc-protobuf-lite-1.37.0.jar;C:\Users\testinium\.m2\repository\org\codehaus\mojo\animal-sniffer-annotations\1.19\animal-sniffer-annotations-1.19.jar;C:\Users\testinium\.m2\repository\io\grpc\grpc-stub\1.37.0\grpc-stub-1.37.0.jar;C:\Users\testinium\.m2\repository\javax\annotation\javax.annotation-api\1.3.2\javax.annotation-api-1.3.2.jar;C:\Users\testinium\.m2\repository\io\appium\java-client\7.3.0\java-client-7.3.0.jar;C:\Users\testinium\.m2\repository\org\seleniumhq\selenium\selenium-java\3.141.59\selenium-java-3.141.59.jar;C:\Users\testinium\.m2\repository\org\seleniumhq\selenium\selenium-chrome-driver\3.141.59\selenium-chrome-driver-3.141.59.jar;C:\Users\testinium\.m2\repository\org\seleniumhq\selenium\selenium-edge-driver\3.141.59\selenium-edge-driver-3.141.59.jar;C:\Users\testinium\.m2\repository\org\seleniumhq\selenium\selenium-firefox-driver\3.141.59\selenium-firefox-driver-3.141.59.jar;C:\Users\testinium\.m2\repository\org\seleniumhq\selenium\selenium-ie-driver\3.141.59\selenium-ie-driver-3.141.59.jar;C:\Users\testinium\.m2\repository\org\seleniumhq\selenium\selenium-opera-driver\3.141.59\selenium-opera-driver-3.141.59.jar;C:\Users\testinium\.m2\repository\org\seleniumhq\selenium\selenium-remote-driver\3.141.59\selenium-remote-driver-3.141.59.jar;C:\Users\testinium\.m2\repository\org\seleniumhq\selenium\selenium-safari-driver\3.141.59\selenium-safari-driver-3.141.59.jar;C:\Users\testinium\.m2\repository\net\bytebuddy\byte-buddy\1.8.15\byte-buddy-1.8.15.jar;C:\Users\testinium\.m2\repository\org\apache\commons\commons-exec\1.3\commons-exec-1.3.jar;C:\Users\testinium\.m2\repository\com\squareup\okhttp3\okhttp\3.11.0\okhttp-3.11.0.jar;C:\Users\testinium\.m2\repository\com\squareup\okio\okio\1.14.0\okio-1.14.0.jar;C:\Users\testinium\.m2\repository\org\seleniumhq\selenium\selenium-support\3.141.59\selenium-support-3.141.59.jar;C:\Users\testinium\.m2\repository\org\seleniumhq\selenium\selenium-api\3.141.59\selenium-api-3.141.59.jar;C:\Users\testinium\.m2\repository\com\google\code\gson\gson\2.8.5\gson-2.8.5.jar;C:\Users\testinium\.m2\repository\org\apache\httpcomponents\httpclient\4.5.9\httpclient-4.5.9.jar;C:\Users\testinium\.m2\repository\org\apache\httpcomponents\httpcore\4.4.11\httpcore-4.4.11.jar;C:\Users\testinium\.m2\repository\commons-logging\commons-logging\1.2\commons-logging-1.2.jar;C:\Users\testinium\.m2\repository\commons-codec\commons-codec\1.11\commons-codec-1.11.jar;C:\Users\testinium\.m2\repository\cglib\cglib\3.2.12\cglib-3.2.12.jar;C:\Users\testinium\.m2\repository\org\ow2\asm\asm\7.1\asm-7.1.jar;C:\Users\testinium\.m2\repository\commons-validator\commons-validator\1.6\commons-validator-1.6.jar;C:\Users\testinium\.m2\repository\commons-beanutils\commons-beanutils\1.9.2\commons-beanutils-1.9.2.jar;C:\Users\testinium\.m2\repository\commons-digester\commons-digester\1.8.1\commons-digester-1.8.1.jar;C:\Users\testinium\.m2\repository\commons-collections\commons-collections\3.2.2\commons-collections-3.2.2.jar;C:\Users\testinium\.m2\repository\org\apache\commons\commons-lang3\3.9\commons-lang3-3.9.jar;C:\Users\testinium\.m2\repository\org\springframework\spring-context\5.1.8.RELEASE\spring-context-5.1.8.RELEASE.jar;C:\Users\testinium\.m2\repository\org\springframework\spring-aop\5.1.8.RELEASE\spring-aop-5.1.8.RELEASE.jar;C:\Users\testinium\.m2\repository\org\springframework\spring-beans\5.1.8.RELEASE\spring-beans-5.1.8.RELEASE.jar;C:\Users\testinium\.m2\repository\org\springframework\spring-core\5.1.8.RELEASE\spring-core-5.1.8.RELEASE.jar;C:\Users\testinium\.m2\repository\org\springframework\spring-jcl\5.1.8.RELEASE\spring-jcl-5.1.8.RELEASE.jar;C:\Users\testinium\.m2\repository\org\springframework\spring-expression\5.1.8.RELEASE\spring-expression-5.1.8.RELEASE.jar;C:\Users\testinium\.m2\repository\org\aspectj\aspectjweaver\1.9.4\aspectjweaver-1.9.4.jar;C:\Users\testinium\.m2\repository\org\slf4j\slf4j-api\1.7.30\slf4j-api-1.7.30.jar;C:\Users\testinium\.m2\repository\org\slf4j\slf4j-log4j12\1.7.30\slf4j-log4j12-1.7.30.jar;C:\Users\testinium\.m2\repository\log4j\log4j\1.2.17\log4j-1.2.17.jar
01-07-2021 09:56:56.546 [java] [DEBUG] found java executable in C:\Program Files\Java\jdk1.8.0_291\jre\bin\java.exe
01-07-2021 09:56:56.546 [java] [DEBUG] running - C:\Program Files\Java\jdk1.8.0_291\jre\bin\java.exe [-Dfile.encoding=UTF-8 com.thoughtworks.gauge.GaugeRuntime --start]
01-07-2021 09:56:56.546 [java] [DEBUG] stdout/stderr is logged to logs\8188-java.exe.out
01-07-2021 09:56:56.779 [java] [DEBUG] multithreading is set to false
01-07-2021 09:56:57.117 [java] [DEBUG] Using reflection to scan dependencies for gauge implementations...
01-07-2021 09:56:57.618 [java] [DEBUG] gauge-java took 839milliseconds to load and scan. This should be less than 'runner_connection_timeout' config value.
01-07-2021 09:56:57.618 [java] [DEBUG] run 'gauge config runner_connection_timeout' and verify that it is < 839
01-07-2021 09:56:57.618 [java] [DEBUG] starting gRPC server...
01-07-2021 09:56:58.126 [java] [DEBUG] started gRPC server on port 58286
01-07-2021 09:56:58.126 [Gauge] [DEBUG] Attempting to connect to grpc server at port: 58286
01-07-2021 09:56:58.271 [Gauge] [DEBUG] Successfully made the connection with runner with port: 58286
01-07-2021 09:56:58.272 [Gauge] [DEBUG] Validation started.
01-07-2021 09:57:00.787 [java] [DEBUG] Scanning packages for steps
01-07-2021 09:57:00.851 [java] [DEBUG] Comparing 'com.trendyol.steps.StepImplementation.getButtonControl' and 'com.trendyol.steps.StepImplementation.getButtonControl'
01-07-2021 09:57:00.851 [java] [DEBUG] Found Sayfada {} alanı yoksa {} yazdır in current project scope.
01-07-2021 09:57:00.851 [java] [DEBUG] Comparing 'com.trendyol.steps.StepImplementation.Click' and 'com.trendyol.steps.StepImplementation.Click'
01-07-2021 09:57:00.851 [java] [DEBUG] Found {} butonuna tıkla in current project scope.
01-07-2021 09:57:00.851 [java] [DEBUG] Comparing 'com.trendyol.steps.StepImplementation.bekle' and 'com.trendyol.steps.StepImplementation.bekle'
01-07-2021 09:57:00.851 [java] [DEBUG] Found {} saniye bekle in current project scope.
01-07-2021 09:57:00.851 [java] [DEBUG] Comparing 'com.trendyol.steps.StepImplementation.textSendKeys' and 'com.trendyol.steps.StepImplementation.textSendKeys'
01-07-2021 09:57:00.851 [java] [DEBUG] Found {} alanına {} yaz in current project scope.
01-07-2021 09:57:00.851 [java] [DEBUG] Scanning packages for hooks
01-07-2021 09:57:00.864 [java] [DEBUG] Scanned steps (using static parsing + reflections): 
01-07-2021 09:57:00.864 [java] [DEBUG] 	Sayfada {} alanı yoksa {} yazdır : public void getButtonControl(String key, String msg)
01-07-2021 09:57:00.864 [java] [DEBUG] 	{} saniye bekle : public void bekle(ınt key) throws InterruptedException
01-07-2021 09:57:00.864 [java] [DEBUG] 	{} alanına {} yaz : public void textSendKeys(String key, String text)
01-07-2021 09:57:00.864 [java] [DEBUG] 	{} butonuna tıkla : public void Click(String key)
01-07-2021 09:57:03.355 [Gauge] [DEBUG] Validation completed.
01-07-2021 09:57:03.356 [Gauge] [DEBUG] Run started
01-07-2021 09:57:03.357 [Gauge] [DEBUG] Starting Html Report plugin
01-07-2021 09:57:04.229 [Gauge] [DEBUG] Attempting to connect to grpc server at port: 58291
01-07-2021 09:57:04.230 [Gauge] [DEBUG] Successfully made the connection with plugin with port: 58291
01-07-2021 09:57:04.231 [Gauge] [DEBUG] Initialising suite data store.
01-07-2021 09:57:11.017 [html-report] [DEBUG] Transformed SuiteResult to report structure
01-07-2021 09:57:11.900 [html-report] [INFO] Successfully generated html-report to => C:\Users\testinium\IdeaProjects\com.gauge\TEBMobileAutomation\reports\html-report\index.html
01-07-2021 09:57:11.900 [Gauge] [DEBUG] Sending kill message to Html Report plugin.
01-07-2021 09:57:11.900 [html-report] [DEBUG] Done generating HTML report using theme from C:\Users\testinium\AppData\Roaming\gauge\plugins\html-report\4.0.12\themes\default
01-07-2021 09:57:11.907 [java] [DEBUG] Killing Java runner...
01-07-2021 09:57:11.912 [java] [DEBUG] Stopping execution pool...
01-07-2021 09:57:11.914 [java] [DEBUG] Shutting down grpc server...
01-07-2021 09:57:12.287 [java] [DEBUG] Runner killed gracefully.
01-07-2021 09:57:13.152 [Gauge] [DEBUG] Runner with PID:8188 has exited
01-07-2021 09:57:13.152 [Gauge] [INFO] Specifications:	1 executed	0 passed	1 failed	0 skipped
01-07-2021 09:57:13.152 [Gauge] [INFO] Scenarios:	1 executed	0 passed	1 failed	0 skipped
01-07-2021 09:57:13.152 [Gauge] [INFO] 
Total time taken: 7.656s
01-07-2021 09:57:13.152 [Gauge] [INFO] Updates are available. Run `gauge update -c` for more info.
01-07-2021 10:53:55.310 [Gauge] [DEBUG] Created gauge_screenshots_dir at C:\Users\testinium\IdeaProjects\com.gauge\TEBMobileAutomation\.gauge\screenshots
01-07-2021 10:53:55.316 [Gauge] [DEBUG] Plugin java is already installed.
01-07-2021 10:53:55.318 [Gauge] [DEBUG] Plugin html-report is already installed.
01-07-2021 10:53:55.319 [Gauge] [DEBUG] Parsing started.
01-07-2021 10:53:55.319 [Gauge] [DEBUG] Started concepts parsing.
01-07-2021 10:53:55.342 [Gauge] [DEBUG] 9 concepts parsing completed.
01-07-2021 10:53:55.342 [Gauge] [DEBUG] Started specifications parsing.
01-07-2021 10:53:55.344 [Gauge] [DEBUG] 1 specifications parsing completed.
01-07-2021 10:53:55.344 [Gauge] [DEBUG] Parsing completed.
01-07-2021 10:53:55.789 [Gauge] [DEBUG] Checking updates...
01-07-2021 10:53:55.791 [Gauge] [DEBUG] Downloading https://downloads.gauge.org/plugin/html-report?l=java&p=html-report,java,screenshot,spectacle,xml-report&o=windows&a=amd64
01-07-2021 10:53:56.431 [java] [DEBUG] ***** Printing Properties/Env Values *****
01-07-2021 10:53:56.432 [java] [DEBUG] PATH: C:\Program Files (x86)\Common Files\Oracle\Java\javapath;C:\Windows\system32;C:\Windows;C:\Windows\System32\Wbem;C:\Windows\System32\WindowsPowerShell\v1.0\;C:\Windows\System32\OpenSSH\;C:\Program Files\nodejs\;C:\Program Files\Java\jdk1.8.0_291\bin;C:\apache-maven\apache-maven-3.8.1\bin;C:\Program Files\Gauge\bin;C:\WINDOWS\system32;C:\WINDOWS;C:\WINDOWS\System32\Wbem;C:\WINDOWS\System32\WindowsPowerShell\v1.0\;C:\WINDOWS\System32\OpenSSH\;C:\Program Files\Git\cmd;C:\Users\testinium\AppData\Local\Android\Sdk\platform-tools;C:\Users\testinium\AppData\Local\Android\Sdk\tools;C:\Users\testinium\AppData\Local\Android\Sdk\tools\bin;C:\Users\testinium\AppData\Local\Android\Sdk\build-tools;C:\Users\testinium\AppData\Local\Android\Sdk;C:\Users\testinium\AppData\Local\Microsoft\WindowsApps;C:\Users\testinium\AppData\Roaming\npm;;C:\Users\testinium\AppData\Roaming\gauge\plugins\screenshot\0.0.1
01-07-2021 10:53:56.432 [java] [DEBUG] JAVA_HOME: C:\Program Files\Java\jdk1.8.0_291
01-07-2021 10:53:56.432 [java] [DEBUG] gauge_project_root: C:\Users\testinium\IdeaProjects\com.gauge\TEBMobileAutomation
01-07-2021 10:53:56.432 [java] [DEBUG] gauge_parallel_streams_count: 
01-07-2021 10:53:56.432 [java] [DEBUG] gauge_reports_dir: reports
01-07-2021 10:53:56.432 [java] [DEBUG] overwrite_reports: true
01-07-2021 10:53:56.432 [java] [DEBUG] logs_directory: logs
01-07-2021 10:53:56.432 [java] [DEBUG] enable_multithreading: 
01-07-2021 10:53:56.432 [java] [DEBUG] gauge_specs_dir: specs
01-07-2021 10:53:56.432 [java] [DEBUG] csv_delimiter: ,
01-07-2021 10:53:56.432 [java] [DEBUG] gauge_java_home: 
01-07-2021 10:53:56.432 [java] [DEBUG] gauge_custom_build_path: 
01-07-2021 10:53:56.432 [java] [DEBUG] gauge_additional_libs: libs/*
01-07-2021 10:53:56.432 [java] [DEBUG] gauge_jvm_args: 
01-07-2021 10:53:56.432 [java] [DEBUG] gauge_custom_compile_dir: 
01-07-2021 10:53:56.432 [java] [DEBUG] gauge_clear_state_level: scenario
01-07-2021 10:53:56.432 [java] [DEBUG] ***** END *****
01-07-2021 10:53:56.480 [Gauge] [DEBUG] Downloading https://downloads.gauge.org/plugin/java?l=java&p=html-report,java,screenshot,spectacle,xml-report&o=windows&a=amd64
01-07-2021 10:53:56.669 [Gauge] [DEBUG] Downloading https://downloads.gauge.org/plugin/screenshot?l=java&p=html-report,java,screenshot,spectacle,xml-report&o=windows&a=amd64
01-07-2021 10:53:56.872 [Gauge] [DEBUG] Downloading https://downloads.gauge.org/plugin/spectacle?l=java&p=html-report,java,screenshot,spectacle,xml-report&o=windows&a=amd64
01-07-2021 10:53:57.074 [Gauge] [DEBUG] Downloading https://downloads.gauge.org/plugin/xml-report?l=java&p=html-report,java,screenshot,spectacle,xml-report&o=windows&a=amd64
01-07-2021 10:54:01.588 [java] [DEBUG] classpath set to C:\Program Files\Java\jdk1.8.0_291\jre\lib\charsets.jar;C:\Program Files\Java\jdk1.8.0_291\jre\lib\deploy.jar;C:\Program Files\Java\jdk1.8.0_291\jre\lib\ext\access-bridge-64.jar;C:\Program Files\Java\jdk1.8.0_291\jre\lib\ext\cldrdata.jar;C:\Program Files\Java\jdk1.8.0_291\jre\lib\ext\dnsns.jar;C:\Program Files\Java\jdk1.8.0_291\jre\lib\ext\jaccess.jar;C:\Program Files\Java\jdk1.8.0_291\jre\lib\ext\jfxrt.jar;C:\Program Files\Java\jdk1.8.0_291\jre\lib\ext\localedata.jar;C:\Program Files\Java\jdk1.8.0_291\jre\lib\ext\nashorn.jar;C:\Program Files\Java\jdk1.8.0_291\jre\lib\ext\sunec.jar;C:\Program Files\Java\jdk1.8.0_291\jre\lib\ext\sunjce_provider.jar;C:\Program Files\Java\jdk1.8.0_291\jre\lib\ext\sunmscapi.jar;C:\Program Files\Java\jdk1.8.0_291\jre\lib\ext\sunpkcs11.jar;C:\Program Files\Java\jdk1.8.0_291\jre\lib\ext\zipfs.jar;C:\Program Files\Java\jdk1.8.0_291\jre\lib\javaws.jar;C:\Program Files\Java\jdk1.8.0_291\jre\lib\jce.jar;C:\Program Files\Java\jdk1.8.0_291\jre\lib\jfr.jar;C:\Program Files\Java\jdk1.8.0_291\jre\lib\jfxswt.jar;C:\Program Files\Java\jdk1.8.0_291\jre\lib\jsse.jar;C:\Program Files\Java\jdk1.8.0_291\jre\lib\management-agent.jar;C:\Program Files\Java\jdk1.8.0_291\jre\lib\plugin.jar;C:\Program Files\Java\jdk1.8.0_291\jre\lib\resources.jar;C:\Program Files\Java\jdk1.8.0_291\jre\lib\rt.jar;C:\Users\testinium\IdeaProjects\com.gauge\TEBMobileAutomation\target\test-classes;C:\Users\testinium\IdeaProjects\com.gauge\TEBMobileAutomation\target\classes;C:\Users\testinium\.m2\repository\junit\junit\4.12\junit-4.12.jar;C:\Users\testinium\.m2\repository\org\hamcrest\hamcrest-core\1.3\hamcrest-core-1.3.jar;C:\Users\testinium\.m2\repository\com\thoughtworks\gauge\gauge-java\0.7.15\gauge-java-0.7.15.jar;C:\Users\testinium\.m2\repository\org\assertj\assertj-core\3.19.0\assertj-core-3.19.0.jar;C:\Users\testinium\.m2\repository\org\reflections\reflections\0.9.9\reflections-0.9.9.jar;C:\Users\testinium\.m2\repository\org\javassist\javassist\3.18.2-GA\javassist-3.18.2-GA.jar;C:\Users\testinium\.m2\repository\com\google\code\findbugs\annotations\2.0.1\annotations-2.0.1.jar;C:\Users\testinium\.m2\repository\com\github\javaparser\javaparser-core\3.16.3\javaparser-core-3.16.3.jar;C:\Users\testinium\.m2\repository\commons-io\commons-io\2.8.0\commons-io-2.8.0.jar;C:\Users\testinium\.m2\repository\commons-lang\commons-lang\2.6\commons-lang-2.6.jar;C:\Users\testinium\.m2\repository\org\json\json\20210307\json-20210307.jar;C:\Users\testinium\.m2\repository\com\google\protobuf\protobuf-java\3.15.8\protobuf-java-3.15.8.jar;C:\Users\testinium\.m2\repository\com\google\guava\guava\30.1.1-jre\guava-30.1.1-jre.jar;C:\Users\testinium\.m2\repository\com\google\guava\failureaccess\1.0.1\failureaccess-1.0.1.jar;C:\Users\testinium\.m2\repository\com\google\guava\listenablefuture\9999.0-empty-to-avoid-conflict-with-guava\listenablefuture-9999.0-empty-to-avoid-conflict-with-guava.jar;C:\Users\testinium\.m2\repository\com\google\code\findbugs\jsr305\3.0.2\jsr305-3.0.2.jar;C:\Users\testinium\.m2\repository\org\checkerframework\checker-qual\3.8.0\checker-qual-3.8.0.jar;C:\Users\testinium\.m2\repository\com\google\errorprone\error_prone_annotations\2.5.1\error_prone_annotations-2.5.1.jar;C:\Users\testinium\.m2\repository\com\google\j2objc\j2objc-annotations\1.3\j2objc-annotations-1.3.jar;C:\Users\testinium\.m2\repository\io\grpc\grpc-netty-shaded\1.37.0\grpc-netty-shaded-1.37.0.jar;C:\Users\testinium\.m2\repository\io\grpc\grpc-core\1.37.0\grpc-core-1.37.0.jar;C:\Users\testinium\.m2\repository\com\google\android\annotations\4.1.1.4\annotations-4.1.1.4.jar;C:\Users\testinium\.m2\repository\io\perfmark\perfmark-api\0.23.0\perfmark-api-0.23.0.jar;C:\Users\testinium\.m2\repository\io\grpc\grpc-protobuf\1.37.0\grpc-protobuf-1.37.0.jar;C:\Users\testinium\.m2\repository\io\grpc\grpc-api\1.37.0\grpc-api-1.37.0.jar;C:\Users\testinium\.m2\repository\io\grpc\grpc-context\1.37.0\grpc-context-1.37.0.jar;C:\Users\testinium\.m2\repository\com\google\api\grpc\proto-google-common-protos\2.0.1\proto-google-common-protos-2.0.1.jar;C:\Users\testinium\.m2\repository\io\grpc\grpc-protobuf-lite\1.37.0\grpc-protobuf-lite-1.37.0.jar;C:\Users\testinium\.m2\repository\org\codehaus\mojo\animal-sniffer-annotations\1.19\animal-sniffer-annotations-1.19.jar;C:\Users\testinium\.m2\repository\io\grpc\grpc-stub\1.37.0\grpc-stub-1.37.0.jar;C:\Users\testinium\.m2\repository\javax\annotation\javax.annotation-api\1.3.2\javax.annotation-api-1.3.2.jar;C:\Users\testinium\.m2\repository\io\appium\java-client\7.3.0\java-client-7.3.0.jar;C:\Users\testinium\.m2\repository\org\seleniumhq\selenium\selenium-java\3.141.59\selenium-java-3.141.59.jar;C:\Users\testinium\.m2\repository\org\seleniumhq\selenium\selenium-chrome-driver\3.141.59\selenium-chrome-driver-3.141.59.jar;C:\Users\testinium\.m2\repository\org\seleniumhq\selenium\selenium-edge-driver\3.141.59\selenium-edge-driver-3.141.59.jar;C:\Users\testinium\.m2\repository\org\seleniumhq\selenium\selenium-firefox-driver\3.141.59\selenium-firefox-driver-3.141.59.jar;C:\Users\testinium\.m2\repository\org\seleniumhq\selenium\selenium-ie-driver\3.141.59\selenium-ie-driver-3.141.59.jar;C:\Users\testinium\.m2\repository\org\seleniumhq\selenium\selenium-opera-driver\3.141.59\selenium-opera-driver-3.141.59.jar;C:\Users\testinium\.m2\repository\org\seleniumhq\selenium\selenium-remote-driver\3.141.59\selenium-remote-driver-3.141.59.jar;C:\Users\testinium\.m2\repository\org\seleniumhq\selenium\selenium-safari-driver\3.141.59\selenium-safari-driver-3.141.59.jar;C:\Users\testinium\.m2\repository\net\bytebuddy\byte-buddy\1.8.15\byte-buddy-1.8.15.jar;C:\Users\testinium\.m2\repository\org\apache\commons\commons-exec\1.3\commons-exec-1.3.jar;C:\Users\testinium\.m2\repository\com\squareup\okhttp3\okhttp\3.11.0\okhttp-3.11.0.jar;C:\Users\testinium\.m2\repository\com\squareup\okio\okio\1.14.0\okio-1.14.0.jar;C:\Users\testinium\.m2\repository\org\seleniumhq\selenium\selenium-support\3.141.59\selenium-support-3.141.59.jar;C:\Users\testinium\.m2\repository\org\seleniumhq\selenium\selenium-api\3.141.59\selenium-api-3.141.59.jar;C:\Users\testinium\.m2\repository\com\google\code\gson\gson\2.8.5\gson-2.8.5.jar;C:\Users\testinium\.m2\repository\org\apache\httpcomponents\httpclient\4.5.9\httpclient-4.5.9.jar;C:\Users\testinium\.m2\repository\org\apache\httpcomponents\httpcore\4.4.11\httpcore-4.4.11.jar;C:\Users\testinium\.m2\repository\commons-logging\commons-logging\1.2\commons-logging-1.2.jar;C:\Users\testinium\.m2\repository\commons-codec\commons-codec\1.11\commons-codec-1.11.jar;C:\Users\testinium\.m2\repository\cglib\cglib\3.2.12\cglib-3.2.12.jar;C:\Users\testinium\.m2\repository\org\ow2\asm\asm\7.1\asm-7.1.jar;C:\Users\testinium\.m2\repository\commons-validator\commons-validator\1.6\commons-validator-1.6.jar;C:\Users\testinium\.m2\repository\commons-beanutils\commons-beanutils\1.9.2\commons-beanutils-1.9.2.jar;C:\Users\testinium\.m2\repository\commons-digester\commons-digester\1.8.1\commons-digester-1.8.1.jar;C:\Users\testinium\.m2\repository\commons-collections\commons-collections\3.2.2\commons-collections-3.2.2.jar;C:\Users\testinium\.m2\repository\org\apache\commons\commons-lang3\3.9\commons-lang3-3.9.jar;C:\Users\testinium\.m2\repository\org\springframework\spring-context\5.1.8.RELEASE\spring-context-5.1.8.RELEASE.jar;C:\Users\testinium\.m2\repository\org\springframework\spring-aop\5.1.8.RELEASE\spring-aop-5.1.8.RELEASE.jar;C:\Users\testinium\.m2\repository\org\springframework\spring-beans\5.1.8.RELEASE\spring-beans-5.1.8.RELEASE.jar;C:\Users\testinium\.m2\repository\org\springframework\spring-core\5.1.8.RELEASE\spring-core-5.1.8.RELEASE.jar;C:\Users\testinium\.m2\repository\org\springframework\spring-jcl\5.1.8.RELEASE\spring-jcl-5.1.8.RELEASE.jar;C:\Users\testinium\.m2\repository\org\springframework\spring-expression\5.1.8.RELEASE\spring-expression-5.1.8.RELEASE.jar;C:\Users\testinium\.m2\repository\org\aspectj\aspectjweaver\1.9.4\aspectjweaver-1.9.4.jar;C:\Users\testinium\.m2\repository\org\slf4j\slf4j-api\1.7.30\slf4j-api-1.7.30.jar;C:\Users\testinium\.m2\repository\org\slf4j\slf4j-log4j12\1.7.30\slf4j-log4j12-1.7.30.jar;C:\Users\testinium\.m2\repository\log4j\log4j\1.2.17\log4j-1.2.17.jar
01-07-2021 10:54:01.798 [java] [DEBUG] found java executable in C:\Program Files\Java\jdk1.8.0_291\jre\bin\java.exe
01-07-2021 10:54:01.799 [java] [DEBUG] running - C:\Program Files\Java\jdk1.8.0_291\jre\bin\java.exe [-Dfile.encoding=UTF-8 com.thoughtworks.gauge.GaugeRuntime --start]
01-07-2021 10:54:01.799 [java] [DEBUG] stdout/stderr is logged to logs\8188-java.exe.out
01-07-2021 10:54:02.137 [java] [DEBUG] multithreading is set to false
01-07-2021 10:54:02.704 [java] [DEBUG] Using reflection to scan dependencies for gauge implementations...
01-07-2021 10:54:03.422 [java] [DEBUG] gauge-java took 1284milliseconds to load and scan. This should be less than 'runner_connection_timeout' config value.
01-07-2021 10:54:03.422 [java] [DEBUG] run 'gauge config runner_connection_timeout' and verify that it is < 1284
01-07-2021 10:54:03.422 [java] [DEBUG] starting gRPC server...
01-07-2021 10:54:03.774 [java] [DEBUG] started gRPC server on port 50276
01-07-2021 10:54:03.776 [Gauge] [DEBUG] Attempting to connect to grpc server at port: 50276
01-07-2021 10:54:03.915 [Gauge] [DEBUG] Successfully made the connection with runner with port: 50276
01-07-2021 10:54:03.915 [Gauge] [DEBUG] Validation started.
01-07-2021 10:54:06.475 [java] [DEBUG] Scanning packages for steps
01-07-2021 10:54:06.515 [java] [DEBUG] Comparing 'com.trendyol.steps.StepImplementation.getButtonControl' and 'com.trendyol.steps.StepImplementation.getButtonControl'
01-07-2021 10:54:06.515 [java] [DEBUG] Found Sayfada {} alanı yoksa {} yazdır in current project scope.
01-07-2021 10:54:06.515 [java] [DEBUG] Comparing 'com.trendyol.steps.StepImplementation.Click' and 'com.trendyol.steps.StepImplementation.Click'
01-07-2021 10:54:06.515 [java] [DEBUG] Found {} butonuna tıkla in current project scope.
01-07-2021 10:54:06.515 [java] [DEBUG] Comparing 'com.trendyol.steps.StepImplementation.bekle' and 'com.trendyol.steps.StepImplementation.bekle'
01-07-2021 10:54:06.515 [java] [DEBUG] Found {} saniye bekle in current project scope.
01-07-2021 10:54:06.516 [java] [DEBUG] Comparing 'com.trendyol.steps.StepImplementation.textSendKeys' and 'com.trendyol.steps.StepImplementation.textSendKeys'
01-07-2021 10:54:06.516 [java] [DEBUG] Found {} alanına {} yaz in current project scope.
01-07-2021 10:54:06.516 [java] [DEBUG] Scanning packages for hooks
01-07-2021 10:54:06.521 [java] [DEBUG] Scanned steps (using static parsing + reflections): 
01-07-2021 10:54:06.522 [java] [DEBUG] 	Sayfada {} alanı yoksa {} yazdır : public void getButtonControl(String key, String msg)
01-07-2021 10:54:06.522 [java] [DEBUG] 	{} saniye bekle : public void bekle(ınt key) throws InterruptedException
01-07-2021 10:54:06.522 [java] [DEBUG] 	{} alanına {} yaz : public void textSendKeys(String key, String text)
01-07-2021 10:54:06.522 [java] [DEBUG] 	{} butonuna tıkla : public void Click(String key)
01-07-2021 10:54:11.957 [Gauge] [DEBUG] Validation completed.
01-07-2021 10:54:11.963 [Gauge] [DEBUG] Run started
01-07-2021 10:54:11.967 [Gauge] [DEBUG] Starting Html Report plugin
01-07-2021 10:54:13.554 [Gauge] [DEBUG] Attempting to connect to grpc server at port: 50281
01-07-2021 10:54:13.558 [Gauge] [DEBUG] Successfully made the connection with plugin with port: 50281
01-07-2021 10:54:13.558 [Gauge] [DEBUG] Initialising suite data store.
01-07-2021 10:54:27.260 [html-report] [DEBUG] Transformed SuiteResult to report structure
01-07-2021 10:54:27.399 [html-report] [INFO] Successfully generated html-report to => C:\Users\testinium\IdeaProjects\com.gauge\TEBMobileAutomation\reports\html-report\index.html
01-07-2021 10:54:27.399 [html-report] [DEBUG] Done generating HTML report using theme from C:\Users\testinium\AppData\Roaming\gauge\plugins\html-report\4.0.12\themes\default
01-07-2021 10:54:27.399 [Gauge] [DEBUG] Sending kill message to Html Report plugin.
01-07-2021 10:54:27.411 [java] [DEBUG] Killing Java runner...
01-07-2021 10:54:27.422 [java] [DEBUG] Stopping execution pool...
01-07-2021 10:54:27.423 [java] [DEBUG] Shutting down grpc server...
01-07-2021 10:54:27.488 [java] [DEBUG] Runner killed gracefully.
01-07-2021 10:54:28.481 [Gauge] [DEBUG] Runner with PID:8188 has exited
01-07-2021 10:54:28.482 [Gauge] [INFO] Specifications:	1 executed	0 passed	1 failed	0 skipped
01-07-2021 10:54:28.482 [Gauge] [INFO] Scenarios:	1 executed	0 passed	1 failed	0 skipped
01-07-2021 10:54:28.483 [Gauge] [INFO] 
Total time taken: 15.284s
01-07-2021 10:54:28.486 [Gauge] [INFO] Updates are available. Run `gauge update -c` for more info.
01-07-2021 10:58:53.154 [Gauge] [DEBUG] Created gauge_screenshots_dir at C:\Users\testinium\IdeaProjects\com.gauge\TEBMobileAutomation\.gauge\screenshots
01-07-2021 10:58:53.159 [Gauge] [DEBUG] Plugin java is already installed.
01-07-2021 10:58:53.160 [Gauge] [DEBUG] Plugin html-report is already installed.
01-07-2021 10:58:53.161 [Gauge] [DEBUG] Parsing started.
01-07-2021 10:58:53.161 [Gauge] [DEBUG] Started concepts parsing.
01-07-2021 10:58:53.179 [Gauge] [DEBUG] 9 concepts parsing completed.
01-07-2021 10:58:53.179 [Gauge] [DEBUG] Started specifications parsing.
01-07-2021 10:58:53.181 [Gauge] [DEBUG] 1 specifications parsing completed.
01-07-2021 10:58:53.181 [Gauge] [DEBUG] Parsing completed.
01-07-2021 10:58:53.204 [java] [DEBUG] ***** Printing Properties/Env Values *****
01-07-2021 10:58:53.204 [java] [DEBUG] PATH: C:\Program Files (x86)\Common Files\Oracle\Java\javapath;C:\Windows\system32;C:\Windows;C:\Windows\System32\Wbem;C:\Windows\System32\WindowsPowerShell\v1.0\;C:\Windows\System32\OpenSSH\;C:\Program Files\nodejs\;C:\Program Files\Java\jdk1.8.0_291\bin;C:\apache-maven\apache-maven-3.8.1\bin;C:\Program Files\Gauge\bin;C:\WINDOWS\system32;C:\WINDOWS;C:\WINDOWS\System32\Wbem;C:\WINDOWS\System32\WindowsPowerShell\v1.0\;C:\WINDOWS\System32\OpenSSH\;C:\Program Files\Git\cmd;C:\Users\testinium\AppData\Local\Android\Sdk\platform-tools;C:\Users\testinium\AppData\Local\Android\Sdk\tools;C:\Users\testinium\AppData\Local\Android\Sdk\tools\bin;C:\Users\testinium\AppData\Local\Android\Sdk\build-tools;C:\Users\testinium\AppData\Local\Android\Sdk;C:\Users\testinium\AppData\Local\Microsoft\WindowsApps;C:\Users\testinium\AppData\Roaming\npm;;C:\Users\testinium\AppData\Roaming\gauge\plugins\screenshot\0.0.1
01-07-2021 10:58:53.204 [java] [DEBUG] JAVA_HOME: C:\Program Files\Java\jdk1.8.0_291
01-07-2021 10:58:53.204 [java] [DEBUG] gauge_project_root: C:\Users\testinium\IdeaProjects\com.gauge\TEBMobileAutomation
01-07-2021 10:58:53.204 [java] [DEBUG] gauge_parallel_streams_count: 
01-07-2021 10:58:53.204 [java] [DEBUG] gauge_reports_dir: reports
01-07-2021 10:58:53.204 [java] [DEBUG] overwrite_reports: true
01-07-2021 10:58:53.204 [java] [DEBUG] logs_directory: logs
01-07-2021 10:58:53.204 [java] [DEBUG] enable_multithreading: 
01-07-2021 10:58:53.204 [java] [DEBUG] gauge_specs_dir: specs
01-07-2021 10:58:53.204 [java] [DEBUG] csv_delimiter: ,
01-07-2021 10:58:53.204 [java] [DEBUG] gauge_java_home: 
01-07-2021 10:58:53.204 [java] [DEBUG] gauge_custom_build_path: 
01-07-2021 10:58:53.204 [java] [DEBUG] gauge_additional_libs: libs/*
01-07-2021 10:58:53.204 [java] [DEBUG] gauge_jvm_args: 
01-07-2021 10:58:53.204 [java] [DEBUG] gauge_custom_compile_dir: 
01-07-2021 10:58:53.204 [java] [DEBUG] gauge_clear_state_level: scenario
01-07-2021 10:58:53.204 [java] [DEBUG] ***** END *****
01-07-2021 10:58:53.521 [Gauge] [DEBUG] Checking updates...
01-07-2021 10:58:53.524 [Gauge] [DEBUG] Downloading https://downloads.gauge.org/plugin/html-report?l=java&p=html-report,java,screenshot,spectacle,xml-report&o=windows&a=amd64
01-07-2021 10:58:54.047 [Gauge] [DEBUG] Downloading https://downloads.gauge.org/plugin/java?l=java&p=html-report,java,screenshot,spectacle,xml-report&o=windows&a=amd64
01-07-2021 10:58:54.233 [Gauge] [DEBUG] Downloading https://downloads.gauge.org/plugin/screenshot?l=java&p=html-report,java,screenshot,spectacle,xml-report&o=windows&a=amd64
01-07-2021 10:58:54.417 [Gauge] [DEBUG] Downloading https://downloads.gauge.org/plugin/spectacle?l=java&p=html-report,java,screenshot,spectacle,xml-report&o=windows&a=amd64
01-07-2021 10:58:54.621 [Gauge] [DEBUG] Downloading https://downloads.gauge.org/plugin/xml-report?l=java&p=html-report,java,screenshot,spectacle,xml-report&o=windows&a=amd64
01-07-2021 10:58:56.541 [java] [DEBUG] classpath set to C:\Program Files\Java\jdk1.8.0_291\jre\lib\charsets.jar;C:\Program Files\Java\jdk1.8.0_291\jre\lib\deploy.jar;C:\Program Files\Java\jdk1.8.0_291\jre\lib\ext\access-bridge-64.jar;C:\Program Files\Java\jdk1.8.0_291\jre\lib\ext\cldrdata.jar;C:\Program Files\Java\jdk1.8.0_291\jre\lib\ext\dnsns.jar;C:\Program Files\Java\jdk1.8.0_291\jre\lib\ext\jaccess.jar;C:\Program Files\Java\jdk1.8.0_291\jre\lib\ext\jfxrt.jar;C:\Program Files\Java\jdk1.8.0_291\jre\lib\ext\localedata.jar;C:\Program Files\Java\jdk1.8.0_291\jre\lib\ext\nashorn.jar;C:\Program Files\Java\jdk1.8.0_291\jre\lib\ext\sunec.jar;C:\Program Files\Java\jdk1.8.0_291\jre\lib\ext\sunjce_provider.jar;C:\Program Files\Java\jdk1.8.0_291\jre\lib\ext\sunmscapi.jar;C:\Program Files\Java\jdk1.8.0_291\jre\lib\ext\sunpkcs11.jar;C:\Program Files\Java\jdk1.8.0_291\jre\lib\ext\zipfs.jar;C:\Program Files\Java\jdk1.8.0_291\jre\lib\javaws.jar;C:\Program Files\Java\jdk1.8.0_291\jre\lib\jce.jar;C:\Program Files\Java\jdk1.8.0_291\jre\lib\jfr.jar;C:\Program Files\Java\jdk1.8.0_291\jre\lib\jfxswt.jar;C:\Program Files\Java\jdk1.8.0_291\jre\lib\jsse.jar;C:\Program Files\Java\jdk1.8.0_291\jre\lib\management-agent.jar;C:\Program Files\Java\jdk1.8.0_291\jre\lib\plugin.jar;C:\Program Files\Java\jdk1.8.0_291\jre\lib\resources.jar;C:\Program Files\Java\jdk1.8.0_291\jre\lib\rt.jar;C:\Users\testinium\IdeaProjects\com.gauge\TEBMobileAutomation\target\test-classes;C:\Users\testinium\IdeaProjects\com.gauge\TEBMobileAutomation\target\classes;C:\Users\testinium\.m2\repository\junit\junit\4.12\junit-4.12.jar;C:\Users\testinium\.m2\repository\org\hamcrest\hamcrest-core\1.3\hamcrest-core-1.3.jar;C:\Users\testinium\.m2\repository\com\thoughtworks\gauge\gauge-java\0.7.15\gauge-java-0.7.15.jar;C:\Users\testinium\.m2\repository\org\assertj\assertj-core\3.19.0\assertj-core-3.19.0.jar;C:\Users\testinium\.m2\repository\org\reflections\reflections\0.9.9\reflections-0.9.9.jar;C:\Users\testinium\.m2\repository\org\javassist\javassist\3.18.2-GA\javassist-3.18.2-GA.jar;C:\Users\testinium\.m2\repository\com\google\code\findbugs\annotations\2.0.1\annotations-2.0.1.jar;C:\Users\testinium\.m2\repository\com\github\javaparser\javaparser-core\3.16.3\javaparser-core-3.16.3.jar;C:\Users\testinium\.m2\repository\commons-io\commons-io\2.8.0\commons-io-2.8.0.jar;C:\Users\testinium\.m2\repository\commons-lang\commons-lang\2.6\commons-lang-2.6.jar;C:\Users\testinium\.m2\repository\org\json\json\20210307\json-20210307.jar;C:\Users\testinium\.m2\repository\com\google\protobuf\protobuf-java\3.15.8\protobuf-java-3.15.8.jar;C:\Users\testinium\.m2\repository\com\google\guava\guava\30.1.1-jre\guava-30.1.1-jre.jar;C:\Users\testinium\.m2\repository\com\google\guava\failureaccess\1.0.1\failureaccess-1.0.1.jar;C:\Users\testinium\.m2\repository\com\google\guava\listenablefuture\9999.0-empty-to-avoid-conflict-with-guava\listenablefuture-9999.0-empty-to-avoid-conflict-with-guava.jar;C:\Users\testinium\.m2\repository\com\google\code\findbugs\jsr305\3.0.2\jsr305-3.0.2.jar;C:\Users\testinium\.m2\repository\org\checkerframework\checker-qual\3.8.0\checker-qual-3.8.0.jar;C:\Users\testinium\.m2\repository\com\google\errorprone\error_prone_annotations\2.5.1\error_prone_annotations-2.5.1.jar;C:\Users\testinium\.m2\repository\com\google\j2objc\j2objc-annotations\1.3\j2objc-annotations-1.3.jar;C:\Users\testinium\.m2\repository\io\grpc\grpc-netty-shaded\1.37.0\grpc-netty-shaded-1.37.0.jar;C:\Users\testinium\.m2\repository\io\grpc\grpc-core\1.37.0\grpc-core-1.37.0.jar;C:\Users\testinium\.m2\repository\com\google\android\annotations\4.1.1.4\annotations-4.1.1.4.jar;C:\Users\testinium\.m2\repository\io\perfmark\perfmark-api\0.23.0\perfmark-api-0.23.0.jar;C:\Users\testinium\.m2\repository\io\grpc\grpc-protobuf\1.37.0\grpc-protobuf-1.37.0.jar;C:\Users\testinium\.m2\repository\io\grpc\grpc-api\1.37.0\grpc-api-1.37.0.jar;C:\Users\testinium\.m2\repository\io\grpc\grpc-context\1.37.0\grpc-context-1.37.0.jar;C:\Users\testinium\.m2\repository\com\google\api\grpc\proto-google-common-protos\2.0.1\proto-google-common-protos-2.0.1.jar;C:\Users\testinium\.m2\repository\io\grpc\grpc-protobuf-lite\1.37.0\grpc-protobuf-lite-1.37.0.jar;C:\Users\testinium\.m2\repository\org\codehaus\mojo\animal-sniffer-annotations\1.19\animal-sniffer-annotations-1.19.jar;C:\Users\testinium\.m2\repository\io\grpc\grpc-stub\1.37.0\grpc-stub-1.37.0.jar;C:\Users\testinium\.m2\repository\javax\annotation\javax.annotation-api\1.3.2\javax.annotation-api-1.3.2.jar;C:\Users\testinium\.m2\repository\io\appium\java-client\7.3.0\java-client-7.3.0.jar;C:\Users\testinium\.m2\repository\org\seleniumhq\selenium\selenium-java\3.141.59\selenium-java-3.141.59.jar;C:\Users\testinium\.m2\repository\org\seleniumhq\selenium\selenium-chrome-driver\3.141.59\selenium-chrome-driver-3.141.59.jar;C:\Users\testinium\.m2\repository\org\seleniumhq\selenium\selenium-edge-driver\3.141.59\selenium-edge-driver-3.141.59.jar;C:\Users\testinium\.m2\repository\org\seleniumhq\selenium\selenium-firefox-driver\3.141.59\selenium-firefox-driver-3.141.59.jar;C:\Users\testinium\.m2\repository\org\seleniumhq\selenium\selenium-ie-driver\3.141.59\selenium-ie-driver-3.141.59.jar;C:\Users\testinium\.m2\repository\org\seleniumhq\selenium\selenium-opera-driver\3.141.59\selenium-opera-driver-3.141.59.jar;C:\Users\testinium\.m2\repository\org\seleniumhq\selenium\selenium-remote-driver\3.141.59\selenium-remote-driver-3.141.59.jar;C:\Users\testinium\.m2\repository\org\seleniumhq\selenium\selenium-safari-driver\3.141.59\selenium-safari-driver-3.141.59.jar;C:\Users\testinium\.m2\repository\net\bytebuddy\byte-buddy\1.8.15\byte-buddy-1.8.15.jar;C:\Users\testinium\.m2\repository\org\apache\commons\commons-exec\1.3\commons-exec-1.3.jar;C:\Users\testinium\.m2\repository\com\squareup\okhttp3\okhttp\3.11.0\okhttp-3.11.0.jar;C:\Users\testinium\.m2\repository\com\squareup\okio\okio\1.14.0\okio-1.14.0.jar;C:\Users\testinium\.m2\repository\org\seleniumhq\selenium\selenium-support\3.141.59\selenium-support-3.141.59.jar;C:\Users\testinium\.m2\repository\org\seleniumhq\selenium\selenium-api\3.141.59\selenium-api-3.141.59.jar;C:\Users\testinium\.m2\repository\com\google\code\gson\gson\2.8.5\gson-2.8.5.jar;C:\Users\testinium\.m2\repository\org\apache\httpcomponents\httpclient\4.5.9\httpclient-4.5.9.jar;C:\Users\testinium\.m2\repository\org\apache\httpcomponents\httpcore\4.4.11\httpcore-4.4.11.jar;C:\Users\testinium\.m2\repository\commons-logging\commons-logging\1.2\commons-logging-1.2.jar;C:\Users\testinium\.m2\repository\commons-codec\commons-codec\1.11\commons-codec-1.11.jar;C:\Users\testinium\.m2\repository\cglib\cglib\3.2.12\cglib-3.2.12.jar;C:\Users\testinium\.m2\repository\org\ow2\asm\asm\7.1\asm-7.1.jar;C:\Users\testinium\.m2\repository\commons-validator\commons-validator\1.6\commons-validator-1.6.jar;C:\Users\testinium\.m2\repository\commons-beanutils\commons-beanutils\1.9.2\commons-beanutils-1.9.2.jar;C:\Users\testinium\.m2\repository\commons-digester\commons-digester\1.8.1\commons-digester-1.8.1.jar;C:\Users\testinium\.m2\repository\commons-collections\commons-collections\3.2.2\commons-collections-3.2.2.jar;C:\Users\testinium\.m2\repository\org\apache\commons\commons-lang3\3.9\commons-lang3-3.9.jar;C:\Users\testinium\.m2\repository\org\springframework\spring-context\5.1.8.RELEASE\spring-context-5.1.8.RELEASE.jar;C:\Users\testinium\.m2\repository\org\springframework\spring-aop\5.1.8.RELEASE\spring-aop-5.1.8.RELEASE.jar;C:\Users\testinium\.m2\repository\org\springframework\spring-beans\5.1.8.RELEASE\spring-beans-5.1.8.RELEASE.jar;C:\Users\testinium\.m2\repository\org\springframework\spring-core\5.1.8.RELEASE\spring-core-5.1.8.RELEASE.jar;C:\Users\testinium\.m2\repository\org\springframework\spring-jcl\5.1.8.RELEASE\spring-jcl-5.1.8.RELEASE.jar;C:\Users\testinium\.m2\repository\org\springframework\spring-expression\5.1.8.RELEASE\spring-expression-5.1.8.RELEASE.jar;C:\Users\testinium\.m2\repository\org\aspectj\aspectjweaver\1.9.4\aspectjweaver-1.9.4.jar;C:\Users\testinium\.m2\repository\org\slf4j\slf4j-api\1.7.30\slf4j-api-1.7.30.jar;C:\Users\testinium\.m2\repository\org\slf4j\slf4j-log4j12\1.7.30\slf4j-log4j12-1.7.30.jar;C:\Users\testinium\.m2\repository\log4j\log4j\1.2.17\log4j-1.2.17.jar
01-07-2021 10:58:56.661 [java] [DEBUG] found java executable in C:\Program Files\Java\jdk1.8.0_291\jre\bin\java.exe
01-07-2021 10:58:56.662 [java] [DEBUG] running - C:\Program Files\Java\jdk1.8.0_291\jre\bin\java.exe [-Dfile.encoding=UTF-8 com.thoughtworks.gauge.GaugeRuntime --start]
01-07-2021 10:58:56.662 [java] [DEBUG] stdout/stderr is logged to logs\15164-java.exe.out
01-07-2021 10:58:56.850 [java] [DEBUG] multithreading is set to false
01-07-2021 10:58:57.146 [java] [DEBUG] Using reflection to scan dependencies for gauge implementations...
01-07-2021 10:58:57.607 [java] [DEBUG] gauge-java took 756milliseconds to load and scan. This should be less than 'runner_connection_timeout' config value.
01-07-2021 10:58:57.607 [java] [DEBUG] run 'gauge config runner_connection_timeout' and verify that it is < 756
01-07-2021 10:58:57.607 [java] [DEBUG] starting gRPC server...
01-07-2021 10:58:57.993 [java] [DEBUG] started gRPC server on port 64797
01-07-2021 10:58:57.993 [Gauge] [DEBUG] Attempting to connect to grpc server at port: 64797
01-07-2021 10:58:58.176 [Gauge] [DEBUG] Successfully made the connection with runner with port: 64797
01-07-2021 10:58:58.176 [Gauge] [DEBUG] Validation started.
01-07-2021 10:59:00.552 [java] [DEBUG] Scanning packages for steps
01-07-2021 10:59:00.710 [java] [DEBUG] Comparing 'com.trendyol.steps.StepImplementation.getButtonControl' and 'com.trendyol.steps.StepImplementation.getButtonControl'
01-07-2021 10:59:00.710 [java] [DEBUG] Found Sayfada {} alanı yoksa {} yazdır in current project scope.
01-07-2021 10:59:00.710 [java] [DEBUG] Comparing 'com.trendyol.steps.StepImplementation.Click' and 'com.trendyol.steps.StepImplementation.Click'
01-07-2021 10:59:00.710 [java] [DEBUG] Found {} butonuna tıkla in current project scope.
01-07-2021 10:59:00.710 [java] [DEBUG] Comparing 'com.trendyol.steps.StepImplementation.bekle' and 'com.trendyol.steps.StepImplementation.bekle'
01-07-2021 10:59:00.710 [java] [DEBUG] Found {} saniye bekle in current project scope.
01-07-2021 10:59:00.710 [java] [DEBUG] Comparing 'com.trendyol.steps.StepImplementation.textSendKeys' and 'com.trendyol.steps.StepImplementation.textSendKeys'
01-07-2021 10:59:00.710 [java] [DEBUG] Found {} alanına {} yaz in current project scope.
01-07-2021 10:59:00.710 [java] [DEBUG] Scanning packages for hooks
01-07-2021 10:59:00.717 [java] [DEBUG] Scanned steps (using static parsing + reflections): 
01-07-2021 10:59:00.718 [java] [DEBUG] 	Sayfada {} alanı yoksa {} yazdır : public void getButtonControl(String key, String msg)
01-07-2021 10:59:00.718 [java] [DEBUG] 	{} saniye bekle : public void bekle(ınt key) throws InterruptedException
01-07-2021 10:59:00.718 [java] [DEBUG] 	{} alanına {} yaz : public void textSendKeys(String key, String text)
01-07-2021 10:59:00.718 [java] [DEBUG] 	{} butonuna tıkla : public void Click(String key)
01-07-2021 10:59:04.506 [Gauge] [DEBUG] Validation completed.
01-07-2021 10:59:04.509 [Gauge] [DEBUG] Run started
01-07-2021 10:59:04.511 [Gauge] [DEBUG] Starting Html Report plugin
01-07-2021 10:59:04.549 [Gauge] [DEBUG] Attempting to connect to grpc server at port: 64802
01-07-2021 10:59:04.550 [Gauge] [DEBUG] Successfully made the connection with plugin with port: 64802
01-07-2021 10:59:04.550 [Gauge] [DEBUG] Initialising suite data store.
01-07-2021 10:59:15.777 [html-report] [DEBUG] Transformed SuiteResult to report structure
01-07-2021 10:59:15.956 [html-report] [INFO] Successfully generated html-report to => C:\Users\testinium\IdeaProjects\com.gauge\TEBMobileAutomation\reports\html-report\index.html
01-07-2021 10:59:15.956 [html-report] [DEBUG] Done generating HTML report using theme from C:\Users\testinium\AppData\Roaming\gauge\plugins\html-report\4.0.12\themes\default
01-07-2021 10:59:15.957 [Gauge] [DEBUG] Sending kill message to Html Report plugin.
01-07-2021 10:59:15.975 [java] [DEBUG] Killing Java runner...
01-07-2021 10:59:15.979 [java] [DEBUG] Stopping execution pool...
01-07-2021 10:59:15.979 [java] [DEBUG] Shutting down grpc server...
01-07-2021 10:59:16.015 [java] [DEBUG] Runner killed gracefully.
01-07-2021 10:59:16.908 [Gauge] [DEBUG] Runner with PID:15164 has exited
01-07-2021 10:59:16.910 [Gauge] [INFO] Specifications:	1 executed	0 passed	1 failed	0 skipped
01-07-2021 10:59:16.910 [Gauge] [INFO] Scenarios:	1 executed	0 passed	1 failed	0 skipped
01-07-2021 10:59:16.910 [Gauge] [INFO] 
Total time taken: 11.253s
01-07-2021 10:59:16.912 [Gauge] [INFO] Updates are available. Run `gauge update -c` for more info.
01-07-2021 11:00:05.040 [Gauge] [DEBUG] Created gauge_screenshots_dir at C:\Users\testinium\IdeaProjects\com.gauge\TEBMobileAutomation\.gauge\screenshots
01-07-2021 11:00:05.043 [Gauge] [DEBUG] Plugin java is already installed.
01-07-2021 11:00:05.044 [Gauge] [DEBUG] Plugin html-report is already installed.
01-07-2021 11:00:05.045 [Gauge] [DEBUG] Parsing started.
01-07-2021 11:00:05.045 [Gauge] [DEBUG] Started concepts parsing.
01-07-2021 11:00:05.055 [Gauge] [DEBUG] 9 concepts parsing completed.
01-07-2021 11:00:05.055 [Gauge] [DEBUG] Started specifications parsing.
01-07-2021 11:00:05.056 [Gauge] [DEBUG] 1 specifications parsing completed.
01-07-2021 11:00:05.056 [Gauge] [DEBUG] Parsing completed.
01-07-2021 11:00:05.078 [java] [DEBUG] ***** Printing Properties/Env Values *****
01-07-2021 11:00:05.078 [java] [DEBUG] PATH: C:\Program Files (x86)\Common Files\Oracle\Java\javapath;C:\Windows\system32;C:\Windows;C:\Windows\System32\Wbem;C:\Windows\System32\WindowsPowerShell\v1.0\;C:\Windows\System32\OpenSSH\;C:\Program Files\nodejs\;C:\Program Files\Java\jdk1.8.0_291\bin;C:\apache-maven\apache-maven-3.8.1\bin;C:\Program Files\Gauge\bin;C:\WINDOWS\system32;C:\WINDOWS;C:\WINDOWS\System32\Wbem;C:\WINDOWS\System32\WindowsPowerShell\v1.0\;C:\WINDOWS\System32\OpenSSH\;C:\Program Files\Git\cmd;C:\Users\testinium\AppData\Local\Android\Sdk\platform-tools;C:\Users\testinium\AppData\Local\Android\Sdk\tools;C:\Users\testinium\AppData\Local\Android\Sdk\tools\bin;C:\Users\testinium\AppData\Local\Android\Sdk\build-tools;C:\Users\testinium\AppData\Local\Android\Sdk;C:\Users\testinium\AppData\Local\Microsoft\WindowsApps;C:\Users\testinium\AppData\Roaming\npm;;C:\Users\testinium\AppData\Roaming\gauge\plugins\screenshot\0.0.1
01-07-2021 11:00:05.078 [java] [DEBUG] JAVA_HOME: C:\Program Files\Java\jdk1.8.0_291
01-07-2021 11:00:05.078 [java] [DEBUG] gauge_project_root: C:\Users\testinium\IdeaProjects\com.gauge\TEBMobileAutomation
01-07-2021 11:00:05.078 [java] [DEBUG] gauge_parallel_streams_count: 
01-07-2021 11:00:05.078 [java] [DEBUG] gauge_reports_dir: reports
01-07-2021 11:00:05.078 [java] [DEBUG] overwrite_reports: true
01-07-2021 11:00:05.078 [java] [DEBUG] logs_directory: logs
01-07-2021 11:00:05.078 [java] [DEBUG] enable_multithreading: 
01-07-2021 11:00:05.078 [java] [DEBUG] gauge_specs_dir: specs
01-07-2021 11:00:05.078 [java] [DEBUG] csv_delimiter: ,
01-07-2021 11:00:05.078 [java] [DEBUG] gauge_java_home: 
01-07-2021 11:00:05.078 [java] [DEBUG] gauge_custom_build_path: 
01-07-2021 11:00:05.078 [java] [DEBUG] gauge_additional_libs: libs/*
01-07-2021 11:00:05.078 [java] [DEBUG] gauge_jvm_args: 
01-07-2021 11:00:05.078 [java] [DEBUG] gauge_custom_compile_dir: 
01-07-2021 11:00:05.078 [java] [DEBUG] gauge_clear_state_level: scenario
01-07-2021 11:00:05.078 [java] [DEBUG] ***** END *****
01-07-2021 11:00:05.430 [Gauge] [DEBUG] Checking updates...
01-07-2021 11:00:05.431 [Gauge] [DEBUG] Downloading https://downloads.gauge.org/plugin/html-report?l=java&p=html-report,java,screenshot,spectacle,xml-report&o=windows&a=amd64
01-07-2021 11:00:06.172 [Gauge] [DEBUG] Downloading https://downloads.gauge.org/plugin/java?l=java&p=html-report,java,screenshot,spectacle,xml-report&o=windows&a=amd64
01-07-2021 11:00:06.340 [Gauge] [DEBUG] Downloading https://downloads.gauge.org/plugin/screenshot?l=java&p=html-report,java,screenshot,spectacle,xml-report&o=windows&a=amd64
01-07-2021 11:00:06.540 [Gauge] [DEBUG] Downloading https://downloads.gauge.org/plugin/spectacle?l=java&p=html-report,java,screenshot,spectacle,xml-report&o=windows&a=amd64
01-07-2021 11:00:06.754 [Gauge] [DEBUG] Downloading https://downloads.gauge.org/plugin/xml-report?l=java&p=html-report,java,screenshot,spectacle,xml-report&o=windows&a=amd64
01-07-2021 11:00:08.032 [java] [DEBUG] classpath set to C:\Program Files\Java\jdk1.8.0_291\jre\lib\charsets.jar;C:\Program Files\Java\jdk1.8.0_291\jre\lib\deploy.jar;C:\Program Files\Java\jdk1.8.0_291\jre\lib\ext\access-bridge-64.jar;C:\Program Files\Java\jdk1.8.0_291\jre\lib\ext\cldrdata.jar;C:\Program Files\Java\jdk1.8.0_291\jre\lib\ext\dnsns.jar;C:\Program Files\Java\jdk1.8.0_291\jre\lib\ext\jaccess.jar;C:\Program Files\Java\jdk1.8.0_291\jre\lib\ext\jfxrt.jar;C:\Program Files\Java\jdk1.8.0_291\jre\lib\ext\localedata.jar;C:\Program Files\Java\jdk1.8.0_291\jre\lib\ext\nashorn.jar;C:\Program Files\Java\jdk1.8.0_291\jre\lib\ext\sunec.jar;C:\Program Files\Java\jdk1.8.0_291\jre\lib\ext\sunjce_provider.jar;C:\Program Files\Java\jdk1.8.0_291\jre\lib\ext\sunmscapi.jar;C:\Program Files\Java\jdk1.8.0_291\jre\lib\ext\sunpkcs11.jar;C:\Program Files\Java\jdk1.8.0_291\jre\lib\ext\zipfs.jar;C:\Program Files\Java\jdk1.8.0_291\jre\lib\javaws.jar;C:\Program Files\Java\jdk1.8.0_291\jre\lib\jce.jar;C:\Program Files\Java\jdk1.8.0_291\jre\lib\jfr.jar;C:\Program Files\Java\jdk1.8.0_291\jre\lib\jfxswt.jar;C:\Program Files\Java\jdk1.8.0_291\jre\lib\jsse.jar;C:\Program Files\Java\jdk1.8.0_291\jre\lib\management-agent.jar;C:\Program Files\Java\jdk1.8.0_291\jre\lib\plugin.jar;C:\Program Files\Java\jdk1.8.0_291\jre\lib\resources.jar;C:\Program Files\Java\jdk1.8.0_291\jre\lib\rt.jar;C:\Users\testinium\IdeaProjects\com.gauge\TEBMobileAutomation\target\test-classes;C:\Users\testinium\IdeaProjects\com.gauge\TEBMobileAutomation\target\classes;C:\Users\testinium\.m2\repository\junit\junit\4.12\junit-4.12.jar;C:\Users\testinium\.m2\repository\org\hamcrest\hamcrest-core\1.3\hamcrest-core-1.3.jar;C:\Users\testinium\.m2\repository\com\thoughtworks\gauge\gauge-java\0.7.15\gauge-java-0.7.15.jar;C:\Users\testinium\.m2\repository\org\assertj\assertj-core\3.19.0\assertj-core-3.19.0.jar;C:\Users\testinium\.m2\repository\org\reflections\reflections\0.9.9\reflections-0.9.9.jar;C:\Users\testinium\.m2\repository\org\javassist\javassist\3.18.2-GA\javassist-3.18.2-GA.jar;C:\Users\testinium\.m2\repository\com\google\code\findbugs\annotations\2.0.1\annotations-2.0.1.jar;C:\Users\testinium\.m2\repository\com\github\javaparser\javaparser-core\3.16.3\javaparser-core-3.16.3.jar;C:\Users\testinium\.m2\repository\commons-io\commons-io\2.8.0\commons-io-2.8.0.jar;C:\Users\testinium\.m2\repository\commons-lang\commons-lang\2.6\commons-lang-2.6.jar;C:\Users\testinium\.m2\repository\org\json\json\20210307\json-20210307.jar;C:\Users\testinium\.m2\repository\com\google\protobuf\protobuf-java\3.15.8\protobuf-java-3.15.8.jar;C:\Users\testinium\.m2\repository\com\google\guava\guava\30.1.1-jre\guava-30.1.1-jre.jar;C:\Users\testinium\.m2\repository\com\google\guava\failureaccess\1.0.1\failureaccess-1.0.1.jar;C:\Users\testinium\.m2\repository\com\google\guava\listenablefuture\9999.0-empty-to-avoid-conflict-with-guava\listenablefuture-9999.0-empty-to-avoid-conflict-with-guava.jar;C:\Users\testinium\.m2\repository\com\google\code\findbugs\jsr305\3.0.2\jsr305-3.0.2.jar;C:\Users\testinium\.m2\repository\org\checkerframework\checker-qual\3.8.0\checker-qual-3.8.0.jar;C:\Users\testinium\.m2\repository\com\google\errorprone\error_prone_annotations\2.5.1\error_prone_annotations-2.5.1.jar;C:\Users\testinium\.m2\repository\com\google\j2objc\j2objc-annotations\1.3\j2objc-annotations-1.3.jar;C:\Users\testinium\.m2\repository\io\grpc\grpc-netty-shaded\1.37.0\grpc-netty-shaded-1.37.0.jar;C:\Users\testinium\.m2\repository\io\grpc\grpc-core\1.37.0\grpc-core-1.37.0.jar;C:\Users\testinium\.m2\repository\com\google\android\annotations\4.1.1.4\annotations-4.1.1.4.jar;C:\Users\testinium\.m2\repository\io\perfmark\perfmark-api\0.23.0\perfmark-api-0.23.0.jar;C:\Users\testinium\.m2\repository\io\grpc\grpc-protobuf\1.37.0\grpc-protobuf-1.37.0.jar;C:\Users\testinium\.m2\repository\io\grpc\grpc-api\1.37.0\grpc-api-1.37.0.jar;C:\Users\testinium\.m2\repository\io\grpc\grpc-context\1.37.0\grpc-context-1.37.0.jar;C:\Users\testinium\.m2\repository\com\google\api\grpc\proto-google-common-protos\2.0.1\proto-google-common-protos-2.0.1.jar;C:\Users\testinium\.m2\repository\io\grpc\grpc-protobuf-lite\1.37.0\grpc-protobuf-lite-1.37.0.jar;C:\Users\testinium\.m2\repository\org\codehaus\mojo\animal-sniffer-annotations\1.19\animal-sniffer-annotations-1.19.jar;C:\Users\testinium\.m2\repository\io\grpc\grpc-stub\1.37.0\grpc-stub-1.37.0.jar;C:\Users\testinium\.m2\repository\javax\annotation\javax.annotation-api\1.3.2\javax.annotation-api-1.3.2.jar;C:\Users\testinium\.m2\repository\io\appium\java-client\7.3.0\java-client-7.3.0.jar;C:\Users\testinium\.m2\repository\org\seleniumhq\selenium\selenium-java\3.141.59\selenium-java-3.141.59.jar;C:\Users\testinium\.m2\repository\org\seleniumhq\selenium\selenium-chrome-driver\3.141.59\selenium-chrome-driver-3.141.59.jar;C:\Users\testinium\.m2\repository\org\seleniumhq\selenium\selenium-edge-driver\3.141.59\selenium-edge-driver-3.141.59.jar;C:\Users\testinium\.m2\repository\org\seleniumhq\selenium\selenium-firefox-driver\3.141.59\selenium-firefox-driver-3.141.59.jar;C:\Users\testinium\.m2\repository\org\seleniumhq\selenium\selenium-ie-driver\3.141.59\selenium-ie-driver-3.141.59.jar;C:\Users\testinium\.m2\repository\org\seleniumhq\selenium\selenium-opera-driver\3.141.59\selenium-opera-driver-3.141.59.jar;C:\Users\testinium\.m2\repository\org\seleniumhq\selenium\selenium-remote-driver\3.141.59\selenium-remote-driver-3.141.59.jar;C:\Users\testinium\.m2\repository\org\seleniumhq\selenium\selenium-safari-driver\3.141.59\selenium-safari-driver-3.141.59.jar;C:\Users\testinium\.m2\repository\net\bytebuddy\byte-buddy\1.8.15\byte-buddy-1.8.15.jar;C:\Users\testinium\.m2\repository\org\apache\commons\commons-exec\1.3\commons-exec-1.3.jar;C:\Users\testinium\.m2\repository\com\squareup\okhttp3\okhttp\3.11.0\okhttp-3.11.0.jar;C:\Users\testinium\.m2\repository\com\squareup\okio\okio\1.14.0\okio-1.14.0.jar;C:\Users\testinium\.m2\repository\org\seleniumhq\selenium\selenium-support\3.141.59\selenium-support-3.141.59.jar;C:\Users\testinium\.m2\repository\org\seleniumhq\selenium\selenium-api\3.141.59\selenium-api-3.141.59.jar;C:\Users\testinium\.m2\repository\com\google\code\gson\gson\2.8.5\gson-2.8.5.jar;C:\Users\testinium\.m2\repository\org\apache\httpcomponents\httpclient\4.5.9\httpclient-4.5.9.jar;C:\Users\testinium\.m2\repository\org\apache\httpcomponents\httpcore\4.4.11\httpcore-4.4.11.jar;C:\Users\testinium\.m2\repository\commons-logging\commons-logging\1.2\commons-logging-1.2.jar;C:\Users\testinium\.m2\repository\commons-codec\commons-codec\1.11\commons-codec-1.11.jar;C:\Users\testinium\.m2\repository\cglib\cglib\3.2.12\cglib-3.2.12.jar;C:\Users\testinium\.m2\repository\org\ow2\asm\asm\7.1\asm-7.1.jar;C:\Users\testinium\.m2\repository\commons-validator\commons-validator\1.6\commons-validator-1.6.jar;C:\Users\testinium\.m2\repository\commons-beanutils\commons-beanutils\1.9.2\commons-beanutils-1.9.2.jar;C:\Users\testinium\.m2\repository\commons-digester\commons-digester\1.8.1\commons-digester-1.8.1.jar;C:\Users\testinium\.m2\repository\commons-collections\commons-collections\3.2.2\commons-collections-3.2.2.jar;C:\Users\testinium\.m2\repository\org\apache\commons\commons-lang3\3.9\commons-lang3-3.9.jar;C:\Users\testinium\.m2\repository\org\springframework\spring-context\5.1.8.RELEASE\spring-context-5.1.8.RELEASE.jar;C:\Users\testinium\.m2\repository\org\springframework\spring-aop\5.1.8.RELEASE\spring-aop-5.1.8.RELEASE.jar;C:\Users\testinium\.m2\repository\org\springframework\spring-beans\5.1.8.RELEASE\spring-beans-5.1.8.RELEASE.jar;C:\Users\testinium\.m2\repository\org\springframework\spring-core\5.1.8.RELEASE\spring-core-5.1.8.RELEASE.jar;C:\Users\testinium\.m2\repository\org\springframework\spring-jcl\5.1.8.RELEASE\spring-jcl-5.1.8.RELEASE.jar;C:\Users\testinium\.m2\repository\org\springframework\spring-expression\5.1.8.RELEASE\spring-expression-5.1.8.RELEASE.jar;C:\Users\testinium\.m2\repository\org\aspectj\aspectjweaver\1.9.4\aspectjweaver-1.9.4.jar;C:\Users\testinium\.m2\repository\org\slf4j\slf4j-api\1.7.30\slf4j-api-1.7.30.jar;C:\Users\testinium\.m2\repository\org\slf4j\slf4j-log4j12\1.7.30\slf4j-log4j12-1.7.30.jar;C:\Users\testinium\.m2\repository\log4j\log4j\1.2.17\log4j-1.2.17.jar
01-07-2021 11:00:08.078 [java] [DEBUG] found java executable in C:\Program Files\Java\jdk1.8.0_291\jre\bin\java.exe
01-07-2021 11:00:08.078 [java] [DEBUG] running - C:\Program Files\Java\jdk1.8.0_291\jre\bin\java.exe [-Dfile.encoding=UTF-8 com.thoughtworks.gauge.GaugeRuntime --start]
01-07-2021 11:00:08.078 [java] [DEBUG] stdout/stderr is logged to logs\7488-java.exe.out
01-07-2021 11:00:08.258 [java] [DEBUG] multithreading is set to false
01-07-2021 11:00:08.553 [java] [DEBUG] Using reflection to scan dependencies for gauge implementations...
01-07-2021 11:00:08.936 [java] [DEBUG] gauge-java took 678milliseconds to load and scan. This should be less than 'runner_connection_timeout' config value.
01-07-2021 11:00:08.936 [java] [DEBUG] run 'gauge config runner_connection_timeout' and verify that it is < 678
01-07-2021 11:00:08.936 [java] [DEBUG] starting gRPC server...
01-07-2021 11:00:09.325 [java] [DEBUG] started gRPC server on port 64952
01-07-2021 11:00:09.325 [Gauge] [DEBUG] Attempting to connect to grpc server at port: 64952
01-07-2021 11:00:09.491 [Gauge] [DEBUG] Successfully made the connection with runner with port: 64952
01-07-2021 11:00:09.491 [Gauge] [DEBUG] Validation started.
01-07-2021 11:00:12.360 [java] [DEBUG] Scanning packages for steps
01-07-2021 11:00:12.406 [java] [DEBUG] Comparing 'com.trendyol.steps.StepImplementation.getButtonControl' and 'com.trendyol.steps.StepImplementation.getButtonControl'
01-07-2021 11:00:12.407 [java] [DEBUG] Found Sayfada {} alanı yoksa {} yazdır in current project scope.
01-07-2021 11:00:12.407 [java] [DEBUG] Comparing 'com.trendyol.steps.StepImplementation.Click' and 'com.trendyol.steps.StepImplementation.Click'
01-07-2021 11:00:12.407 [java] [DEBUG] Found {} butonuna tıkla in current project scope.
01-07-2021 11:00:12.407 [java] [DEBUG] Comparing 'com.trendyol.steps.StepImplementation.bekle' and 'com.trendyol.steps.StepImplementation.bekle'
01-07-2021 11:00:12.407 [java] [DEBUG] Found {} saniye bekle in current project scope.
01-07-2021 11:00:12.407 [java] [DEBUG] Comparing 'com.trendyol.steps.StepImplementation.textSendKeys' and 'com.trendyol.steps.StepImplementation.textSendKeys'
01-07-2021 11:00:12.407 [java] [DEBUG] Found {} alanına {} yaz in current project scope.
01-07-2021 11:00:12.407 [java] [DEBUG] Scanning packages for hooks
01-07-2021 11:00:12.415 [java] [DEBUG] Scanned steps (using static parsing + reflections): 
01-07-2021 11:00:12.416 [java] [DEBUG] 	Sayfada {} alanı yoksa {} yazdır : public void getButtonControl(String key, String msg)
01-07-2021 11:00:12.416 [java] [DEBUG] 	{} saniye bekle : public void bekle(ınt key) throws InterruptedException
01-07-2021 11:00:12.416 [java] [DEBUG] 	{} alanına {} yaz : public void textSendKeys(String key, String text)
01-07-2021 11:00:12.416 [java] [DEBUG] 	{} butonuna tıkla : public void Click(String key)
01-07-2021 11:00:17.009 [Gauge] [DEBUG] Validation completed.
01-07-2021 11:00:17.011 [Gauge] [DEBUG] Run started
01-07-2021 11:00:17.012 [Gauge] [DEBUG] Starting Html Report plugin
01-07-2021 11:00:17.034 [Gauge] [DEBUG] Attempting to connect to grpc server at port: 64956
01-07-2021 11:00:17.035 [Gauge] [DEBUG] Successfully made the connection with plugin with port: 64956
01-07-2021 11:00:17.035 [Gauge] [DEBUG] Initialising suite data store.
01-07-2021 11:00:27.487 [html-report] [DEBUG] Transformed SuiteResult to report structure
01-07-2021 11:00:27.625 [Gauge] [DEBUG] Sending kill message to Html Report plugin.
01-07-2021 11:00:27.625 [html-report] [INFO] Successfully generated html-report to => C:\Users\testinium\IdeaProjects\com.gauge\TEBMobileAutomation\reports\html-report\index.html
01-07-2021 11:00:27.625 [html-report] [DEBUG] Done generating HTML report using theme from C:\Users\testinium\AppData\Roaming\gauge\plugins\html-report\4.0.12\themes\default
01-07-2021 11:00:27.633 [java] [DEBUG] Killing Java runner...
01-07-2021 11:00:27.638 [java] [DEBUG] Stopping execution pool...
01-07-2021 11:00:27.640 [java] [DEBUG] Shutting down grpc server...
01-07-2021 11:00:27.673 [java] [DEBUG] Runner killed gracefully.
01-07-2021 11:00:28.567 [Gauge] [DEBUG] Runner with PID:7488 has exited
01-07-2021 11:00:28.570 [Gauge] [INFO] Specifications:	1 executed	0 passed	1 failed	0 skipped
01-07-2021 11:00:28.570 [Gauge] [INFO] Scenarios:	1 executed	0 passed	1 failed	0 skipped
01-07-2021 11:00:28.570 [Gauge] [INFO] 
Total time taken: 10.471s
01-07-2021 11:00:28.575 [Gauge] [INFO] Updates are available. Run `gauge update -c` for more info.
01-07-2021 11:41:53.585 [Gauge] [DEBUG] Created gauge_screenshots_dir at C:\Users\testinium\IdeaProjects\com.gauge\TEBMobileAutomation\.gauge\screenshots
01-07-2021 11:41:53.590 [Gauge] [DEBUG] Plugin java is already installed.
01-07-2021 11:41:53.591 [Gauge] [DEBUG] Plugin html-report is already installed.
01-07-2021 11:41:53.592 [Gauge] [DEBUG] Parsing started.
01-07-2021 11:41:53.592 [Gauge] [DEBUG] Started concepts parsing.
01-07-2021 11:41:53.607 [Gauge] [DEBUG] 9 concepts parsing completed.
01-07-2021 11:41:53.607 [Gauge] [DEBUG] Started specifications parsing.
01-07-2021 11:41:53.607 [Gauge] [DEBUG] 1 specifications parsing completed.
01-07-2021 11:41:53.608 [Gauge] [DEBUG] Parsing completed.
01-07-2021 11:41:53.632 [java] [DEBUG] ***** Printing Properties/Env Values *****
01-07-2021 11:41:53.632 [java] [DEBUG] PATH: C:\Program Files (x86)\Common Files\Oracle\Java\javapath;C:\Windows\system32;C:\Windows;C:\Windows\System32\Wbem;C:\Windows\System32\WindowsPowerShell\v1.0\;C:\Windows\System32\OpenSSH\;C:\Program Files\nodejs\;C:\Program Files\Java\jdk1.8.0_291\bin;C:\apache-maven\apache-maven-3.8.1\bin;C:\Program Files\Gauge\bin;C:\WINDOWS\system32;C:\WINDOWS;C:\WINDOWS\System32\Wbem;C:\WINDOWS\System32\WindowsPowerShell\v1.0\;C:\WINDOWS\System32\OpenSSH\;C:\Program Files\Git\cmd;C:\Users\testinium\AppData\Local\Android\Sdk\platform-tools;C:\Users\testinium\AppData\Local\Android\Sdk\tools;C:\Users\testinium\AppData\Local\Android\Sdk\tools\bin;C:\Users\testinium\AppData\Local\Android\Sdk\build-tools;C:\Users\testinium\AppData\Local\Android\Sdk;C:\Users\testinium\AppData\Local\Microsoft\WindowsApps;C:\Users\testinium\AppData\Roaming\npm;;C:\Users\testinium\AppData\Roaming\gauge\plugins\screenshot\0.0.1
01-07-2021 11:41:53.632 [java] [DEBUG] JAVA_HOME: C:\Program Files\Java\jdk1.8.0_291
01-07-2021 11:41:53.632 [java] [DEBUG] gauge_project_root: C:\Users\testinium\IdeaProjects\com.gauge\TEBMobileAutomation
01-07-2021 11:41:53.632 [java] [DEBUG] gauge_parallel_streams_count: 
01-07-2021 11:41:53.632 [java] [DEBUG] gauge_reports_dir: reports
01-07-2021 11:41:53.632 [java] [DEBUG] overwrite_reports: true
01-07-2021 11:41:53.632 [java] [DEBUG] logs_directory: logs
01-07-2021 11:41:53.632 [java] [DEBUG] enable_multithreading: 
01-07-2021 11:41:53.632 [java] [DEBUG] gauge_specs_dir: specs
01-07-2021 11:41:53.632 [java] [DEBUG] csv_delimiter: ,
01-07-2021 11:41:53.632 [java] [DEBUG] gauge_java_home: 
01-07-2021 11:41:53.632 [java] [DEBUG] gauge_custom_build_path: 
01-07-2021 11:41:53.632 [java] [DEBUG] gauge_additional_libs: libs/*
01-07-2021 11:41:53.632 [java] [DEBUG] gauge_jvm_args: 
01-07-2021 11:41:53.632 [java] [DEBUG] gauge_custom_compile_dir: 
01-07-2021 11:41:53.632 [java] [DEBUG] gauge_clear_state_level: scenario
01-07-2021 11:41:53.632 [java] [DEBUG] ***** END *****
01-07-2021 11:41:54.261 [Gauge] [DEBUG] Checking updates...
01-07-2021 11:41:54.263 [Gauge] [DEBUG] Downloading https://downloads.gauge.org/plugin/html-report?l=java&p=html-report,java,screenshot,spectacle,xml-report&o=windows&a=amd64
01-07-2021 11:41:55.170 [Gauge] [DEBUG] Downloading https://downloads.gauge.org/plugin/java?l=java&p=html-report,java,screenshot,spectacle,xml-report&o=windows&a=amd64
01-07-2021 11:41:55.517 [Gauge] [DEBUG] Downloading https://downloads.gauge.org/plugin/screenshot?l=java&p=html-report,java,screenshot,spectacle,xml-report&o=windows&a=amd64
01-07-2021 11:41:55.852 [Gauge] [DEBUG] Downloading https://downloads.gauge.org/plugin/spectacle?l=java&p=html-report,java,screenshot,spectacle,xml-report&o=windows&a=amd64
01-07-2021 11:41:56.194 [Gauge] [DEBUG] Downloading https://downloads.gauge.org/plugin/xml-report?l=java&p=html-report,java,screenshot,spectacle,xml-report&o=windows&a=amd64
01-07-2021 11:41:56.652 [java] [DEBUG] classpath set to C:\Program Files\Java\jdk1.8.0_291\jre\lib\charsets.jar;C:\Program Files\Java\jdk1.8.0_291\jre\lib\deploy.jar;C:\Program Files\Java\jdk1.8.0_291\jre\lib\ext\access-bridge-64.jar;C:\Program Files\Java\jdk1.8.0_291\jre\lib\ext\cldrdata.jar;C:\Program Files\Java\jdk1.8.0_291\jre\lib\ext\dnsns.jar;C:\Program Files\Java\jdk1.8.0_291\jre\lib\ext\jaccess.jar;C:\Program Files\Java\jdk1.8.0_291\jre\lib\ext\jfxrt.jar;C:\Program Files\Java\jdk1.8.0_291\jre\lib\ext\localedata.jar;C:\Program Files\Java\jdk1.8.0_291\jre\lib\ext\nashorn.jar;C:\Program Files\Java\jdk1.8.0_291\jre\lib\ext\sunec.jar;C:\Program Files\Java\jdk1.8.0_291\jre\lib\ext\sunjce_provider.jar;C:\Program Files\Java\jdk1.8.0_291\jre\lib\ext\sunmscapi.jar;C:\Program Files\Java\jdk1.8.0_291\jre\lib\ext\sunpkcs11.jar;C:\Program Files\Java\jdk1.8.0_291\jre\lib\ext\zipfs.jar;C:\Program Files\Java\jdk1.8.0_291\jre\lib\javaws.jar;C:\Program Files\Java\jdk1.8.0_291\jre\lib\jce.jar;C:\Program Files\Java\jdk1.8.0_291\jre\lib\jfr.jar;C:\Program Files\Java\jdk1.8.0_291\jre\lib\jfxswt.jar;C:\Program Files\Java\jdk1.8.0_291\jre\lib\jsse.jar;C:\Program Files\Java\jdk1.8.0_291\jre\lib\management-agent.jar;C:\Program Files\Java\jdk1.8.0_291\jre\lib\plugin.jar;C:\Program Files\Java\jdk1.8.0_291\jre\lib\resources.jar;C:\Program Files\Java\jdk1.8.0_291\jre\lib\rt.jar;C:\Users\testinium\IdeaProjects\com.gauge\TEBMobileAutomation\target\test-classes;C:\Users\testinium\IdeaProjects\com.gauge\TEBMobileAutomation\target\classes;C:\Users\testinium\.m2\repository\junit\junit\4.12\junit-4.12.jar;C:\Users\testinium\.m2\repository\org\hamcrest\hamcrest-core\1.3\hamcrest-core-1.3.jar;C:\Users\testinium\.m2\repository\com\thoughtworks\gauge\gauge-java\0.7.15\gauge-java-0.7.15.jar;C:\Users\testinium\.m2\repository\org\assertj\assertj-core\3.19.0\assertj-core-3.19.0.jar;C:\Users\testinium\.m2\repository\org\reflections\reflections\0.9.9\reflections-0.9.9.jar;C:\Users\testinium\.m2\repository\org\javassist\javassist\3.18.2-GA\javassist-3.18.2-GA.jar;C:\Users\testinium\.m2\repository\com\google\code\findbugs\annotations\2.0.1\annotations-2.0.1.jar;C:\Users\testinium\.m2\repository\com\github\javaparser\javaparser-core\3.16.3\javaparser-core-3.16.3.jar;C:\Users\testinium\.m2\repository\commons-io\commons-io\2.8.0\commons-io-2.8.0.jar;C:\Users\testinium\.m2\repository\commons-lang\commons-lang\2.6\commons-lang-2.6.jar;C:\Users\testinium\.m2\repository\org\json\json\20210307\json-20210307.jar;C:\Users\testinium\.m2\repository\com\google\protobuf\protobuf-java\3.15.8\protobuf-java-3.15.8.jar;C:\Users\testinium\.m2\repository\com\google\guava\guava\30.1.1-jre\guava-30.1.1-jre.jar;C:\Users\testinium\.m2\repository\com\google\guava\failureaccess\1.0.1\failureaccess-1.0.1.jar;C:\Users\testinium\.m2\repository\com\google\guava\listenablefuture\9999.0-empty-to-avoid-conflict-with-guava\listenablefuture-9999.0-empty-to-avoid-conflict-with-guava.jar;C:\Users\testinium\.m2\repository\com\google\code\findbugs\jsr305\3.0.2\jsr305-3.0.2.jar;C:\Users\testinium\.m2\repository\org\checkerframework\checker-qual\3.8.0\checker-qual-3.8.0.jar;C:\Users\testinium\.m2\repository\com\google\errorprone\error_prone_annotations\2.5.1\error_prone_annotations-2.5.1.jar;C:\Users\testinium\.m2\repository\com\google\j2objc\j2objc-annotations\1.3\j2objc-annotations-1.3.jar;C:\Users\testinium\.m2\repository\io\grpc\grpc-netty-shaded\1.37.0\grpc-netty-shaded-1.37.0.jar;C:\Users\testinium\.m2\repository\io\grpc\grpc-core\1.37.0\grpc-core-1.37.0.jar;C:\Users\testinium\.m2\repository\com\google\android\annotations\4.1.1.4\annotations-4.1.1.4.jar;C:\Users\testinium\.m2\repository\io\perfmark\perfmark-api\0.23.0\perfmark-api-0.23.0.jar;C:\Users\testinium\.m2\repository\io\grpc\grpc-protobuf\1.37.0\grpc-protobuf-1.37.0.jar;C:\Users\testinium\.m2\repository\io\grpc\grpc-api\1.37.0\grpc-api-1.37.0.jar;C:\Users\testinium\.m2\repository\io\grpc\grpc-context\1.37.0\grpc-context-1.37.0.jar;C:\Users\testinium\.m2\repository\com\google\api\grpc\proto-google-common-protos\2.0.1\proto-google-common-protos-2.0.1.jar;C:\Users\testinium\.m2\repository\io\grpc\grpc-protobuf-lite\1.37.0\grpc-protobuf-lite-1.37.0.jar;C:\Users\testinium\.m2\repository\org\codehaus\mojo\animal-sniffer-annotations\1.19\animal-sniffer-annotations-1.19.jar;C:\Users\testinium\.m2\repository\io\grpc\grpc-stub\1.37.0\grpc-stub-1.37.0.jar;C:\Users\testinium\.m2\repository\javax\annotation\javax.annotation-api\1.3.2\javax.annotation-api-1.3.2.jar;C:\Users\testinium\.m2\repository\io\appium\java-client\7.3.0\java-client-7.3.0.jar;C:\Users\testinium\.m2\repository\org\seleniumhq\selenium\selenium-java\3.141.59\selenium-java-3.141.59.jar;C:\Users\testinium\.m2\repository\org\seleniumhq\selenium\selenium-chrome-driver\3.141.59\selenium-chrome-driver-3.141.59.jar;C:\Users\testinium\.m2\repository\org\seleniumhq\selenium\selenium-edge-driver\3.141.59\selenium-edge-driver-3.141.59.jar;C:\Users\testinium\.m2\repository\org\seleniumhq\selenium\selenium-firefox-driver\3.141.59\selenium-firefox-driver-3.141.59.jar;C:\Users\testinium\.m2\repository\org\seleniumhq\selenium\selenium-ie-driver\3.141.59\selenium-ie-driver-3.141.59.jar;C:\Users\testinium\.m2\repository\org\seleniumhq\selenium\selenium-opera-driver\3.141.59\selenium-opera-driver-3.141.59.jar;C:\Users\testinium\.m2\repository\org\seleniumhq\selenium\selenium-remote-driver\3.141.59\selenium-remote-driver-3.141.59.jar;C:\Users\testinium\.m2\repository\org\seleniumhq\selenium\selenium-safari-driver\3.141.59\selenium-safari-driver-3.141.59.jar;C:\Users\testinium\.m2\repository\net\bytebuddy\byte-buddy\1.8.15\byte-buddy-1.8.15.jar;C:\Users\testinium\.m2\repository\org\apache\commons\commons-exec\1.3\commons-exec-1.3.jar;C:\Users\testinium\.m2\repository\com\squareup\okhttp3\okhttp\3.11.0\okhttp-3.11.0.jar;C:\Users\testinium\.m2\repository\com\squareup\okio\okio\1.14.0\okio-1.14.0.jar;C:\Users\testinium\.m2\repository\org\seleniumhq\selenium\selenium-support\3.141.59\selenium-support-3.141.59.jar;C:\Users\testinium\.m2\repository\org\seleniumhq\selenium\selenium-api\3.141.59\selenium-api-3.141.59.jar;C:\Users\testinium\.m2\repository\com\google\code\gson\gson\2.8.5\gson-2.8.5.jar;C:\Users\testinium\.m2\repository\org\apache\httpcomponents\httpclient\4.5.9\httpclient-4.5.9.jar;C:\Users\testinium\.m2\repository\org\apache\httpcomponents\httpcore\4.4.11\httpcore-4.4.11.jar;C:\Users\testinium\.m2\repository\commons-logging\commons-logging\1.2\commons-logging-1.2.jar;C:\Users\testinium\.m2\repository\commons-codec\commons-codec\1.11\commons-codec-1.11.jar;C:\Users\testinium\.m2\repository\cglib\cglib\3.2.12\cglib-3.2.12.jar;C:\Users\testinium\.m2\repository\org\ow2\asm\asm\7.1\asm-7.1.jar;C:\Users\testinium\.m2\repository\commons-validator\commons-validator\1.6\commons-validator-1.6.jar;C:\Users\testinium\.m2\repository\commons-beanutils\commons-beanutils\1.9.2\commons-beanutils-1.9.2.jar;C:\Users\testinium\.m2\repository\commons-digester\commons-digester\1.8.1\commons-digester-1.8.1.jar;C:\Users\testinium\.m2\repository\commons-collections\commons-collections\3.2.2\commons-collections-3.2.2.jar;C:\Users\testinium\.m2\repository\org\apache\commons\commons-lang3\3.9\commons-lang3-3.9.jar;C:\Users\testinium\.m2\repository\org\springframework\spring-context\5.1.8.RELEASE\spring-context-5.1.8.RELEASE.jar;C:\Users\testinium\.m2\repository\org\springframework\spring-aop\5.1.8.RELEASE\spring-aop-5.1.8.RELEASE.jar;C:\Users\testinium\.m2\repository\org\springframework\spring-beans\5.1.8.RELEASE\spring-beans-5.1.8.RELEASE.jar;C:\Users\testinium\.m2\repository\org\springframework\spring-core\5.1.8.RELEASE\spring-core-5.1.8.RELEASE.jar;C:\Users\testinium\.m2\repository\org\springframework\spring-jcl\5.1.8.RELEASE\spring-jcl-5.1.8.RELEASE.jar;C:\Users\testinium\.m2\repository\org\springframework\spring-expression\5.1.8.RELEASE\spring-expression-5.1.8.RELEASE.jar;C:\Users\testinium\.m2\repository\org\aspectj\aspectjweaver\1.9.4\aspectjweaver-1.9.4.jar;C:\Users\testinium\.m2\repository\org\slf4j\slf4j-api\1.7.30\slf4j-api-1.7.30.jar;C:\Users\testinium\.m2\repository\org\slf4j\slf4j-log4j12\1.7.30\slf4j-log4j12-1.7.30.jar;C:\Users\testinium\.m2\repository\log4j\log4j\1.2.17\log4j-1.2.17.jar
01-07-2021 11:41:56.756 [java] [DEBUG] found java executable in C:\Program Files\Java\jdk1.8.0_291\jre\bin\java.exe
01-07-2021 11:41:56.756 [java] [DEBUG] running - C:\Program Files\Java\jdk1.8.0_291\jre\bin\java.exe [-Dfile.encoding=UTF-8 com.thoughtworks.gauge.GaugeRuntime --start]
01-07-2021 11:41:56.756 [java] [DEBUG] stdout/stderr is logged to logs\3948-java.exe.out
01-07-2021 11:41:56.941 [java] [DEBUG] multithreading is set to false
01-07-2021 11:41:57.261 [java] [DEBUG] Using reflection to scan dependencies for gauge implementations...
01-07-2021 11:41:57.834 [java] [DEBUG] gauge-java took 894milliseconds to load and scan. This should be less than 'runner_connection_timeout' config value.
01-07-2021 11:41:57.834 [java] [DEBUG] run 'gauge config runner_connection_timeout' and verify that it is < 894
01-07-2021 11:41:57.834 [java] [DEBUG] starting gRPC server...
01-07-2021 11:41:58.182 [java] [DEBUG] started gRPC server on port 63892
01-07-2021 11:41:58.182 [Gauge] [DEBUG] Attempting to connect to grpc server at port: 63892
01-07-2021 11:41:58.322 [Gauge] [DEBUG] Successfully made the connection with runner with port: 63892
01-07-2021 11:41:58.322 [Gauge] [DEBUG] Validation started.
01-07-2021 11:42:01.165 [java] [DEBUG] Scanning packages for steps
01-07-2021 11:42:01.204 [java] [DEBUG] Comparing 'com.trendyol.steps.StepImplementation.getButtonControl' and 'com.trendyol.steps.StepImplementation.getButtonControl'
01-07-2021 11:42:01.204 [java] [DEBUG] Found Sayfada {} alanı yoksa {} yazdır in current project scope.
01-07-2021 11:42:01.204 [java] [DEBUG] Comparing 'com.trendyol.steps.StepImplementation.Click' and 'com.trendyol.steps.StepImplementation.Click'
01-07-2021 11:42:01.204 [java] [DEBUG] Found {} butonuna tıkla in current project scope.
01-07-2021 11:42:01.204 [java] [DEBUG] Comparing 'com.trendyol.steps.StepImplementation.bekle' and 'com.trendyol.steps.StepImplementation.bekle'
01-07-2021 11:42:01.204 [java] [DEBUG] Found {} saniye bekle in current project scope.
01-07-2021 11:42:01.204 [java] [DEBUG] Comparing 'com.trendyol.steps.StepImplementation.textSendKeys' and 'com.trendyol.steps.StepImplementation.textSendKeys'
01-07-2021 11:42:01.205 [java] [DEBUG] Found {} alanına {} yaz in current project scope.
01-07-2021 11:42:01.205 [java] [DEBUG] Scanning packages for hooks
01-07-2021 11:42:01.210 [java] [DEBUG] Scanned steps (using static parsing + reflections): 
01-07-2021 11:42:01.210 [java] [DEBUG] 	Sayfada {} alanı yoksa {} yazdır : public void getButtonControl(String key, String msg)
01-07-2021 11:42:01.210 [java] [DEBUG] 	{} saniye bekle : public void bekle(ınt key) throws InterruptedException
01-07-2021 11:42:01.210 [java] [DEBUG] 	{} alanına {} yaz : public void textSendKeys(String key, String text)
01-07-2021 11:42:01.210 [java] [DEBUG] 	{} butonuna tıkla : public void Click(String key)
01-07-2021 11:42:03.993 [Gauge] [DEBUG] Validation completed.
01-07-2021 11:42:03.995 [Gauge] [DEBUG] Run started
01-07-2021 11:42:03.997 [Gauge] [DEBUG] Starting Html Report plugin
01-07-2021 11:42:04.027 [Gauge] [DEBUG] Attempting to connect to grpc server at port: 63896
01-07-2021 11:42:04.028 [Gauge] [DEBUG] Successfully made the connection with plugin with port: 63896
01-07-2021 11:42:04.028 [Gauge] [DEBUG] Initialising suite data store.
01-07-2021 11:42:15.151 [html-report] [DEBUG] Transformed SuiteResult to report structure
01-07-2021 11:42:15.253 [html-report] [INFO] Successfully generated html-report to => C:\Users\testinium\IdeaProjects\com.gauge\TEBMobileAutomation\reports\html-report\index.html
01-07-2021 11:42:15.253 [html-report] [DEBUG] Done generating HTML report using theme from C:\Users\testinium\AppData\Roaming\gauge\plugins\html-report\4.0.12\themes\default
01-07-2021 11:42:15.253 [Gauge] [DEBUG] Sending kill message to Html Report plugin.
01-07-2021 11:42:15.270 [java] [DEBUG] Killing Java runner...
01-07-2021 11:42:15.278 [java] [DEBUG] Stopping execution pool...
01-07-2021 11:42:15.278 [java] [DEBUG] Shutting down grpc server...
01-07-2021 11:42:15.307 [java] [DEBUG] Runner killed gracefully.
01-07-2021 11:42:16.116 [Gauge] [DEBUG] Runner with PID:3948 has exited
01-07-2021 11:42:16.116 [Gauge] [INFO] Specifications:	1 executed	0 passed	1 failed	0 skipped
01-07-2021 11:42:16.116 [Gauge] [INFO] Scenarios:	1 executed	0 passed	1 failed	0 skipped
01-07-2021 11:42:16.116 [Gauge] [INFO] 
Total time taken: 11.149s
01-07-2021 11:42:16.118 [Gauge] [INFO] Updates are available. Run `gauge update -c` for more info.
01-07-2021 11:52:36.971 [Gauge] [DEBUG] Created gauge_screenshots_dir at C:\Users\testinium\IdeaProjects\com.gauge\TEBMobileAutomation\.gauge\screenshots
01-07-2021 11:52:36.978 [Gauge] [DEBUG] Plugin java is already installed.
01-07-2021 11:52:36.979 [Gauge] [DEBUG] Plugin html-report is already installed.
01-07-2021 11:52:36.980 [Gauge] [DEBUG] Parsing started.
01-07-2021 11:52:36.980 [Gauge] [DEBUG] Started concepts parsing.
01-07-2021 11:52:36.996 [Gauge] [DEBUG] 9 concepts parsing completed.
01-07-2021 11:52:36.996 [Gauge] [DEBUG] Started specifications parsing.
01-07-2021 11:52:36.998 [Gauge] [DEBUG] 1 specifications parsing completed.
01-07-2021 11:52:36.999 [Gauge] [DEBUG] Parsing completed.
01-07-2021 11:52:37.020 [java] [DEBUG] ***** Printing Properties/Env Values *****
01-07-2021 11:52:37.020 [java] [DEBUG] PATH: C:\Program Files (x86)\Common Files\Oracle\Java\javapath;C:\Windows\system32;C:\Windows;C:\Windows\System32\Wbem;C:\Windows\System32\WindowsPowerShell\v1.0\;C:\Windows\System32\OpenSSH\;C:\Program Files\nodejs\;C:\Program Files\Java\jdk1.8.0_291\bin;C:\apache-maven\apache-maven-3.8.1\bin;C:\Program Files\Gauge\bin;C:\WINDOWS\system32;C:\WINDOWS;C:\WINDOWS\System32\Wbem;C:\WINDOWS\System32\WindowsPowerShell\v1.0\;C:\WINDOWS\System32\OpenSSH\;C:\Program Files\Git\cmd;C:\Users\testinium\AppData\Local\Android\Sdk\platform-tools;C:\Users\testinium\AppData\Local\Android\Sdk\tools;C:\Users\testinium\AppData\Local\Android\Sdk\tools\bin;C:\Users\testinium\AppData\Local\Android\Sdk\build-tools;C:\Users\testinium\AppData\Local\Android\Sdk;C:\Users\testinium\AppData\Local\Microsoft\WindowsApps;C:\Users\testinium\AppData\Roaming\npm;;C:\Users\testinium\AppData\Roaming\gauge\plugins\screenshot\0.0.1
01-07-2021 11:52:37.020 [java] [DEBUG] JAVA_HOME: C:\Program Files\Java\jdk1.8.0_291
01-07-2021 11:52:37.020 [java] [DEBUG] gauge_project_root: C:\Users\testinium\IdeaProjects\com.gauge\TEBMobileAutomation
01-07-2021 11:52:37.020 [java] [DEBUG] gauge_parallel_streams_count: 
01-07-2021 11:52:37.020 [java] [DEBUG] gauge_reports_dir: reports
01-07-2021 11:52:37.020 [java] [DEBUG] overwrite_reports: true
01-07-2021 11:52:37.020 [java] [DEBUG] logs_directory: logs
01-07-2021 11:52:37.020 [java] [DEBUG] enable_multithreading: 
01-07-2021 11:52:37.020 [java] [DEBUG] gauge_specs_dir: specs
01-07-2021 11:52:37.020 [java] [DEBUG] csv_delimiter: ,
01-07-2021 11:52:37.020 [java] [DEBUG] gauge_java_home: 
01-07-2021 11:52:37.020 [java] [DEBUG] gauge_custom_build_path: 
01-07-2021 11:52:37.020 [java] [DEBUG] gauge_additional_libs: libs/*
01-07-2021 11:52:37.020 [java] [DEBUG] gauge_jvm_args: 
01-07-2021 11:52:37.021 [java] [DEBUG] gauge_custom_compile_dir: 
01-07-2021 11:52:37.021 [java] [DEBUG] gauge_clear_state_level: scenario
01-07-2021 11:52:37.021 [java] [DEBUG] ***** END *****
01-07-2021 11:52:37.718 [Gauge] [DEBUG] Checking updates...
01-07-2021 11:52:37.719 [Gauge] [DEBUG] Downloading https://downloads.gauge.org/plugin/html-report?l=java&p=html-report,java,screenshot,spectacle,xml-report&o=windows&a=amd64
01-07-2021 11:52:38.854 [Gauge] [DEBUG] Downloading https://downloads.gauge.org/plugin/java?l=java&p=html-report,java,screenshot,spectacle,xml-report&o=windows&a=amd64
01-07-2021 11:52:39.222 [Gauge] [DEBUG] Downloading https://downloads.gauge.org/plugin/screenshot?l=java&p=html-report,java,screenshot,spectacle,xml-report&o=windows&a=amd64
01-07-2021 11:52:39.562 [Gauge] [DEBUG] Downloading https://downloads.gauge.org/plugin/spectacle?l=java&p=html-report,java,screenshot,spectacle,xml-report&o=windows&a=amd64
01-07-2021 11:52:39.910 [Gauge] [DEBUG] Downloading https://downloads.gauge.org/plugin/xml-report?l=java&p=html-report,java,screenshot,spectacle,xml-report&o=windows&a=amd64
01-07-2021 11:52:40.112 [java] [DEBUG] classpath set to C:\Program Files\Java\jdk1.8.0_291\jre\lib\charsets.jar;C:\Program Files\Java\jdk1.8.0_291\jre\lib\deploy.jar;C:\Program Files\Java\jdk1.8.0_291\jre\lib\ext\access-bridge-64.jar;C:\Program Files\Java\jdk1.8.0_291\jre\lib\ext\cldrdata.jar;C:\Program Files\Java\jdk1.8.0_291\jre\lib\ext\dnsns.jar;C:\Program Files\Java\jdk1.8.0_291\jre\lib\ext\jaccess.jar;C:\Program Files\Java\jdk1.8.0_291\jre\lib\ext\jfxrt.jar;C:\Program Files\Java\jdk1.8.0_291\jre\lib\ext\localedata.jar;C:\Program Files\Java\jdk1.8.0_291\jre\lib\ext\nashorn.jar;C:\Program Files\Java\jdk1.8.0_291\jre\lib\ext\sunec.jar;C:\Program Files\Java\jdk1.8.0_291\jre\lib\ext\sunjce_provider.jar;C:\Program Files\Java\jdk1.8.0_291\jre\lib\ext\sunmscapi.jar;C:\Program Files\Java\jdk1.8.0_291\jre\lib\ext\sunpkcs11.jar;C:\Program Files\Java\jdk1.8.0_291\jre\lib\ext\zipfs.jar;C:\Program Files\Java\jdk1.8.0_291\jre\lib\javaws.jar;C:\Program Files\Java\jdk1.8.0_291\jre\lib\jce.jar;C:\Program Files\Java\jdk1.8.0_291\jre\lib\jfr.jar;C:\Program Files\Java\jdk1.8.0_291\jre\lib\jfxswt.jar;C:\Program Files\Java\jdk1.8.0_291\jre\lib\jsse.jar;C:\Program Files\Java\jdk1.8.0_291\jre\lib\management-agent.jar;C:\Program Files\Java\jdk1.8.0_291\jre\lib\plugin.jar;C:\Program Files\Java\jdk1.8.0_291\jre\lib\resources.jar;C:\Program Files\Java\jdk1.8.0_291\jre\lib\rt.jar;C:\Users\testinium\IdeaProjects\com.gauge\TEBMobileAutomation\target\test-classes;C:\Users\testinium\IdeaProjects\com.gauge\TEBMobileAutomation\target\classes;C:\Users\testinium\.m2\repository\junit\junit\4.12\junit-4.12.jar;C:\Users\testinium\.m2\repository\org\hamcrest\hamcrest-core\1.3\hamcrest-core-1.3.jar;C:\Users\testinium\.m2\repository\com\thoughtworks\gauge\gauge-java\0.7.15\gauge-java-0.7.15.jar;C:\Users\testinium\.m2\repository\org\assertj\assertj-core\3.19.0\assertj-core-3.19.0.jar;C:\Users\testinium\.m2\repository\org\reflections\reflections\0.9.9\reflections-0.9.9.jar;C:\Users\testinium\.m2\repository\org\javassist\javassist\3.18.2-GA\javassist-3.18.2-GA.jar;C:\Users\testinium\.m2\repository\com\google\code\findbugs\annotations\2.0.1\annotations-2.0.1.jar;C:\Users\testinium\.m2\repository\com\github\javaparser\javaparser-core\3.16.3\javaparser-core-3.16.3.jar;C:\Users\testinium\.m2\repository\commons-io\commons-io\2.8.0\commons-io-2.8.0.jar;C:\Users\testinium\.m2\repository\commons-lang\commons-lang\2.6\commons-lang-2.6.jar;C:\Users\testinium\.m2\repository\org\json\json\20210307\json-20210307.jar;C:\Users\testinium\.m2\repository\com\google\protobuf\protobuf-java\3.15.8\protobuf-java-3.15.8.jar;C:\Users\testinium\.m2\repository\com\google\guava\guava\30.1.1-jre\guava-30.1.1-jre.jar;C:\Users\testinium\.m2\repository\com\google\guava\failureaccess\1.0.1\failureaccess-1.0.1.jar;C:\Users\testinium\.m2\repository\com\google\guava\listenablefuture\9999.0-empty-to-avoid-conflict-with-guava\listenablefuture-9999.0-empty-to-avoid-conflict-with-guava.jar;C:\Users\testinium\.m2\repository\com\google\code\findbugs\jsr305\3.0.2\jsr305-3.0.2.jar;C:\Users\testinium\.m2\repository\org\checkerframework\checker-qual\3.8.0\checker-qual-3.8.0.jar;C:\Users\testinium\.m2\repository\com\google\errorprone\error_prone_annotations\2.5.1\error_prone_annotations-2.5.1.jar;C:\Users\testinium\.m2\repository\com\google\j2objc\j2objc-annotations\1.3\j2objc-annotations-1.3.jar;C:\Users\testinium\.m2\repository\io\grpc\grpc-netty-shaded\1.37.0\grpc-netty-shaded-1.37.0.jar;C:\Users\testinium\.m2\repository\io\grpc\grpc-core\1.37.0\grpc-core-1.37.0.jar;C:\Users\testinium\.m2\repository\com\google\android\annotations\4.1.1.4\annotations-4.1.1.4.jar;C:\Users\testinium\.m2\repository\io\perfmark\perfmark-api\0.23.0\perfmark-api-0.23.0.jar;C:\Users\testinium\.m2\repository\io\grpc\grpc-protobuf\1.37.0\grpc-protobuf-1.37.0.jar;C:\Users\testinium\.m2\repository\io\grpc\grpc-api\1.37.0\grpc-api-1.37.0.jar;C:\Users\testinium\.m2\repository\io\grpc\grpc-context\1.37.0\grpc-context-1.37.0.jar;C:\Users\testinium\.m2\repository\com\google\api\grpc\proto-google-common-protos\2.0.1\proto-google-common-protos-2.0.1.jar;C:\Users\testinium\.m2\repository\io\grpc\grpc-protobuf-lite\1.37.0\grpc-protobuf-lite-1.37.0.jar;C:\Users\testinium\.m2\repository\org\codehaus\mojo\animal-sniffer-annotations\1.19\animal-sniffer-annotations-1.19.jar;C:\Users\testinium\.m2\repository\io\grpc\grpc-stub\1.37.0\grpc-stub-1.37.0.jar;C:\Users\testinium\.m2\repository\javax\annotation\javax.annotation-api\1.3.2\javax.annotation-api-1.3.2.jar;C:\Users\testinium\.m2\repository\io\appium\java-client\7.3.0\java-client-7.3.0.jar;C:\Users\testinium\.m2\repository\org\seleniumhq\selenium\selenium-java\3.141.59\selenium-java-3.141.59.jar;C:\Users\testinium\.m2\repository\org\seleniumhq\selenium\selenium-chrome-driver\3.141.59\selenium-chrome-driver-3.141.59.jar;C:\Users\testinium\.m2\repository\org\seleniumhq\selenium\selenium-edge-driver\3.141.59\selenium-edge-driver-3.141.59.jar;C:\Users\testinium\.m2\repository\org\seleniumhq\selenium\selenium-firefox-driver\3.141.59\selenium-firefox-driver-3.141.59.jar;C:\Users\testinium\.m2\repository\org\seleniumhq\selenium\selenium-ie-driver\3.141.59\selenium-ie-driver-3.141.59.jar;C:\Users\testinium\.m2\repository\org\seleniumhq\selenium\selenium-opera-driver\3.141.59\selenium-opera-driver-3.141.59.jar;C:\Users\testinium\.m2\repository\org\seleniumhq\selenium\selenium-remote-driver\3.141.59\selenium-remote-driver-3.141.59.jar;C:\Users\testinium\.m2\repository\org\seleniumhq\selenium\selenium-safari-driver\3.141.59\selenium-safari-driver-3.141.59.jar;C:\Users\testinium\.m2\repository\net\bytebuddy\byte-buddy\1.8.15\byte-buddy-1.8.15.jar;C:\Users\testinium\.m2\repository\org\apache\commons\commons-exec\1.3\commons-exec-1.3.jar;C:\Users\testinium\.m2\repository\com\squareup\okhttp3\okhttp\3.11.0\okhttp-3.11.0.jar;C:\Users\testinium\.m2\repository\com\squareup\okio\okio\1.14.0\okio-1.14.0.jar;C:\Users\testinium\.m2\repository\org\seleniumhq\selenium\selenium-support\3.141.59\selenium-support-3.141.59.jar;C:\Users\testinium\.m2\repository\org\seleniumhq\selenium\selenium-api\3.141.59\selenium-api-3.141.59.jar;C:\Users\testinium\.m2\repository\com\google\code\gson\gson\2.8.5\gson-2.8.5.jar;C:\Users\testinium\.m2\repository\org\apache\httpcomponents\httpclient\4.5.9\httpclient-4.5.9.jar;C:\Users\testinium\.m2\repository\org\apache\httpcomponents\httpcore\4.4.11\httpcore-4.4.11.jar;C:\Users\testinium\.m2\repository\commons-logging\commons-logging\1.2\commons-logging-1.2.jar;C:\Users\testinium\.m2\repository\commons-codec\commons-codec\1.11\commons-codec-1.11.jar;C:\Users\testinium\.m2\repository\cglib\cglib\3.2.12\cglib-3.2.12.jar;C:\Users\testinium\.m2\repository\org\ow2\asm\asm\7.1\asm-7.1.jar;C:\Users\testinium\.m2\repository\commons-validator\commons-validator\1.6\commons-validator-1.6.jar;C:\Users\testinium\.m2\repository\commons-beanutils\commons-beanutils\1.9.2\commons-beanutils-1.9.2.jar;C:\Users\testinium\.m2\repository\commons-digester\commons-digester\1.8.1\commons-digester-1.8.1.jar;C:\Users\testinium\.m2\repository\commons-collections\commons-collections\3.2.2\commons-collections-3.2.2.jar;C:\Users\testinium\.m2\repository\org\apache\commons\commons-lang3\3.9\commons-lang3-3.9.jar;C:\Users\testinium\.m2\repository\org\springframework\spring-context\5.1.8.RELEASE\spring-context-5.1.8.RELEASE.jar;C:\Users\testinium\.m2\repository\org\springframework\spring-aop\5.1.8.RELEASE\spring-aop-5.1.8.RELEASE.jar;C:\Users\testinium\.m2\repository\org\springframework\spring-beans\5.1.8.RELEASE\spring-beans-5.1.8.RELEASE.jar;C:\Users\testinium\.m2\repository\org\springframework\spring-core\5.1.8.RELEASE\spring-core-5.1.8.RELEASE.jar;C:\Users\testinium\.m2\repository\org\springframework\spring-jcl\5.1.8.RELEASE\spring-jcl-5.1.8.RELEASE.jar;C:\Users\testinium\.m2\repository\org\springframework\spring-expression\5.1.8.RELEASE\spring-expression-5.1.8.RELEASE.jar;C:\Users\testinium\.m2\repository\org\aspectj\aspectjweaver\1.9.4\aspectjweaver-1.9.4.jar;C:\Users\testinium\.m2\repository\org\slf4j\slf4j-api\1.7.30\slf4j-api-1.7.30.jar;C:\Users\testinium\.m2\repository\org\slf4j\slf4j-log4j12\1.7.30\slf4j-log4j12-1.7.30.jar;C:\Users\testinium\.m2\repository\log4j\log4j\1.2.17\log4j-1.2.17.jar
01-07-2021 11:52:40.196 [java] [DEBUG] found java executable in C:\Program Files\Java\jdk1.8.0_291\jre\bin\java.exe
01-07-2021 11:52:40.196 [java] [DEBUG] running - C:\Program Files\Java\jdk1.8.0_291\jre\bin\java.exe [-Dfile.encoding=UTF-8 com.thoughtworks.gauge.GaugeRuntime --start]
01-07-2021 11:52:40.196 [java] [DEBUG] stdout/stderr is logged to logs\10136-java.exe.out
01-07-2021 11:52:40.406 [java] [DEBUG] multithreading is set to false
01-07-2021 11:52:40.714 [java] [DEBUG] Using reflection to scan dependencies for gauge implementations...
01-07-2021 11:52:41.098 [java] [DEBUG] gauge-java took 692milliseconds to load and scan. This should be less than 'runner_connection_timeout' config value.
01-07-2021 11:52:41.098 [java] [DEBUG] run 'gauge config runner_connection_timeout' and verify that it is < 692
01-07-2021 11:52:41.098 [java] [DEBUG] starting gRPC server...
01-07-2021 11:52:41.454 [java] [DEBUG] started gRPC server on port 51672
01-07-2021 11:52:41.455 [Gauge] [DEBUG] Attempting to connect to grpc server at port: 51672
01-07-2021 11:52:41.635 [Gauge] [DEBUG] Successfully made the connection with runner with port: 51672
01-07-2021 11:52:41.636 [Gauge] [DEBUG] Validation started.
01-07-2021 11:52:43.989 [java] [DEBUG] Scanning packages for steps
01-07-2021 11:52:44.021 [java] [DEBUG] Comparing 'com.trendyol.steps.StepImplementation.getButtonControl' and 'com.trendyol.steps.StepImplementation.getButtonControl'
01-07-2021 11:52:44.021 [java] [DEBUG] Found Sayfada {} alanı yoksa {} yazdır in current project scope.
01-07-2021 11:52:44.021 [java] [DEBUG] Comparing 'com.trendyol.steps.StepImplementation.Click' and 'com.trendyol.steps.StepImplementation.Click'
01-07-2021 11:52:44.021 [java] [DEBUG] Found {} butonuna tıkla in current project scope.
01-07-2021 11:52:44.021 [java] [DEBUG] Comparing 'com.trendyol.steps.StepImplementation.bekle' and 'com.trendyol.steps.StepImplementation.bekle'
01-07-2021 11:52:44.021 [java] [DEBUG] Found {} saniye bekle in current project scope.
01-07-2021 11:52:44.021 [java] [DEBUG] Comparing 'com.trendyol.steps.StepImplementation.textSendKeys' and 'com.trendyol.steps.StepImplementation.textSendKeys'
01-07-2021 11:52:44.021 [java] [DEBUG] Found {} alanına {} yaz in current project scope.
01-07-2021 11:52:44.021 [java] [DEBUG] Scanning packages for hooks
01-07-2021 11:52:44.029 [java] [DEBUG] Scanned steps (using static parsing + reflections): 
01-07-2021 11:52:44.029 [java] [DEBUG] 	Sayfada {} alanı yoksa {} yazdır : public void getButtonControl(String key, String msg)
01-07-2021 11:52:44.029 [java] [DEBUG] 	{} saniye bekle : public void bekle(ınt key) throws InterruptedException
01-07-2021 11:52:44.029 [java] [DEBUG] 	{} alanına {} yaz : public void textSendKeys(String key, String text)
01-07-2021 11:52:44.029 [java] [DEBUG] 	{} butonuna tıkla : public void Click(String key)
01-07-2021 11:52:49.378 [Gauge] [DEBUG] Validation completed.
01-07-2021 11:52:49.379 [Gauge] [DEBUG] Run started
01-07-2021 11:52:49.381 [Gauge] [DEBUG] Starting Html Report plugin
01-07-2021 11:52:49.412 [Gauge] [DEBUG] Attempting to connect to grpc server at port: 51676
01-07-2021 11:52:49.413 [Gauge] [DEBUG] Successfully made the connection with plugin with port: 51676
01-07-2021 11:52:49.413 [Gauge] [DEBUG] Initialising suite data store.
01-07-2021 11:53:39.899 [html-report] [DEBUG] Transformed SuiteResult to report structure
01-07-2021 11:53:39.968 [Gauge] [DEBUG] Sending kill message to Html Report plugin.
01-07-2021 11:53:39.968 [html-report] [INFO] Successfully generated html-report to => C:\Users\testinium\IdeaProjects\com.gauge\TEBMobileAutomation\reports\html-report\index.html
01-07-2021 11:53:39.968 [html-report] [DEBUG] Done generating HTML report using theme from C:\Users\testinium\AppData\Roaming\gauge\plugins\html-report\4.0.12\themes\default
01-07-2021 11:53:39.974 [java] [DEBUG] Killing Java runner...
01-07-2021 11:53:39.979 [java] [DEBUG] Stopping execution pool...
01-07-2021 11:53:39.979 [java] [DEBUG] Shutting down grpc server...
01-07-2021 11:53:40.007 [java] [DEBUG] Runner killed gracefully.
01-07-2021 11:53:40.902 [Gauge] [DEBUG] Runner with PID:10136 has exited
01-07-2021 11:53:40.902 [Gauge] [INFO] Specifications:	1 executed	0 passed	1 failed	0 skipped
01-07-2021 11:53:40.902 [Gauge] [INFO] Scenarios:	1 executed	0 passed	1 failed	0 skipped
01-07-2021 11:53:40.902 [Gauge] [INFO] 
Total time taken: 50.515s
01-07-2021 11:53:40.911 [Gauge] [INFO] Updates are available. Run `gauge update -c` for more info.
01-07-2021 11:57:07.371 [Gauge] [DEBUG] Created gauge_screenshots_dir at C:\Users\testinium\IdeaProjects\com.gauge\TEBMobileAutomation\.gauge\screenshots
01-07-2021 11:57:07.378 [Gauge] [DEBUG] Plugin java is already installed.
01-07-2021 11:57:07.380 [Gauge] [DEBUG] Plugin html-report is already installed.
01-07-2021 11:57:07.382 [Gauge] [DEBUG] Parsing started.
01-07-2021 11:57:07.382 [Gauge] [DEBUG] Started concepts parsing.
01-07-2021 11:57:07.413 [Gauge] [DEBUG] 9 concepts parsing completed.
01-07-2021 11:57:07.414 [Gauge] [DEBUG] Started specifications parsing.
01-07-2021 11:57:07.415 [Gauge] [DEBUG] 1 specifications parsing completed.
01-07-2021 11:57:07.415 [Gauge] [DEBUG] Parsing completed.
01-07-2021 11:57:07.452 [java] [DEBUG] ***** Printing Properties/Env Values *****
01-07-2021 11:57:07.452 [java] [DEBUG] PATH: C:\Program Files (x86)\Common Files\Oracle\Java\javapath;C:\Windows\system32;C:\Windows;C:\Windows\System32\Wbem;C:\Windows\System32\WindowsPowerShell\v1.0\;C:\Windows\System32\OpenSSH\;C:\Program Files\nodejs\;C:\Program Files\Java\jdk1.8.0_291\bin;C:\apache-maven\apache-maven-3.8.1\bin;C:\Program Files\Gauge\bin;C:\WINDOWS\system32;C:\WINDOWS;C:\WINDOWS\System32\Wbem;C:\WINDOWS\System32\WindowsPowerShell\v1.0\;C:\WINDOWS\System32\OpenSSH\;C:\Program Files\Git\cmd;C:\Users\testinium\AppData\Local\Android\Sdk\platform-tools;C:\Users\testinium\AppData\Local\Android\Sdk\tools;C:\Users\testinium\AppData\Local\Android\Sdk\tools\bin;C:\Users\testinium\AppData\Local\Android\Sdk\build-tools;C:\Users\testinium\AppData\Local\Android\Sdk;C:\Users\testinium\AppData\Local\Microsoft\WindowsApps;C:\Users\testinium\AppData\Roaming\npm;;C:\Users\testinium\AppData\Roaming\gauge\plugins\screenshot\0.0.1
01-07-2021 11:57:07.452 [java] [DEBUG] JAVA_HOME: C:\Program Files\Java\jdk1.8.0_291
01-07-2021 11:57:07.452 [java] [DEBUG] gauge_project_root: C:\Users\testinium\IdeaProjects\com.gauge\TEBMobileAutomation
01-07-2021 11:57:07.452 [java] [DEBUG] gauge_parallel_streams_count: 
01-07-2021 11:57:07.452 [java] [DEBUG] gauge_reports_dir: reports
01-07-2021 11:57:07.452 [java] [DEBUG] overwrite_reports: true
01-07-2021 11:57:07.452 [java] [DEBUG] logs_directory: logs
01-07-2021 11:57:07.452 [java] [DEBUG] enable_multithreading: 
01-07-2021 11:57:07.452 [java] [DEBUG] gauge_specs_dir: specs
01-07-2021 11:57:07.452 [java] [DEBUG] csv_delimiter: ,
01-07-2021 11:57:07.452 [java] [DEBUG] gauge_java_home: 
01-07-2021 11:57:07.452 [java] [DEBUG] gauge_custom_build_path: 
01-07-2021 11:57:07.452 [java] [DEBUG] gauge_additional_libs: libs/*
01-07-2021 11:57:07.452 [java] [DEBUG] gauge_jvm_args: 
01-07-2021 11:57:07.452 [java] [DEBUG] gauge_custom_compile_dir: 
01-07-2021 11:57:07.452 [java] [DEBUG] gauge_clear_state_level: scenario
01-07-2021 11:57:07.452 [java] [DEBUG] ***** END *****
01-07-2021 11:57:08.260 [Gauge] [DEBUG] Checking updates...
01-07-2021 11:57:08.262 [Gauge] [DEBUG] Downloading https://downloads.gauge.org/plugin/html-report?l=java&p=html-report,java,screenshot,spectacle,xml-report&o=windows&a=amd64
01-07-2021 11:57:09.220 [Gauge] [DEBUG] Downloading https://downloads.gauge.org/plugin/java?l=java&p=html-report,java,screenshot,spectacle,xml-report&o=windows&a=amd64
01-07-2021 11:57:09.539 [Gauge] [DEBUG] Downloading https://downloads.gauge.org/plugin/screenshot?l=java&p=html-report,java,screenshot,spectacle,xml-report&o=windows&a=amd64
01-07-2021 11:57:09.944 [Gauge] [DEBUG] Downloading https://downloads.gauge.org/plugin/spectacle?l=java&p=html-report,java,screenshot,spectacle,xml-report&o=windows&a=amd64
01-07-2021 11:57:10.289 [Gauge] [DEBUG] Downloading https://downloads.gauge.org/plugin/xml-report?l=java&p=html-report,java,screenshot,spectacle,xml-report&o=windows&a=amd64
01-07-2021 11:57:10.554 [java] [DEBUG] classpath set to C:\Program Files\Java\jdk1.8.0_291\jre\lib\charsets.jar;C:\Program Files\Java\jdk1.8.0_291\jre\lib\deploy.jar;C:\Program Files\Java\jdk1.8.0_291\jre\lib\ext\access-bridge-64.jar;C:\Program Files\Java\jdk1.8.0_291\jre\lib\ext\cldrdata.jar;C:\Program Files\Java\jdk1.8.0_291\jre\lib\ext\dnsns.jar;C:\Program Files\Java\jdk1.8.0_291\jre\lib\ext\jaccess.jar;C:\Program Files\Java\jdk1.8.0_291\jre\lib\ext\jfxrt.jar;C:\Program Files\Java\jdk1.8.0_291\jre\lib\ext\localedata.jar;C:\Program Files\Java\jdk1.8.0_291\jre\lib\ext\nashorn.jar;C:\Program Files\Java\jdk1.8.0_291\jre\lib\ext\sunec.jar;C:\Program Files\Java\jdk1.8.0_291\jre\lib\ext\sunjce_provider.jar;C:\Program Files\Java\jdk1.8.0_291\jre\lib\ext\sunmscapi.jar;C:\Program Files\Java\jdk1.8.0_291\jre\lib\ext\sunpkcs11.jar;C:\Program Files\Java\jdk1.8.0_291\jre\lib\ext\zipfs.jar;C:\Program Files\Java\jdk1.8.0_291\jre\lib\javaws.jar;C:\Program Files\Java\jdk1.8.0_291\jre\lib\jce.jar;C:\Program Files\Java\jdk1.8.0_291\jre\lib\jfr.jar;C:\Program Files\Java\jdk1.8.0_291\jre\lib\jfxswt.jar;C:\Program Files\Java\jdk1.8.0_291\jre\lib\jsse.jar;C:\Program Files\Java\jdk1.8.0_291\jre\lib\management-agent.jar;C:\Program Files\Java\jdk1.8.0_291\jre\lib\plugin.jar;C:\Program Files\Java\jdk1.8.0_291\jre\lib\resources.jar;C:\Program Files\Java\jdk1.8.0_291\jre\lib\rt.jar;C:\Users\testinium\IdeaProjects\com.gauge\TEBMobileAutomation\target\test-classes;C:\Users\testinium\IdeaProjects\com.gauge\TEBMobileAutomation\target\classes;C:\Users\testinium\.m2\repository\junit\junit\4.12\junit-4.12.jar;C:\Users\testinium\.m2\repository\org\hamcrest\hamcrest-core\1.3\hamcrest-core-1.3.jar;C:\Users\testinium\.m2\repository\com\thoughtworks\gauge\gauge-java\0.7.15\gauge-java-0.7.15.jar;C:\Users\testinium\.m2\repository\org\assertj\assertj-core\3.19.0\assertj-core-3.19.0.jar;C:\Users\testinium\.m2\repository\org\reflections\reflections\0.9.9\reflections-0.9.9.jar;C:\Users\testinium\.m2\repository\org\javassist\javassist\3.18.2-GA\javassist-3.18.2-GA.jar;C:\Users\testinium\.m2\repository\com\google\code\findbugs\annotations\2.0.1\annotations-2.0.1.jar;C:\Users\testinium\.m2\repository\com\github\javaparser\javaparser-core\3.16.3\javaparser-core-3.16.3.jar;C:\Users\testinium\.m2\repository\commons-io\commons-io\2.8.0\commons-io-2.8.0.jar;C:\Users\testinium\.m2\repository\commons-lang\commons-lang\2.6\commons-lang-2.6.jar;C:\Users\testinium\.m2\repository\org\json\json\20210307\json-20210307.jar;C:\Users\testinium\.m2\repository\com\google\protobuf\protobuf-java\3.15.8\protobuf-java-3.15.8.jar;C:\Users\testinium\.m2\repository\com\google\guava\guava\30.1.1-jre\guava-30.1.1-jre.jar;C:\Users\testinium\.m2\repository\com\google\guava\failureaccess\1.0.1\failureaccess-1.0.1.jar;C:\Users\testinium\.m2\repository\com\google\guava\listenablefuture\9999.0-empty-to-avoid-conflict-with-guava\listenablefuture-9999.0-empty-to-avoid-conflict-with-guava.jar;C:\Users\testinium\.m2\repository\com\google\code\findbugs\jsr305\3.0.2\jsr305-3.0.2.jar;C:\Users\testinium\.m2\repository\org\checkerframework\checker-qual\3.8.0\checker-qual-3.8.0.jar;C:\Users\testinium\.m2\repository\com\google\errorprone\error_prone_annotations\2.5.1\error_prone_annotations-2.5.1.jar;C:\Users\testinium\.m2\repository\com\google\j2objc\j2objc-annotations\1.3\j2objc-annotations-1.3.jar;C:\Users\testinium\.m2\repository\io\grpc\grpc-netty-shaded\1.37.0\grpc-netty-shaded-1.37.0.jar;C:\Users\testinium\.m2\repository\io\grpc\grpc-core\1.37.0\grpc-core-1.37.0.jar;C:\Users\testinium\.m2\repository\com\google\android\annotations\4.1.1.4\annotations-4.1.1.4.jar;C:\Users\testinium\.m2\repository\io\perfmark\perfmark-api\0.23.0\perfmark-api-0.23.0.jar;C:\Users\testinium\.m2\repository\io\grpc\grpc-protobuf\1.37.0\grpc-protobuf-1.37.0.jar;C:\Users\testinium\.m2\repository\io\grpc\grpc-api\1.37.0\grpc-api-1.37.0.jar;C:\Users\testinium\.m2\repository\io\grpc\grpc-context\1.37.0\grpc-context-1.37.0.jar;C:\Users\testinium\.m2\repository\com\google\api\grpc\proto-google-common-protos\2.0.1\proto-google-common-protos-2.0.1.jar;C:\Users\testinium\.m2\repository\io\grpc\grpc-protobuf-lite\1.37.0\grpc-protobuf-lite-1.37.0.jar;C:\Users\testinium\.m2\repository\org\codehaus\mojo\animal-sniffer-annotations\1.19\animal-sniffer-annotations-1.19.jar;C:\Users\testinium\.m2\repository\io\grpc\grpc-stub\1.37.0\grpc-stub-1.37.0.jar;C:\Users\testinium\.m2\repository\javax\annotation\javax.annotation-api\1.3.2\javax.annotation-api-1.3.2.jar;C:\Users\testinium\.m2\repository\io\appium\java-client\7.3.0\java-client-7.3.0.jar;C:\Users\testinium\.m2\repository\org\seleniumhq\selenium\selenium-java\3.141.59\selenium-java-3.141.59.jar;C:\Users\testinium\.m2\repository\org\seleniumhq\selenium\selenium-chrome-driver\3.141.59\selenium-chrome-driver-3.141.59.jar;C:\Users\testinium\.m2\repository\org\seleniumhq\selenium\selenium-edge-driver\3.141.59\selenium-edge-driver-3.141.59.jar;C:\Users\testinium\.m2\repository\org\seleniumhq\selenium\selenium-firefox-driver\3.141.59\selenium-firefox-driver-3.141.59.jar;C:\Users\testinium\.m2\repository\org\seleniumhq\selenium\selenium-ie-driver\3.141.59\selenium-ie-driver-3.141.59.jar;C:\Users\testinium\.m2\repository\org\seleniumhq\selenium\selenium-opera-driver\3.141.59\selenium-opera-driver-3.141.59.jar;C:\Users\testinium\.m2\repository\org\seleniumhq\selenium\selenium-remote-driver\3.141.59\selenium-remote-driver-3.141.59.jar;C:\Users\testinium\.m2\repository\org\seleniumhq\selenium\selenium-safari-driver\3.141.59\selenium-safari-driver-3.141.59.jar;C:\Users\testinium\.m2\repository\net\bytebuddy\byte-buddy\1.8.15\byte-buddy-1.8.15.jar;C:\Users\testinium\.m2\repository\org\apache\commons\commons-exec\1.3\commons-exec-1.3.jar;C:\Users\testinium\.m2\repository\com\squareup\okhttp3\okhttp\3.11.0\okhttp-3.11.0.jar;C:\Users\testinium\.m2\repository\com\squareup\okio\okio\1.14.0\okio-1.14.0.jar;C:\Users\testinium\.m2\repository\org\seleniumhq\selenium\selenium-support\3.141.59\selenium-support-3.141.59.jar;C:\Users\testinium\.m2\repository\org\seleniumhq\selenium\selenium-api\3.141.59\selenium-api-3.141.59.jar;C:\Users\testinium\.m2\repository\com\google\code\gson\gson\2.8.5\gson-2.8.5.jar;C:\Users\testinium\.m2\repository\org\apache\httpcomponents\httpclient\4.5.9\httpclient-4.5.9.jar;C:\Users\testinium\.m2\repository\org\apache\httpcomponents\httpcore\4.4.11\httpcore-4.4.11.jar;C:\Users\testinium\.m2\repository\commons-logging\commons-logging\1.2\commons-logging-1.2.jar;C:\Users\testinium\.m2\repository\commons-codec\commons-codec\1.11\commons-codec-1.11.jar;C:\Users\testinium\.m2\repository\cglib\cglib\3.2.12\cglib-3.2.12.jar;C:\Users\testinium\.m2\repository\org\ow2\asm\asm\7.1\asm-7.1.jar;C:\Users\testinium\.m2\repository\commons-validator\commons-validator\1.6\commons-validator-1.6.jar;C:\Users\testinium\.m2\repository\commons-beanutils\commons-beanutils\1.9.2\commons-beanutils-1.9.2.jar;C:\Users\testinium\.m2\repository\commons-digester\commons-digester\1.8.1\commons-digester-1.8.1.jar;C:\Users\testinium\.m2\repository\commons-collections\commons-collections\3.2.2\commons-collections-3.2.2.jar;C:\Users\testinium\.m2\repository\org\apache\commons\commons-lang3\3.9\commons-lang3-3.9.jar;C:\Users\testinium\.m2\repository\org\springframework\spring-context\5.1.8.RELEASE\spring-context-5.1.8.RELEASE.jar;C:\Users\testinium\.m2\repository\org\springframework\spring-aop\5.1.8.RELEASE\spring-aop-5.1.8.RELEASE.jar;C:\Users\testinium\.m2\repository\org\springframework\spring-beans\5.1.8.RELEASE\spring-beans-5.1.8.RELEASE.jar;C:\Users\testinium\.m2\repository\org\springframework\spring-core\5.1.8.RELEASE\spring-core-5.1.8.RELEASE.jar;C:\Users\testinium\.m2\repository\org\springframework\spring-jcl\5.1.8.RELEASE\spring-jcl-5.1.8.RELEASE.jar;C:\Users\testinium\.m2\repository\org\springframework\spring-expression\5.1.8.RELEASE\spring-expression-5.1.8.RELEASE.jar;C:\Users\testinium\.m2\repository\org\aspectj\aspectjweaver\1.9.4\aspectjweaver-1.9.4.jar;C:\Users\testinium\.m2\repository\org\slf4j\slf4j-api\1.7.30\slf4j-api-1.7.30.jar;C:\Users\testinium\.m2\repository\org\slf4j\slf4j-log4j12\1.7.30\slf4j-log4j12-1.7.30.jar;C:\Users\testinium\.m2\repository\log4j\log4j\1.2.17\log4j-1.2.17.jar
01-07-2021 11:57:10.710 [java] [DEBUG] found java executable in C:\Program Files\Java\jdk1.8.0_291\jre\bin\java.exe
01-07-2021 11:57:10.710 [java] [DEBUG] running - C:\Program Files\Java\jdk1.8.0_291\jre\bin\java.exe [-Dfile.encoding=UTF-8 com.thoughtworks.gauge.GaugeRuntime --start]
01-07-2021 11:57:10.710 [java] [DEBUG] stdout/stderr is logged to logs\4220-java.exe.out
01-07-2021 11:57:10.902 [java] [DEBUG] multithreading is set to false
01-07-2021 11:57:11.205 [java] [DEBUG] Using reflection to scan dependencies for gauge implementations...
01-07-2021 11:57:11.595 [java] [DEBUG] gauge-java took 693milliseconds to load and scan. This should be less than 'runner_connection_timeout' config value.
01-07-2021 11:57:11.595 [java] [DEBUG] run 'gauge config runner_connection_timeout' and verify that it is < 693
01-07-2021 11:57:11.595 [java] [DEBUG] starting gRPC server...
01-07-2021 11:57:11.962 [java] [DEBUG] started gRPC server on port 62658
01-07-2021 11:57:11.962 [Gauge] [DEBUG] Attempting to connect to grpc server at port: 62658
01-07-2021 11:57:12.122 [Gauge] [DEBUG] Successfully made the connection with runner with port: 62658
01-07-2021 11:57:12.122 [Gauge] [DEBUG] Validation started.
01-07-2021 11:57:14.617 [java] [DEBUG] Scanning packages for steps
01-07-2021 11:57:14.659 [java] [DEBUG] Comparing 'com.trendyol.steps.StepImplementation.getButtonControl' and 'com.trendyol.steps.StepImplementation.getButtonControl'
01-07-2021 11:57:14.659 [java] [DEBUG] Found Sayfada {} alanı yoksa {} yazdır in current project scope.
01-07-2021 11:57:14.659 [java] [DEBUG] Comparing 'com.trendyol.steps.StepImplementation.Click' and 'com.trendyol.steps.StepImplementation.Click'
01-07-2021 11:57:14.659 [java] [DEBUG] Found {} butonuna tıkla in current project scope.
01-07-2021 11:57:14.659 [java] [DEBUG] Comparing 'com.trendyol.steps.StepImplementation.bekle' and 'com.trendyol.steps.StepImplementation.bekle'
01-07-2021 11:57:14.659 [java] [DEBUG] Found {} saniye bekle in current project scope.
01-07-2021 11:57:14.659 [java] [DEBUG] Comparing 'com.trendyol.steps.StepImplementation.textSendKeys' and 'com.trendyol.steps.StepImplementation.textSendKeys'
01-07-2021 11:57:14.659 [java] [DEBUG] Found {} alanına {} yaz in current project scope.
01-07-2021 11:57:14.659 [java] [DEBUG] Scanning packages for hooks
01-07-2021 11:57:14.666 [java] [DEBUG] Scanned steps (using static parsing + reflections): 
01-07-2021 11:57:14.667 [java] [DEBUG] 	Sayfada {} alanı yoksa {} yazdır : public void getButtonControl(String key, String msg)
01-07-2021 11:57:14.667 [java] [DEBUG] 	{} saniye bekle : public void bekle(ınt key) throws InterruptedException
01-07-2021 11:57:14.667 [java] [DEBUG] 	{} alanına {} yaz : public void textSendKeys(String key, String text)
01-07-2021 11:57:14.667 [java] [DEBUG] 	{} butonuna tıkla : public void Click(String key)
01-07-2021 11:57:17.903 [Gauge] [DEBUG] Validation completed.
01-07-2021 11:57:17.912 [Gauge] [DEBUG] Run started
01-07-2021 11:57:17.915 [Gauge] [DEBUG] Starting Html Report plugin
01-07-2021 11:57:17.961 [Gauge] [DEBUG] Attempting to connect to grpc server at port: 62666
01-07-2021 11:57:17.962 [Gauge] [DEBUG] Successfully made the connection with plugin with port: 62666
01-07-2021 11:57:17.962 [Gauge] [DEBUG] Initialising suite data store.
01-07-2021 11:57:31.831 [html-report] [DEBUG] Transformed SuiteResult to report structure
01-07-2021 11:57:32.578 [Gauge] [DEBUG] Sending kill message to Html Report plugin.
01-07-2021 11:57:32.578 [html-report] [INFO] Successfully generated html-report to => C:\Users\testinium\IdeaProjects\com.gauge\TEBMobileAutomation\reports\html-report\index.html
01-07-2021 11:57:32.578 [html-report] [DEBUG] Done generating HTML report using theme from C:\Users\testinium\AppData\Roaming\gauge\plugins\html-report\4.0.12\themes\default
01-07-2021 11:57:32.673 [java] [DEBUG] Killing Java runner...
01-07-2021 11:57:32.677 [java] [DEBUG] Stopping execution pool...
01-07-2021 11:57:32.678 [java] [DEBUG] Shutting down grpc server...
01-07-2021 11:57:32.748 [java] [DEBUG] Runner killed gracefully.
01-07-2021 11:57:33.749 [Gauge] [DEBUG] Runner with PID:4220 has exited
01-07-2021 11:57:33.752 [Gauge] [INFO] Specifications:	1 executed	0 passed	1 failed	0 skipped
01-07-2021 11:57:33.752 [Gauge] [INFO] Scenarios:	1 executed	0 passed	1 failed	0 skipped
01-07-2021 11:57:33.752 [Gauge] [INFO] 
Total time taken: 13.825s
01-07-2021 11:57:33.755 [Gauge] [INFO] Updates are available. Run `gauge update -c` for more info.
01-07-2021 11:59:21.445 [Gauge] [DEBUG] Created gauge_screenshots_dir at C:\Users\testinium\IdeaProjects\com.gauge\TEBMobileAutomation\.gauge\screenshots
01-07-2021 11:59:21.450 [Gauge] [DEBUG] Plugin html-report is already installed.
01-07-2021 11:59:21.451 [Gauge] [DEBUG] Plugin java is already installed.
01-07-2021 11:59:21.452 [Gauge] [DEBUG] Parsing started.
01-07-2021 11:59:21.452 [Gauge] [DEBUG] Started concepts parsing.
01-07-2021 11:59:21.466 [Gauge] [DEBUG] 9 concepts parsing completed.
01-07-2021 11:59:21.466 [Gauge] [DEBUG] Started specifications parsing.
01-07-2021 11:59:21.468 [Gauge] [DEBUG] 1 specifications parsing completed.
01-07-2021 11:59:21.468 [Gauge] [DEBUG] Parsing completed.
01-07-2021 11:59:21.491 [java] [DEBUG] ***** Printing Properties/Env Values *****
01-07-2021 11:59:21.491 [java] [DEBUG] PATH: C:\Program Files (x86)\Common Files\Oracle\Java\javapath;C:\Windows\system32;C:\Windows;C:\Windows\System32\Wbem;C:\Windows\System32\WindowsPowerShell\v1.0\;C:\Windows\System32\OpenSSH\;C:\Program Files\nodejs\;C:\Program Files\Java\jdk1.8.0_291\bin;C:\apache-maven\apache-maven-3.8.1\bin;C:\Program Files\Gauge\bin;C:\WINDOWS\system32;C:\WINDOWS;C:\WINDOWS\System32\Wbem;C:\WINDOWS\System32\WindowsPowerShell\v1.0\;C:\WINDOWS\System32\OpenSSH\;C:\Program Files\Git\cmd;C:\Users\testinium\AppData\Local\Android\Sdk\platform-tools;C:\Users\testinium\AppData\Local\Android\Sdk\tools;C:\Users\testinium\AppData\Local\Android\Sdk\tools\bin;C:\Users\testinium\AppData\Local\Android\Sdk\build-tools;C:\Users\testinium\AppData\Local\Android\Sdk;C:\Users\testinium\AppData\Local\Microsoft\WindowsApps;C:\Users\testinium\AppData\Roaming\npm;;C:\Users\testinium\AppData\Roaming\gauge\plugins\screenshot\0.0.1
01-07-2021 11:59:21.491 [java] [DEBUG] JAVA_HOME: C:\Program Files\Java\jdk1.8.0_291
01-07-2021 11:59:21.491 [java] [DEBUG] gauge_project_root: C:\Users\testinium\IdeaProjects\com.gauge\TEBMobileAutomation
01-07-2021 11:59:21.491 [java] [DEBUG] gauge_parallel_streams_count: 
01-07-2021 11:59:21.491 [java] [DEBUG] gauge_reports_dir: reports
01-07-2021 11:59:21.491 [java] [DEBUG] overwrite_reports: true
01-07-2021 11:59:21.491 [java] [DEBUG] logs_directory: logs
01-07-2021 11:59:21.491 [java] [DEBUG] enable_multithreading: 
01-07-2021 11:59:21.491 [java] [DEBUG] gauge_specs_dir: specs
01-07-2021 11:59:21.491 [java] [DEBUG] csv_delimiter: ,
01-07-2021 11:59:21.491 [java] [DEBUG] gauge_java_home: 
01-07-2021 11:59:21.491 [java] [DEBUG] gauge_custom_build_path: 
01-07-2021 11:59:21.491 [java] [DEBUG] gauge_additional_libs: libs/*
01-07-2021 11:59:21.491 [java] [DEBUG] gauge_jvm_args: 
01-07-2021 11:59:21.491 [java] [DEBUG] gauge_custom_compile_dir: 
01-07-2021 11:59:21.491 [java] [DEBUG] gauge_clear_state_level: scenario
01-07-2021 11:59:21.491 [java] [DEBUG] ***** END *****
01-07-2021 11:59:21.793 [Gauge] [DEBUG] Checking updates...
01-07-2021 11:59:21.794 [Gauge] [DEBUG] Downloading https://downloads.gauge.org/plugin/html-report?l=java&p=html-report,java,screenshot,spectacle,xml-report&o=windows&a=amd64
01-07-2021 11:59:22.413 [Gauge] [DEBUG] Downloading https://downloads.gauge.org/plugin/java?l=java&p=html-report,java,screenshot,spectacle,xml-report&o=windows&a=amd64
01-07-2021 11:59:22.595 [Gauge] [DEBUG] Downloading https://downloads.gauge.org/plugin/screenshot?l=java&p=html-report,java,screenshot,spectacle,xml-report&o=windows&a=amd64
01-07-2021 11:59:22.794 [Gauge] [DEBUG] Downloading https://downloads.gauge.org/plugin/spectacle?l=java&p=html-report,java,screenshot,spectacle,xml-report&o=windows&a=amd64
01-07-2021 11:59:23.054 [Gauge] [DEBUG] Downloading https://downloads.gauge.org/plugin/xml-report?l=java&p=html-report,java,screenshot,spectacle,xml-report&o=windows&a=amd64
01-07-2021 11:59:24.755 [java] [DEBUG] classpath set to C:\Program Files\Java\jdk1.8.0_291\jre\lib\charsets.jar;C:\Program Files\Java\jdk1.8.0_291\jre\lib\deploy.jar;C:\Program Files\Java\jdk1.8.0_291\jre\lib\ext\access-bridge-64.jar;C:\Program Files\Java\jdk1.8.0_291\jre\lib\ext\cldrdata.jar;C:\Program Files\Java\jdk1.8.0_291\jre\lib\ext\dnsns.jar;C:\Program Files\Java\jdk1.8.0_291\jre\lib\ext\jaccess.jar;C:\Program Files\Java\jdk1.8.0_291\jre\lib\ext\jfxrt.jar;C:\Program Files\Java\jdk1.8.0_291\jre\lib\ext\localedata.jar;C:\Program Files\Java\jdk1.8.0_291\jre\lib\ext\nashorn.jar;C:\Program Files\Java\jdk1.8.0_291\jre\lib\ext\sunec.jar;C:\Program Files\Java\jdk1.8.0_291\jre\lib\ext\sunjce_provider.jar;C:\Program Files\Java\jdk1.8.0_291\jre\lib\ext\sunmscapi.jar;C:\Program Files\Java\jdk1.8.0_291\jre\lib\ext\sunpkcs11.jar;C:\Program Files\Java\jdk1.8.0_291\jre\lib\ext\zipfs.jar;C:\Program Files\Java\jdk1.8.0_291\jre\lib\javaws.jar;C:\Program Files\Java\jdk1.8.0_291\jre\lib\jce.jar;C:\Program Files\Java\jdk1.8.0_291\jre\lib\jfr.jar;C:\Program Files\Java\jdk1.8.0_291\jre\lib\jfxswt.jar;C:\Program Files\Java\jdk1.8.0_291\jre\lib\jsse.jar;C:\Program Files\Java\jdk1.8.0_291\jre\lib\management-agent.jar;C:\Program Files\Java\jdk1.8.0_291\jre\lib\plugin.jar;C:\Program Files\Java\jdk1.8.0_291\jre\lib\resources.jar;C:\Program Files\Java\jdk1.8.0_291\jre\lib\rt.jar;C:\Users\testinium\IdeaProjects\com.gauge\TEBMobileAutomation\target\test-classes;C:\Users\testinium\IdeaProjects\com.gauge\TEBMobileAutomation\target\classes;C:\Users\testinium\.m2\repository\junit\junit\4.12\junit-4.12.jar;C:\Users\testinium\.m2\repository\org\hamcrest\hamcrest-core\1.3\hamcrest-core-1.3.jar;C:\Users\testinium\.m2\repository\com\thoughtworks\gauge\gauge-java\0.7.15\gauge-java-0.7.15.jar;C:\Users\testinium\.m2\repository\org\assertj\assertj-core\3.19.0\assertj-core-3.19.0.jar;C:\Users\testinium\.m2\repository\org\reflections\reflections\0.9.9\reflections-0.9.9.jar;C:\Users\testinium\.m2\repository\org\javassist\javassist\3.18.2-GA\javassist-3.18.2-GA.jar;C:\Users\testinium\.m2\repository\com\google\code\findbugs\annotations\2.0.1\annotations-2.0.1.jar;C:\Users\testinium\.m2\repository\com\github\javaparser\javaparser-core\3.16.3\javaparser-core-3.16.3.jar;C:\Users\testinium\.m2\repository\commons-io\commons-io\2.8.0\commons-io-2.8.0.jar;C:\Users\testinium\.m2\repository\commons-lang\commons-lang\2.6\commons-lang-2.6.jar;C:\Users\testinium\.m2\repository\org\json\json\20210307\json-20210307.jar;C:\Users\testinium\.m2\repository\com\google\protobuf\protobuf-java\3.15.8\protobuf-java-3.15.8.jar;C:\Users\testinium\.m2\repository\com\google\guava\guava\30.1.1-jre\guava-30.1.1-jre.jar;C:\Users\testinium\.m2\repository\com\google\guava\failureaccess\1.0.1\failureaccess-1.0.1.jar;C:\Users\testinium\.m2\repository\com\google\guava\listenablefuture\9999.0-empty-to-avoid-conflict-with-guava\listenablefuture-9999.0-empty-to-avoid-conflict-with-guava.jar;C:\Users\testinium\.m2\repository\com\google\code\findbugs\jsr305\3.0.2\jsr305-3.0.2.jar;C:\Users\testinium\.m2\repository\org\checkerframework\checker-qual\3.8.0\checker-qual-3.8.0.jar;C:\Users\testinium\.m2\repository\com\google\errorprone\error_prone_annotations\2.5.1\error_prone_annotations-2.5.1.jar;C:\Users\testinium\.m2\repository\com\google\j2objc\j2objc-annotations\1.3\j2objc-annotations-1.3.jar;C:\Users\testinium\.m2\repository\io\grpc\grpc-netty-shaded\1.37.0\grpc-netty-shaded-1.37.0.jar;C:\Users\testinium\.m2\repository\io\grpc\grpc-core\1.37.0\grpc-core-1.37.0.jar;C:\Users\testinium\.m2\repository\com\google\android\annotations\4.1.1.4\annotations-4.1.1.4.jar;C:\Users\testinium\.m2\repository\io\perfmark\perfmark-api\0.23.0\perfmark-api-0.23.0.jar;C:\Users\testinium\.m2\repository\io\grpc\grpc-protobuf\1.37.0\grpc-protobuf-1.37.0.jar;C:\Users\testinium\.m2\repository\io\grpc\grpc-api\1.37.0\grpc-api-1.37.0.jar;C:\Users\testinium\.m2\repository\io\grpc\grpc-context\1.37.0\grpc-context-1.37.0.jar;C:\Users\testinium\.m2\repository\com\google\api\grpc\proto-google-common-protos\2.0.1\proto-google-common-protos-2.0.1.jar;C:\Users\testinium\.m2\repository\io\grpc\grpc-protobuf-lite\1.37.0\grpc-protobuf-lite-1.37.0.jar;C:\Users\testinium\.m2\repository\org\codehaus\mojo\animal-sniffer-annotations\1.19\animal-sniffer-annotations-1.19.jar;C:\Users\testinium\.m2\repository\io\grpc\grpc-stub\1.37.0\grpc-stub-1.37.0.jar;C:\Users\testinium\.m2\repository\javax\annotation\javax.annotation-api\1.3.2\javax.annotation-api-1.3.2.jar;C:\Users\testinium\.m2\repository\io\appium\java-client\7.3.0\java-client-7.3.0.jar;C:\Users\testinium\.m2\repository\org\seleniumhq\selenium\selenium-java\3.141.59\selenium-java-3.141.59.jar;C:\Users\testinium\.m2\repository\org\seleniumhq\selenium\selenium-chrome-driver\3.141.59\selenium-chrome-driver-3.141.59.jar;C:\Users\testinium\.m2\repository\org\seleniumhq\selenium\selenium-edge-driver\3.141.59\selenium-edge-driver-3.141.59.jar;C:\Users\testinium\.m2\repository\org\seleniumhq\selenium\selenium-firefox-driver\3.141.59\selenium-firefox-driver-3.141.59.jar;C:\Users\testinium\.m2\repository\org\seleniumhq\selenium\selenium-ie-driver\3.141.59\selenium-ie-driver-3.141.59.jar;C:\Users\testinium\.m2\repository\org\seleniumhq\selenium\selenium-opera-driver\3.141.59\selenium-opera-driver-3.141.59.jar;C:\Users\testinium\.m2\repository\org\seleniumhq\selenium\selenium-remote-driver\3.141.59\selenium-remote-driver-3.141.59.jar;C:\Users\testinium\.m2\repository\org\seleniumhq\selenium\selenium-safari-driver\3.141.59\selenium-safari-driver-3.141.59.jar;C:\Users\testinium\.m2\repository\net\bytebuddy\byte-buddy\1.8.15\byte-buddy-1.8.15.jar;C:\Users\testinium\.m2\repository\org\apache\commons\commons-exec\1.3\commons-exec-1.3.jar;C:\Users\testinium\.m2\repository\com\squareup\okhttp3\okhttp\3.11.0\okhttp-3.11.0.jar;C:\Users\testinium\.m2\repository\com\squareup\okio\okio\1.14.0\okio-1.14.0.jar;C:\Users\testinium\.m2\repository\org\seleniumhq\selenium\selenium-support\3.141.59\selenium-support-3.141.59.jar;C:\Users\testinium\.m2\repository\org\seleniumhq\selenium\selenium-api\3.141.59\selenium-api-3.141.59.jar;C:\Users\testinium\.m2\repository\com\google\code\gson\gson\2.8.5\gson-2.8.5.jar;C:\Users\testinium\.m2\repository\org\apache\httpcomponents\httpclient\4.5.9\httpclient-4.5.9.jar;C:\Users\testinium\.m2\repository\org\apache\httpcomponents\httpcore\4.4.11\httpcore-4.4.11.jar;C:\Users\testinium\.m2\repository\commons-logging\commons-logging\1.2\commons-logging-1.2.jar;C:\Users\testinium\.m2\repository\commons-codec\commons-codec\1.11\commons-codec-1.11.jar;C:\Users\testinium\.m2\repository\cglib\cglib\3.2.12\cglib-3.2.12.jar;C:\Users\testinium\.m2\repository\org\ow2\asm\asm\7.1\asm-7.1.jar;C:\Users\testinium\.m2\repository\commons-validator\commons-validator\1.6\commons-validator-1.6.jar;C:\Users\testinium\.m2\repository\commons-beanutils\commons-beanutils\1.9.2\commons-beanutils-1.9.2.jar;C:\Users\testinium\.m2\repository\commons-digester\commons-digester\1.8.1\commons-digester-1.8.1.jar;C:\Users\testinium\.m2\repository\commons-collections\commons-collections\3.2.2\commons-collections-3.2.2.jar;C:\Users\testinium\.m2\repository\org\apache\commons\commons-lang3\3.9\commons-lang3-3.9.jar;C:\Users\testinium\.m2\repository\org\springframework\spring-context\5.1.8.RELEASE\spring-context-5.1.8.RELEASE.jar;C:\Users\testinium\.m2\repository\org\springframework\spring-aop\5.1.8.RELEASE\spring-aop-5.1.8.RELEASE.jar;C:\Users\testinium\.m2\repository\org\springframework\spring-beans\5.1.8.RELEASE\spring-beans-5.1.8.RELEASE.jar;C:\Users\testinium\.m2\repository\org\springframework\spring-core\5.1.8.RELEASE\spring-core-5.1.8.RELEASE.jar;C:\Users\testinium\.m2\repository\org\springframework\spring-jcl\5.1.8.RELEASE\spring-jcl-5.1.8.RELEASE.jar;C:\Users\testinium\.m2\repository\org\springframework\spring-expression\5.1.8.RELEASE\spring-expression-5.1.8.RELEASE.jar;C:\Users\testinium\.m2\repository\org\aspectj\aspectjweaver\1.9.4\aspectjweaver-1.9.4.jar;C:\Users\testinium\.m2\repository\org\slf4j\slf4j-api\1.7.30\slf4j-api-1.7.30.jar;C:\Users\testinium\.m2\repository\org\slf4j\slf4j-log4j12\1.7.30\slf4j-log4j12-1.7.30.jar;C:\Users\testinium\.m2\repository\log4j\log4j\1.2.17\log4j-1.2.17.jar
01-07-2021 11:59:24.849 [java] [DEBUG] found java executable in C:\Program Files\Java\jdk1.8.0_291\jre\bin\java.exe
01-07-2021 11:59:24.850 [java] [DEBUG] running - C:\Program Files\Java\jdk1.8.0_291\jre\bin\java.exe [-Dfile.encoding=UTF-8 com.thoughtworks.gauge.GaugeRuntime --start]
01-07-2021 11:59:24.850 [java] [DEBUG] stdout/stderr is logged to logs\12676-java.exe.out
01-07-2021 11:59:25.034 [java] [DEBUG] multithreading is set to false
01-07-2021 11:59:25.338 [java] [DEBUG] Using reflection to scan dependencies for gauge implementations...
01-07-2021 11:59:25.747 [java] [DEBUG] gauge-java took 714milliseconds to load and scan. This should be less than 'runner_connection_timeout' config value.
01-07-2021 11:59:25.747 [java] [DEBUG] run 'gauge config runner_connection_timeout' and verify that it is < 714
01-07-2021 11:59:25.747 [java] [DEBUG] starting gRPC server...
01-07-2021 11:59:26.156 [java] [DEBUG] started gRPC server on port 62864
01-07-2021 11:59:26.157 [Gauge] [DEBUG] Attempting to connect to grpc server at port: 62864
01-07-2021 11:59:26.345 [Gauge] [DEBUG] Successfully made the connection with runner with port: 62864
01-07-2021 11:59:26.345 [Gauge] [DEBUG] Validation started.
01-07-2021 11:59:29.039 [java] [DEBUG] Scanning packages for steps
01-07-2021 11:59:29.076 [java] [DEBUG] Comparing 'com.trendyol.steps.StepImplementation.getButtonControl' and 'com.trendyol.steps.StepImplementation.getButtonControl'
01-07-2021 11:59:29.076 [java] [DEBUG] Found Sayfada {} alanı yoksa {} yazdır in current project scope.
01-07-2021 11:59:29.076 [java] [DEBUG] Comparing 'com.trendyol.steps.StepImplementation.Click' and 'com.trendyol.steps.StepImplementation.Click'
01-07-2021 11:59:29.076 [java] [DEBUG] Found {} butonuna tıkla in current project scope.
01-07-2021 11:59:29.076 [java] [DEBUG] Comparing 'com.trendyol.steps.StepImplementation.bekle' and 'com.trendyol.steps.StepImplementation.bekle'
01-07-2021 11:59:29.076 [java] [DEBUG] Found {} saniye bekle in current project scope.
01-07-2021 11:59:29.076 [java] [DEBUG] Comparing 'com.trendyol.steps.StepImplementation.textSendKeys' and 'com.trendyol.steps.StepImplementation.textSendKeys'
01-07-2021 11:59:29.076 [java] [DEBUG] Found {} alanına {} yaz in current project scope.
01-07-2021 11:59:29.076 [java] [DEBUG] Scanning packages for hooks
01-07-2021 11:59:29.083 [java] [DEBUG] Scanned steps (using static parsing + reflections): 
01-07-2021 11:59:29.083 [java] [DEBUG] 	Sayfada {} alanı yoksa {} yazdır : public void getButtonControl(String key, String msg)
01-07-2021 11:59:29.083 [java] [DEBUG] 	{} saniye bekle : public void bekle(ınt key) throws InterruptedException
01-07-2021 11:59:29.083 [java] [DEBUG] 	{} alanına {} yaz : public void textSendKeys(String key, String text)
01-07-2021 11:59:29.083 [java] [DEBUG] 	{} butonuna tıkla : public void Click(String key)
01-07-2021 11:59:32.483 [Gauge] [DEBUG] Validation completed.
01-07-2021 11:59:32.485 [Gauge] [DEBUG] Run started
01-07-2021 11:59:32.487 [Gauge] [DEBUG] Starting Html Report plugin
01-07-2021 11:59:32.527 [Gauge] [DEBUG] Attempting to connect to grpc server at port: 62868
01-07-2021 11:59:32.528 [Gauge] [DEBUG] Successfully made the connection with plugin with port: 62868
01-07-2021 11:59:32.528 [Gauge] [DEBUG] Initialising suite data store.
01-07-2021 11:59:44.273 [html-report] [DEBUG] Transformed SuiteResult to report structure
01-07-2021 11:59:44.448 [Gauge] [DEBUG] Sending kill message to Html Report plugin.
01-07-2021 11:59:44.450 [html-report] [INFO] Successfully generated html-report to => C:\Users\testinium\IdeaProjects\com.gauge\TEBMobileAutomation\reports\html-report\index.html
01-07-2021 11:59:44.450 [html-report] [DEBUG] Done generating HTML report using theme from C:\Users\testinium\AppData\Roaming\gauge\plugins\html-report\4.0.12\themes\default
01-07-2021 11:59:44.464 [java] [DEBUG] Killing Java runner...
01-07-2021 11:59:44.465 [java] [DEBUG] Stopping execution pool...
01-07-2021 11:59:44.467 [java] [DEBUG] Shutting down grpc server...
01-07-2021 11:59:44.496 [java] [DEBUG] Runner killed gracefully.
01-07-2021 11:59:45.304 [Gauge] [DEBUG] Runner with PID:12676 has exited
01-07-2021 11:59:45.304 [Gauge] [INFO] Specifications:	1 executed	0 passed	1 failed	0 skipped
01-07-2021 11:59:45.304 [Gauge] [INFO] Scenarios:	1 executed	0 passed	1 failed	0 skipped
01-07-2021 11:59:45.304 [Gauge] [INFO] 
Total time taken: 11.774s
01-07-2021 11:59:45.305 [Gauge] [INFO] Updates are available. Run `gauge update -c` for more info.
01-07-2021 12:02:21.272 [Gauge] [DEBUG] Created gauge_screenshots_dir at C:\Users\testinium\IdeaProjects\com.gauge\TEBMobileAutomation\.gauge\screenshots
01-07-2021 12:02:21.276 [Gauge] [DEBUG] Plugin java is already installed.
01-07-2021 12:02:21.278 [Gauge] [DEBUG] Plugin html-report is already installed.
01-07-2021 12:02:21.279 [Gauge] [DEBUG] Parsing started.
01-07-2021 12:02:21.280 [Gauge] [DEBUG] Started concepts parsing.
01-07-2021 12:02:21.291 [Gauge] [DEBUG] 9 concepts parsing completed.
01-07-2021 12:02:21.291 [Gauge] [DEBUG] Started specifications parsing.
01-07-2021 12:02:21.292 [Gauge] [DEBUG] 1 specifications parsing completed.
01-07-2021 12:02:21.293 [Gauge] [DEBUG] Parsing completed.
01-07-2021 12:02:21.314 [java] [DEBUG] ***** Printing Properties/Env Values *****
01-07-2021 12:02:21.314 [java] [DEBUG] PATH: C:\Program Files (x86)\Common Files\Oracle\Java\javapath;C:\Windows\system32;C:\Windows;C:\Windows\System32\Wbem;C:\Windows\System32\WindowsPowerShell\v1.0\;C:\Windows\System32\OpenSSH\;C:\Program Files\nodejs\;C:\Program Files\Java\jdk1.8.0_291\bin;C:\apache-maven\apache-maven-3.8.1\bin;C:\Program Files\Gauge\bin;C:\WINDOWS\system32;C:\WINDOWS;C:\WINDOWS\System32\Wbem;C:\WINDOWS\System32\WindowsPowerShell\v1.0\;C:\WINDOWS\System32\OpenSSH\;C:\Program Files\Git\cmd;C:\Users\testinium\AppData\Local\Android\Sdk\platform-tools;C:\Users\testinium\AppData\Local\Android\Sdk\tools;C:\Users\testinium\AppData\Local\Android\Sdk\tools\bin;C:\Users\testinium\AppData\Local\Android\Sdk\build-tools;C:\Users\testinium\AppData\Local\Android\Sdk;C:\Users\testinium\AppData\Local\Microsoft\WindowsApps;C:\Users\testinium\AppData\Roaming\npm;;C:\Users\testinium\AppData\Roaming\gauge\plugins\screenshot\0.0.1
01-07-2021 12:02:21.314 [java] [DEBUG] JAVA_HOME: C:\Program Files\Java\jdk1.8.0_291
01-07-2021 12:02:21.314 [java] [DEBUG] gauge_project_root: C:\Users\testinium\IdeaProjects\com.gauge\TEBMobileAutomation
01-07-2021 12:02:21.314 [java] [DEBUG] gauge_parallel_streams_count: 
01-07-2021 12:02:21.314 [java] [DEBUG] gauge_reports_dir: reports
01-07-2021 12:02:21.314 [java] [DEBUG] overwrite_reports: true
01-07-2021 12:02:21.314 [java] [DEBUG] logs_directory: logs
01-07-2021 12:02:21.314 [java] [DEBUG] enable_multithreading: 
01-07-2021 12:02:21.314 [java] [DEBUG] gauge_specs_dir: specs
01-07-2021 12:02:21.314 [java] [DEBUG] csv_delimiter: ,
01-07-2021 12:02:21.314 [java] [DEBUG] gauge_java_home: 
01-07-2021 12:02:21.314 [java] [DEBUG] gauge_custom_build_path: 
01-07-2021 12:02:21.314 [java] [DEBUG] gauge_additional_libs: libs/*
01-07-2021 12:02:21.314 [java] [DEBUG] gauge_jvm_args: 
01-07-2021 12:02:21.314 [java] [DEBUG] gauge_custom_compile_dir: 
01-07-2021 12:02:21.314 [java] [DEBUG] gauge_clear_state_level: scenario
01-07-2021 12:02:21.314 [java] [DEBUG] ***** END *****
01-07-2021 12:02:21.629 [Gauge] [DEBUG] Checking updates...
01-07-2021 12:02:21.629 [Gauge] [DEBUG] Downloading https://downloads.gauge.org/plugin/html-report?l=java&p=html-report,java,screenshot,spectacle,xml-report&o=windows&a=amd64
01-07-2021 12:02:22.182 [Gauge] [DEBUG] Downloading https://downloads.gauge.org/plugin/java?l=java&p=html-report,java,screenshot,spectacle,xml-report&o=windows&a=amd64
01-07-2021 12:02:22.349 [Gauge] [DEBUG] Downloading https://downloads.gauge.org/plugin/screenshot?l=java&p=html-report,java,screenshot,spectacle,xml-report&o=windows&a=amd64
01-07-2021 12:02:22.552 [Gauge] [DEBUG] Downloading https://downloads.gauge.org/plugin/spectacle?l=java&p=html-report,java,screenshot,spectacle,xml-report&o=windows&a=amd64
01-07-2021 12:02:22.764 [Gauge] [DEBUG] Downloading https://downloads.gauge.org/plugin/xml-report?l=java&p=html-report,java,screenshot,spectacle,xml-report&o=windows&a=amd64
01-07-2021 12:02:24.060 [java] [DEBUG] classpath set to C:\Program Files\Java\jdk1.8.0_291\jre\lib\charsets.jar;C:\Program Files\Java\jdk1.8.0_291\jre\lib\deploy.jar;C:\Program Files\Java\jdk1.8.0_291\jre\lib\ext\access-bridge-64.jar;C:\Program Files\Java\jdk1.8.0_291\jre\lib\ext\cldrdata.jar;C:\Program Files\Java\jdk1.8.0_291\jre\lib\ext\dnsns.jar;C:\Program Files\Java\jdk1.8.0_291\jre\lib\ext\jaccess.jar;C:\Program Files\Java\jdk1.8.0_291\jre\lib\ext\jfxrt.jar;C:\Program Files\Java\jdk1.8.0_291\jre\lib\ext\localedata.jar;C:\Program Files\Java\jdk1.8.0_291\jre\lib\ext\nashorn.jar;C:\Program Files\Java\jdk1.8.0_291\jre\lib\ext\sunec.jar;C:\Program Files\Java\jdk1.8.0_291\jre\lib\ext\sunjce_provider.jar;C:\Program Files\Java\jdk1.8.0_291\jre\lib\ext\sunmscapi.jar;C:\Program Files\Java\jdk1.8.0_291\jre\lib\ext\sunpkcs11.jar;C:\Program Files\Java\jdk1.8.0_291\jre\lib\ext\zipfs.jar;C:\Program Files\Java\jdk1.8.0_291\jre\lib\javaws.jar;C:\Program Files\Java\jdk1.8.0_291\jre\lib\jce.jar;C:\Program Files\Java\jdk1.8.0_291\jre\lib\jfr.jar;C:\Program Files\Java\jdk1.8.0_291\jre\lib\jfxswt.jar;C:\Program Files\Java\jdk1.8.0_291\jre\lib\jsse.jar;C:\Program Files\Java\jdk1.8.0_291\jre\lib\management-agent.jar;C:\Program Files\Java\jdk1.8.0_291\jre\lib\plugin.jar;C:\Program Files\Java\jdk1.8.0_291\jre\lib\resources.jar;C:\Program Files\Java\jdk1.8.0_291\jre\lib\rt.jar;C:\Users\testinium\IdeaProjects\com.gauge\TEBMobileAutomation\target\test-classes;C:\Users\testinium\IdeaProjects\com.gauge\TEBMobileAutomation\target\classes;C:\Users\testinium\.m2\repository\junit\junit\4.12\junit-4.12.jar;C:\Users\testinium\.m2\repository\org\hamcrest\hamcrest-core\1.3\hamcrest-core-1.3.jar;C:\Users\testinium\.m2\repository\com\thoughtworks\gauge\gauge-java\0.7.15\gauge-java-0.7.15.jar;C:\Users\testinium\.m2\repository\org\assertj\assertj-core\3.19.0\assertj-core-3.19.0.jar;C:\Users\testinium\.m2\repository\org\reflections\reflections\0.9.9\reflections-0.9.9.jar;C:\Users\testinium\.m2\repository\org\javassist\javassist\3.18.2-GA\javassist-3.18.2-GA.jar;C:\Users\testinium\.m2\repository\com\google\code\findbugs\annotations\2.0.1\annotations-2.0.1.jar;C:\Users\testinium\.m2\repository\com\github\javaparser\javaparser-core\3.16.3\javaparser-core-3.16.3.jar;C:\Users\testinium\.m2\repository\commons-io\commons-io\2.8.0\commons-io-2.8.0.jar;C:\Users\testinium\.m2\repository\commons-lang\commons-lang\2.6\commons-lang-2.6.jar;C:\Users\testinium\.m2\repository\org\json\json\20210307\json-20210307.jar;C:\Users\testinium\.m2\repository\com\google\protobuf\protobuf-java\3.15.8\protobuf-java-3.15.8.jar;C:\Users\testinium\.m2\repository\com\google\guava\guava\30.1.1-jre\guava-30.1.1-jre.jar;C:\Users\testinium\.m2\repository\com\google\guava\failureaccess\1.0.1\failureaccess-1.0.1.jar;C:\Users\testinium\.m2\repository\com\google\guava\listenablefuture\9999.0-empty-to-avoid-conflict-with-guava\listenablefuture-9999.0-empty-to-avoid-conflict-with-guava.jar;C:\Users\testinium\.m2\repository\com\google\code\findbugs\jsr305\3.0.2\jsr305-3.0.2.jar;C:\Users\testinium\.m2\repository\org\checkerframework\checker-qual\3.8.0\checker-qual-3.8.0.jar;C:\Users\testinium\.m2\repository\com\google\errorprone\error_prone_annotations\2.5.1\error_prone_annotations-2.5.1.jar;C:\Users\testinium\.m2\repository\com\google\j2objc\j2objc-annotations\1.3\j2objc-annotations-1.3.jar;C:\Users\testinium\.m2\repository\io\grpc\grpc-netty-shaded\1.37.0\grpc-netty-shaded-1.37.0.jar;C:\Users\testinium\.m2\repository\io\grpc\grpc-core\1.37.0\grpc-core-1.37.0.jar;C:\Users\testinium\.m2\repository\com\google\android\annotations\4.1.1.4\annotations-4.1.1.4.jar;C:\Users\testinium\.m2\repository\io\perfmark\perfmark-api\0.23.0\perfmark-api-0.23.0.jar;C:\Users\testinium\.m2\repository\io\grpc\grpc-protobuf\1.37.0\grpc-protobuf-1.37.0.jar;C:\Users\testinium\.m2\repository\io\grpc\grpc-api\1.37.0\grpc-api-1.37.0.jar;C:\Users\testinium\.m2\repository\io\grpc\grpc-context\1.37.0\grpc-context-1.37.0.jar;C:\Users\testinium\.m2\repository\com\google\api\grpc\proto-google-common-protos\2.0.1\proto-google-common-protos-2.0.1.jar;C:\Users\testinium\.m2\repository\io\grpc\grpc-protobuf-lite\1.37.0\grpc-protobuf-lite-1.37.0.jar;C:\Users\testinium\.m2\repository\org\codehaus\mojo\animal-sniffer-annotations\1.19\animal-sniffer-annotations-1.19.jar;C:\Users\testinium\.m2\repository\io\grpc\grpc-stub\1.37.0\grpc-stub-1.37.0.jar;C:\Users\testinium\.m2\repository\javax\annotation\javax.annotation-api\1.3.2\javax.annotation-api-1.3.2.jar;C:\Users\testinium\.m2\repository\io\appium\java-client\7.3.0\java-client-7.3.0.jar;C:\Users\testinium\.m2\repository\org\seleniumhq\selenium\selenium-java\3.141.59\selenium-java-3.141.59.jar;C:\Users\testinium\.m2\repository\org\seleniumhq\selenium\selenium-chrome-driver\3.141.59\selenium-chrome-driver-3.141.59.jar;C:\Users\testinium\.m2\repository\org\seleniumhq\selenium\selenium-edge-driver\3.141.59\selenium-edge-driver-3.141.59.jar;C:\Users\testinium\.m2\repository\org\seleniumhq\selenium\selenium-firefox-driver\3.141.59\selenium-firefox-driver-3.141.59.jar;C:\Users\testinium\.m2\repository\org\seleniumhq\selenium\selenium-ie-driver\3.141.59\selenium-ie-driver-3.141.59.jar;C:\Users\testinium\.m2\repository\org\seleniumhq\selenium\selenium-opera-driver\3.141.59\selenium-opera-driver-3.141.59.jar;C:\Users\testinium\.m2\repository\org\seleniumhq\selenium\selenium-remote-driver\3.141.59\selenium-remote-driver-3.141.59.jar;C:\Users\testinium\.m2\repository\org\seleniumhq\selenium\selenium-safari-driver\3.141.59\selenium-safari-driver-3.141.59.jar;C:\Users\testinium\.m2\repository\net\bytebuddy\byte-buddy\1.8.15\byte-buddy-1.8.15.jar;C:\Users\testinium\.m2\repository\org\apache\commons\commons-exec\1.3\commons-exec-1.3.jar;C:\Users\testinium\.m2\repository\com\squareup\okhttp3\okhttp\3.11.0\okhttp-3.11.0.jar;C:\Users\testinium\.m2\repository\com\squareup\okio\okio\1.14.0\okio-1.14.0.jar;C:\Users\testinium\.m2\repository\org\seleniumhq\selenium\selenium-support\3.141.59\selenium-support-3.141.59.jar;C:\Users\testinium\.m2\repository\org\seleniumhq\selenium\selenium-api\3.141.59\selenium-api-3.141.59.jar;C:\Users\testinium\.m2\repository\com\google\code\gson\gson\2.8.5\gson-2.8.5.jar;C:\Users\testinium\.m2\repository\org\apache\httpcomponents\httpclient\4.5.9\httpclient-4.5.9.jar;C:\Users\testinium\.m2\repository\org\apache\httpcomponents\httpcore\4.4.11\httpcore-4.4.11.jar;C:\Users\testinium\.m2\repository\commons-logging\commons-logging\1.2\commons-logging-1.2.jar;C:\Users\testinium\.m2\repository\commons-codec\commons-codec\1.11\commons-codec-1.11.jar;C:\Users\testinium\.m2\repository\cglib\cglib\3.2.12\cglib-3.2.12.jar;C:\Users\testinium\.m2\repository\org\ow2\asm\asm\7.1\asm-7.1.jar;C:\Users\testinium\.m2\repository\commons-validator\commons-validator\1.6\commons-validator-1.6.jar;C:\Users\testinium\.m2\repository\commons-beanutils\commons-beanutils\1.9.2\commons-beanutils-1.9.2.jar;C:\Users\testinium\.m2\repository\commons-digester\commons-digester\1.8.1\commons-digester-1.8.1.jar;C:\Users\testinium\.m2\repository\commons-collections\commons-collections\3.2.2\commons-collections-3.2.2.jar;C:\Users\testinium\.m2\repository\org\apache\commons\commons-lang3\3.9\commons-lang3-3.9.jar;C:\Users\testinium\.m2\repository\org\springframework\spring-context\5.1.8.RELEASE\spring-context-5.1.8.RELEASE.jar;C:\Users\testinium\.m2\repository\org\springframework\spring-aop\5.1.8.RELEASE\spring-aop-5.1.8.RELEASE.jar;C:\Users\testinium\.m2\repository\org\springframework\spring-beans\5.1.8.RELEASE\spring-beans-5.1.8.RELEASE.jar;C:\Users\testinium\.m2\repository\org\springframework\spring-core\5.1.8.RELEASE\spring-core-5.1.8.RELEASE.jar;C:\Users\testinium\.m2\repository\org\springframework\spring-jcl\5.1.8.RELEASE\spring-jcl-5.1.8.RELEASE.jar;C:\Users\testinium\.m2\repository\org\springframework\spring-expression\5.1.8.RELEASE\spring-expression-5.1.8.RELEASE.jar;C:\Users\testinium\.m2\repository\org\aspectj\aspectjweaver\1.9.4\aspectjweaver-1.9.4.jar;C:\Users\testinium\.m2\repository\org\slf4j\slf4j-api\1.7.30\slf4j-api-1.7.30.jar;C:\Users\testinium\.m2\repository\org\slf4j\slf4j-log4j12\1.7.30\slf4j-log4j12-1.7.30.jar;C:\Users\testinium\.m2\repository\log4j\log4j\1.2.17\log4j-1.2.17.jar
01-07-2021 12:02:24.105 [java] [DEBUG] found java executable in C:\Program Files\Java\jdk1.8.0_291\jre\bin\java.exe
01-07-2021 12:02:24.105 [java] [DEBUG] running - C:\Program Files\Java\jdk1.8.0_291\jre\bin\java.exe [-Dfile.encoding=UTF-8 com.thoughtworks.gauge.GaugeRuntime --start]
01-07-2021 12:02:24.105 [java] [DEBUG] stdout/stderr is logged to logs\7324-java.exe.out
01-07-2021 12:02:24.284 [java] [DEBUG] multithreading is set to false
01-07-2021 12:02:24.577 [java] [DEBUG] Using reflection to scan dependencies for gauge implementations...
01-07-2021 12:02:24.988 [java] [DEBUG] gauge-java took 704milliseconds to load and scan. This should be less than 'runner_connection_timeout' config value.
01-07-2021 12:02:24.988 [java] [DEBUG] run 'gauge config runner_connection_timeout' and verify that it is < 704
01-07-2021 12:02:24.988 [java] [DEBUG] starting gRPC server...
01-07-2021 12:02:25.351 [java] [DEBUG] started gRPC server on port 63370
01-07-2021 12:02:25.351 [Gauge] [DEBUG] Attempting to connect to grpc server at port: 63370
01-07-2021 12:02:25.489 [Gauge] [DEBUG] Successfully made the connection with runner with port: 63370
01-07-2021 12:02:25.489 [Gauge] [DEBUG] Validation started.
01-07-2021 12:02:27.960 [java] [DEBUG] Scanning packages for steps
01-07-2021 12:02:28.012 [java] [DEBUG] Comparing 'com.trendyol.steps.StepImplementation.getButtonControl' and 'com.trendyol.steps.StepImplementation.getButtonControl'
01-07-2021 12:02:28.013 [java] [DEBUG] Found Sayfada {} alanı yoksa {} yazdır in current project scope.
01-07-2021 12:02:28.013 [java] [DEBUG] Comparing 'com.trendyol.steps.StepImplementation.Click' and 'com.trendyol.steps.StepImplementation.Click'
01-07-2021 12:02:28.013 [java] [DEBUG] Found {} butonuna tıkla in current project scope.
01-07-2021 12:02:28.013 [java] [DEBUG] Comparing 'com.trendyol.steps.StepImplementation.bekle' and 'com.trendyol.steps.StepImplementation.bekle'
01-07-2021 12:02:28.013 [java] [DEBUG] Found {} saniye bekle in current project scope.
01-07-2021 12:02:28.013 [java] [DEBUG] Comparing 'com.trendyol.steps.StepImplementation.textSendKeys' and 'com.trendyol.steps.StepImplementation.textSendKeys'
01-07-2021 12:02:28.013 [java] [DEBUG] Found {} alanına {} yaz in current project scope.
01-07-2021 12:02:28.013 [java] [DEBUG] Scanning packages for hooks
01-07-2021 12:02:28.019 [java] [DEBUG] Scanned steps (using static parsing + reflections): 
01-07-2021 12:02:28.019 [java] [DEBUG] 	Sayfada {} alanı yoksa {} yazdır : public void getButtonControl(String key, String msg)
01-07-2021 12:02:28.019 [java] [DEBUG] 	{} saniye bekle : public void bekle(ınt key) throws InterruptedException
01-07-2021 12:02:28.019 [java] [DEBUG] 	{} alanına {} yaz : public void textSendKeys(String key, String text)
01-07-2021 12:02:28.019 [java] [DEBUG] 	{} butonuna tıkla : public void Click(String key)
01-07-2021 12:02:31.713 [Gauge] [DEBUG] Validation completed.
01-07-2021 12:02:31.714 [Gauge] [DEBUG] Run started
01-07-2021 12:02:31.715 [Gauge] [DEBUG] Starting Html Report plugin
01-07-2021 12:02:31.736 [Gauge] [DEBUG] Attempting to connect to grpc server at port: 63374
01-07-2021 12:02:31.736 [Gauge] [DEBUG] Successfully made the connection with plugin with port: 63374
01-07-2021 12:02:31.737 [Gauge] [DEBUG] Initialising suite data store.
01-07-2021 12:02:42.369 [html-report] [DEBUG] Transformed SuiteResult to report structure
01-07-2021 12:02:42.436 [html-report] [INFO] Successfully generated html-report to => C:\Users\testinium\IdeaProjects\com.gauge\TEBMobileAutomation\reports\html-report\index.html
01-07-2021 12:02:42.436 [html-report] [DEBUG] Done generating HTML report using theme from C:\Users\testinium\AppData\Roaming\gauge\plugins\html-report\4.0.12\themes\default
01-07-2021 12:02:42.436 [Gauge] [DEBUG] Sending kill message to Html Report plugin.
01-07-2021 12:02:42.439 [java] [DEBUG] Killing Java runner...
01-07-2021 12:02:42.441 [java] [DEBUG] Stopping execution pool...
01-07-2021 12:02:42.441 [java] [DEBUG] Shutting down grpc server...
01-07-2021 12:02:42.452 [java] [DEBUG] Runner killed gracefully.
01-07-2021 12:02:43.292 [Gauge] [DEBUG] Runner with PID:7324 has exited
01-07-2021 12:02:43.292 [Gauge] [INFO] Specifications:	1 executed	0 passed	1 failed	0 skipped
01-07-2021 12:02:43.292 [Gauge] [INFO] Scenarios:	1 executed	0 passed	1 failed	0 skipped
01-07-2021 12:02:43.293 [Gauge] [INFO] 
Total time taken: 10.651s
01-07-2021 12:02:43.293 [Gauge] [INFO] Updates are available. Run `gauge update -c` for more info.
01-07-2021 12:06:49.727 [Gauge] [DEBUG] Created gauge_screenshots_dir at C:\Users\testinium\IdeaProjects\com.gauge\TEBMobileAutomation\.gauge\screenshots
01-07-2021 12:06:49.732 [Gauge] [DEBUG] Plugin java is already installed.
01-07-2021 12:06:49.733 [Gauge] [DEBUG] Plugin html-report is already installed.
01-07-2021 12:06:49.734 [Gauge] [DEBUG] Parsing started.
01-07-2021 12:06:49.734 [Gauge] [DEBUG] Started concepts parsing.
01-07-2021 12:06:49.743 [Gauge] [DEBUG] 9 concepts parsing completed.
01-07-2021 12:06:49.743 [Gauge] [DEBUG] Started specifications parsing.
01-07-2021 12:06:49.744 [Gauge] [DEBUG] 1 specifications parsing completed.
01-07-2021 12:06:49.744 [Gauge] [DEBUG] Parsing completed.
01-07-2021 12:06:49.777 [java] [DEBUG] ***** Printing Properties/Env Values *****
01-07-2021 12:06:49.777 [java] [DEBUG] PATH: C:\Program Files (x86)\Common Files\Oracle\Java\javapath;C:\Windows\system32;C:\Windows;C:\Windows\System32\Wbem;C:\Windows\System32\WindowsPowerShell\v1.0\;C:\Windows\System32\OpenSSH\;C:\Program Files\nodejs\;C:\Program Files\Java\jdk1.8.0_291\bin;C:\apache-maven\apache-maven-3.8.1\bin;C:\Program Files\Gauge\bin;C:\WINDOWS\system32;C:\WINDOWS;C:\WINDOWS\System32\Wbem;C:\WINDOWS\System32\WindowsPowerShell\v1.0\;C:\WINDOWS\System32\OpenSSH\;C:\Program Files\Git\cmd;C:\Users\testinium\AppData\Local\Android\Sdk\platform-tools;C:\Users\testinium\AppData\Local\Android\Sdk\tools;C:\Users\testinium\AppData\Local\Android\Sdk\tools\bin;C:\Users\testinium\AppData\Local\Android\Sdk\build-tools;C:\Users\testinium\AppData\Local\Android\Sdk;C:\Users\testinium\AppData\Local\Microsoft\WindowsApps;C:\Users\testinium\AppData\Roaming\npm;;C:\Users\testinium\AppData\Roaming\gauge\plugins\screenshot\0.0.1
01-07-2021 12:06:49.777 [java] [DEBUG] JAVA_HOME: C:\Program Files\Java\jdk1.8.0_291
01-07-2021 12:06:49.777 [java] [DEBUG] gauge_project_root: C:\Users\testinium\IdeaProjects\com.gauge\TEBMobileAutomation
01-07-2021 12:06:49.777 [java] [DEBUG] gauge_parallel_streams_count: 
01-07-2021 12:06:49.777 [java] [DEBUG] gauge_reports_dir: reports
01-07-2021 12:06:49.777 [java] [DEBUG] overwrite_reports: true
01-07-2021 12:06:49.777 [java] [DEBUG] logs_directory: logs
01-07-2021 12:06:49.777 [java] [DEBUG] enable_multithreading: 
01-07-2021 12:06:49.777 [java] [DEBUG] gauge_specs_dir: specs
01-07-2021 12:06:49.777 [java] [DEBUG] csv_delimiter: ,
01-07-2021 12:06:49.777 [java] [DEBUG] gauge_java_home: 
01-07-2021 12:06:49.777 [java] [DEBUG] gauge_custom_build_path: 
01-07-2021 12:06:49.777 [java] [DEBUG] gauge_additional_libs: libs/*
01-07-2021 12:06:49.777 [java] [DEBUG] gauge_jvm_args: 
01-07-2021 12:06:49.777 [java] [DEBUG] gauge_custom_compile_dir: 
01-07-2021 12:06:49.777 [java] [DEBUG] gauge_clear_state_level: scenario
01-07-2021 12:06:49.777 [java] [DEBUG] ***** END *****
01-07-2021 12:06:50.084 [Gauge] [DEBUG] Checking updates...
01-07-2021 12:06:50.085 [Gauge] [DEBUG] Downloading https://downloads.gauge.org/plugin/html-report?l=java&p=html-report,java,screenshot,spectacle,xml-report&o=windows&a=amd64
01-07-2021 12:06:50.705 [Gauge] [DEBUG] Downloading https://downloads.gauge.org/plugin/java?l=java&p=html-report,java,screenshot,spectacle,xml-report&o=windows&a=amd64
01-07-2021 12:06:50.868 [Gauge] [DEBUG] Downloading https://downloads.gauge.org/plugin/screenshot?l=java&p=html-report,java,screenshot,spectacle,xml-report&o=windows&a=amd64
01-07-2021 12:06:51.070 [Gauge] [DEBUG] Downloading https://downloads.gauge.org/plugin/spectacle?l=java&p=html-report,java,screenshot,spectacle,xml-report&o=windows&a=amd64
01-07-2021 12:06:51.274 [Gauge] [DEBUG] Downloading https://downloads.gauge.org/plugin/xml-report?l=java&p=html-report,java,screenshot,spectacle,xml-report&o=windows&a=amd64
01-07-2021 12:06:52.389 [java] [ERROR] Installed version of gauge-java (0.7.15) does not match with dependency gauge-java (0.7.3) specified in pom.xml file
01-07-2021 12:06:52.389 [java] [DEBUG] classpath set to C:\Program Files\Java\jdk1.8.0_291\jre\lib\charsets.jar;C:\Program Files\Java\jdk1.8.0_291\jre\lib\deploy.jar;C:\Program Files\Java\jdk1.8.0_291\jre\lib\ext\access-bridge-64.jar;C:\Program Files\Java\jdk1.8.0_291\jre\lib\ext\cldrdata.jar;C:\Program Files\Java\jdk1.8.0_291\jre\lib\ext\dnsns.jar;C:\Program Files\Java\jdk1.8.0_291\jre\lib\ext\jaccess.jar;C:\Program Files\Java\jdk1.8.0_291\jre\lib\ext\jfxrt.jar;C:\Program Files\Java\jdk1.8.0_291\jre\lib\ext\localedata.jar;C:\Program Files\Java\jdk1.8.0_291\jre\lib\ext\nashorn.jar;C:\Program Files\Java\jdk1.8.0_291\jre\lib\ext\sunec.jar;C:\Program Files\Java\jdk1.8.0_291\jre\lib\ext\sunjce_provider.jar;C:\Program Files\Java\jdk1.8.0_291\jre\lib\ext\sunmscapi.jar;C:\Program Files\Java\jdk1.8.0_291\jre\lib\ext\sunpkcs11.jar;C:\Program Files\Java\jdk1.8.0_291\jre\lib\ext\zipfs.jar;C:\Program Files\Java\jdk1.8.0_291\jre\lib\javaws.jar;C:\Program Files\Java\jdk1.8.0_291\jre\lib\jce.jar;C:\Program Files\Java\jdk1.8.0_291\jre\lib\jfr.jar;C:\Program Files\Java\jdk1.8.0_291\jre\lib\jfxswt.jar;C:\Program Files\Java\jdk1.8.0_291\jre\lib\jsse.jar;C:\Program Files\Java\jdk1.8.0_291\jre\lib\management-agent.jar;C:\Program Files\Java\jdk1.8.0_291\jre\lib\plugin.jar;C:\Program Files\Java\jdk1.8.0_291\jre\lib\resources.jar;C:\Program Files\Java\jdk1.8.0_291\jre\lib\rt.jar;C:\Users\testinium\IdeaProjects\com.gauge\TEBMobileAutomation\target\test-classes;C:\Users\testinium\IdeaProjects\com.gauge\TEBMobileAutomation\target\classes;C:\Users\testinium\.m2\repository\junit\junit\4.12\junit-4.12.jar;C:\Users\testinium\.m2\repository\org\hamcrest\hamcrest-core\1.3\hamcrest-core-1.3.jar;C:\Users\testinium\.m2\repository\com\thoughtworks\gauge\gauge-java\0.7.3\gauge-java-0.7.3.jar;C:\Users\testinium\.m2\repository\org\assertj\assertj-core\3.14.0\assertj-core-3.14.0.jar;C:\Users\testinium\.m2\repository\org\reflections\reflections\0.9.11\reflections-0.9.11.jar;C:\Users\testinium\.m2\repository\org\javassist\javassist\3.21.0-GA\javassist-3.21.0-GA.jar;C:\Users\testinium\.m2\repository\com\github\javaparser\javaparser-core\2.5.1\javaparser-core-2.5.1.jar;C:\Users\testinium\.m2\repository\commons-io\commons-io\2.6\commons-io-2.6.jar;C:\Users\testinium\.m2\repository\commons-lang\commons-lang\2.6\commons-lang-2.6.jar;C:\Users\testinium\.m2\repository\org\json\json\20190722\json-20190722.jar;C:\Users\testinium\.m2\repository\com\google\protobuf\protobuf-java\3.10.0\protobuf-java-3.10.0.jar;C:\Users\testinium\.m2\repository\com\google\guava\guava\28.1-jre\guava-28.1-jre.jar;C:\Users\testinium\.m2\repository\com\google\guava\failureaccess\1.0.1\failureaccess-1.0.1.jar;C:\Users\testinium\.m2\repository\com\google\guava\listenablefuture\9999.0-empty-to-avoid-conflict-with-guava\listenablefuture-9999.0-empty-to-avoid-conflict-with-guava.jar;C:\Users\testinium\.m2\repository\com\google\code\findbugs\jsr305\3.0.2\jsr305-3.0.2.jar;C:\Users\testinium\.m2\repository\org\checkerframework\checker-qual\2.8.1\checker-qual-2.8.1.jar;C:\Users\testinium\.m2\repository\com\google\errorprone\error_prone_annotations\2.3.2\error_prone_annotations-2.3.2.jar;C:\Users\testinium\.m2\repository\com\google\j2objc\j2objc-annotations\1.3\j2objc-annotations-1.3.jar;C:\Users\testinium\.m2\repository\org\codehaus\mojo\animal-sniffer-annotations\1.18\animal-sniffer-annotations-1.18.jar;C:\Users\testinium\.m2\repository\io\grpc\grpc-netty-shaded\1.25.0\grpc-netty-shaded-1.25.0.jar;C:\Users\testinium\.m2\repository\io\grpc\grpc-core\1.25.0\grpc-core-1.25.0.jar;C:\Users\testinium\.m2\repository\io\grpc\grpc-api\1.25.0\grpc-api-1.25.0.jar;C:\Users\testinium\.m2\repository\io\grpc\grpc-context\1.25.0\grpc-context-1.25.0.jar;C:\Users\testinium\.m2\repository\com\google\android\annotations\4.1.1.4\annotations-4.1.1.4.jar;C:\Users\testinium\.m2\repository\io\perfmark\perfmark-api\0.19.0\perfmark-api-0.19.0.jar;C:\Users\testinium\.m2\repository\io\opencensus\opencensus-api\0.21.0\opencensus-api-0.21.0.jar;C:\Users\testinium\.m2\repository\io\opencensus\opencensus-contrib-grpc-metrics\0.21.0\opencensus-contrib-grpc-metrics-0.21.0.jar;C:\Users\testinium\.m2\repository\io\grpc\grpc-protobuf\1.24.1\grpc-protobuf-1.24.1.jar;C:\Users\testinium\.m2\repository\com\google\api\grpc\proto-google-common-protos\1.12.0\proto-google-common-protos-1.12.0.jar;C:\Users\testinium\.m2\repository\io\grpc\grpc-protobuf-lite\1.24.1\grpc-protobuf-lite-1.24.1.jar;C:\Users\testinium\.m2\repository\io\grpc\grpc-stub\1.24.1\grpc-stub-1.24.1.jar;C:\Users\testinium\.m2\repository\javax\annotation\javax.annotation-api\1.3.2\javax.annotation-api-1.3.2.jar;C:\Users\testinium\.m2\repository\io\appium\java-client\7.3.0\java-client-7.3.0.jar;C:\Users\testinium\.m2\repository\org\seleniumhq\selenium\selenium-java\3.141.59\selenium-java-3.141.59.jar;C:\Users\testinium\.m2\repository\org\seleniumhq\selenium\selenium-chrome-driver\3.141.59\selenium-chrome-driver-3.141.59.jar;C:\Users\testinium\.m2\repository\org\seleniumhq\selenium\selenium-edge-driver\3.141.59\selenium-edge-driver-3.141.59.jar;C:\Users\testinium\.m2\repository\org\seleniumhq\selenium\selenium-firefox-driver\3.141.59\selenium-firefox-driver-3.141.59.jar;C:\Users\testinium\.m2\repository\org\seleniumhq\selenium\selenium-ie-driver\3.141.59\selenium-ie-driver-3.141.59.jar;C:\Users\testinium\.m2\repository\org\seleniumhq\selenium\selenium-opera-driver\3.141.59\selenium-opera-driver-3.141.59.jar;C:\Users\testinium\.m2\repository\org\seleniumhq\selenium\selenium-remote-driver\3.141.59\selenium-remote-driver-3.141.59.jar;C:\Users\testinium\.m2\repository\org\seleniumhq\selenium\selenium-safari-driver\3.141.59\selenium-safari-driver-3.141.59.jar;C:\Users\testinium\.m2\repository\net\bytebuddy\byte-buddy\1.8.15\byte-buddy-1.8.15.jar;C:\Users\testinium\.m2\repository\org\apache\commons\commons-exec\1.3\commons-exec-1.3.jar;C:\Users\testinium\.m2\repository\com\squareup\okhttp3\okhttp\3.11.0\okhttp-3.11.0.jar;C:\Users\testinium\.m2\repository\com\squareup\okio\okio\1.14.0\okio-1.14.0.jar;C:\Users\testinium\.m2\repository\org\seleniumhq\selenium\selenium-support\3.141.59\selenium-support-3.141.59.jar;C:\Users\testinium\.m2\repository\org\seleniumhq\selenium\selenium-api\3.141.59\selenium-api-3.141.59.jar;C:\Users\testinium\.m2\repository\com\google\code\gson\gson\2.8.5\gson-2.8.5.jar;C:\Users\testinium\.m2\repository\org\apache\httpcomponents\httpclient\4.5.9\httpclient-4.5.9.jar;C:\Users\testinium\.m2\repository\org\apache\httpcomponents\httpcore\4.4.11\httpcore-4.4.11.jar;C:\Users\testinium\.m2\repository\commons-logging\commons-logging\1.2\commons-logging-1.2.jar;C:\Users\testinium\.m2\repository\commons-codec\commons-codec\1.11\commons-codec-1.11.jar;C:\Users\testinium\.m2\repository\cglib\cglib\3.2.12\cglib-3.2.12.jar;C:\Users\testinium\.m2\repository\org\ow2\asm\asm\7.1\asm-7.1.jar;C:\Users\testinium\.m2\repository\commons-validator\commons-validator\1.6\commons-validator-1.6.jar;C:\Users\testinium\.m2\repository\commons-beanutils\commons-beanutils\1.9.2\commons-beanutils-1.9.2.jar;C:\Users\testinium\.m2\repository\commons-digester\commons-digester\1.8.1\commons-digester-1.8.1.jar;C:\Users\testinium\.m2\repository\commons-collections\commons-collections\3.2.2\commons-collections-3.2.2.jar;C:\Users\testinium\.m2\repository\org\apache\commons\commons-lang3\3.9\commons-lang3-3.9.jar;C:\Users\testinium\.m2\repository\org\springframework\spring-context\5.1.8.RELEASE\spring-context-5.1.8.RELEASE.jar;C:\Users\testinium\.m2\repository\org\springframework\spring-aop\5.1.8.RELEASE\spring-aop-5.1.8.RELEASE.jar;C:\Users\testinium\.m2\repository\org\springframework\spring-beans\5.1.8.RELEASE\spring-beans-5.1.8.RELEASE.jar;C:\Users\testinium\.m2\repository\org\springframework\spring-core\5.1.8.RELEASE\spring-core-5.1.8.RELEASE.jar;C:\Users\testinium\.m2\repository\org\springframework\spring-jcl\5.1.8.RELEASE\spring-jcl-5.1.8.RELEASE.jar;C:\Users\testinium\.m2\repository\org\springframework\spring-expression\5.1.8.RELEASE\spring-expression-5.1.8.RELEASE.jar;C:\Users\testinium\.m2\repository\org\aspectj\aspectjweaver\1.9.4\aspectjweaver-1.9.4.jar;C:\Users\testinium\.m2\repository\org\slf4j\slf4j-api\1.7.30\slf4j-api-1.7.30.jar;C:\Users\testinium\.m2\repository\org\slf4j\slf4j-log4j12\1.7.30\slf4j-log4j12-1.7.30.jar;C:\Users\testinium\.m2\repository\log4j\log4j\1.2.17\log4j-1.2.17.jar
01-07-2021 12:06:52.484 [java] [DEBUG] found java executable in C:\Program Files\Java\jdk1.8.0_291\jre\bin\java.exe
01-07-2021 12:06:52.484 [java] [DEBUG] running - C:\Program Files\Java\jdk1.8.0_291\jre\bin\java.exe [-Dfile.encoding=UTF-8 com.thoughtworks.gauge.GaugeRuntime --start]
01-07-2021 12:06:52.484 [java] [DEBUG] stdout/stderr is logged to logs\15468-java.exe.out
01-07-2021 12:06:52.655 [java] [DEBUG] Connecting to port: 0
01-07-2021 12:06:52.666 [java] [CRITICAL] Error in thread 1
Format specifier '%!s(MISSING)'
java.util.MissingFormatArgumentException: Format specifier '%!s(MISSING)'
	at java.util.Formatter.format(Formatter.java:2519)
	at java.util.Formatter.format(Formatter.java:2455)
	at java.lang.String.format(String.java:2940)
	at com.thoughtworks.gauge.connection.GaugeConnector.connect(GaugeConnector.java:45)
	at com.thoughtworks.gauge.connection.GaugeConnector.makeConnectionsToGaugeCore(GaugeConnector.java:35)
	at com.thoughtworks.gauge.GaugeRuntime.makeConnection(GaugeRuntime.java:120)
	at com.thoughtworks.gauge.GaugeRuntime.connectSynchronously(GaugeRuntime.java:106)
	at com.thoughtworks.gauge.GaugeRuntime.startGaugeServer(GaugeRuntime.java:76)
	at com.thoughtworks.gauge.GaugeRuntime.main(GaugeRuntime.java:53)
01-07-2021 12:06:52.689 [java] [CRITICAL] process C:\Program Files\Java\jdk1.8.0_291\jre\bin\java.exe with pid 4976 quit unexpectedly. exit status 1
01-07-2021 12:06:52.717 [Gauge] [ERROR] Error occurred while waiting for runner process to finish.
Error : exit status 1
01-07-2021 12:07:19.760 [Gauge] [CRITICAL] Failed to start gauge API: Timed out connecting to java
01-07-2021 12:11:27.494 [Gauge] [DEBUG] Created gauge_screenshots_dir at C:\Users\testinium\IdeaProjects\com.gauge\TEBMobileAutomation\.gauge\screenshots
01-07-2021 12:11:27.498 [Gauge] [DEBUG] Plugin java is already installed.
01-07-2021 12:11:27.501 [Gauge] [DEBUG] Plugin html-report is already installed.
01-07-2021 12:11:27.502 [Gauge] [DEBUG] Parsing started.
01-07-2021 12:11:27.502 [Gauge] [DEBUG] Started concepts parsing.
01-07-2021 12:11:27.511 [Gauge] [DEBUG] 9 concepts parsing completed.
01-07-2021 12:11:27.511 [Gauge] [DEBUG] Started specifications parsing.
01-07-2021 12:11:27.513 [Gauge] [DEBUG] 1 specifications parsing completed.
01-07-2021 12:11:27.514 [Gauge] [DEBUG] Parsing completed.
01-07-2021 12:11:27.545 [java] [DEBUG] ***** Printing Properties/Env Values *****
01-07-2021 12:11:27.545 [java] [DEBUG] PATH: C:\Program Files (x86)\Common Files\Oracle\Java\javapath;C:\Windows\system32;C:\Windows;C:\Windows\System32\Wbem;C:\Windows\System32\WindowsPowerShell\v1.0\;C:\Windows\System32\OpenSSH\;C:\Program Files\nodejs\;C:\Program Files\Java\jdk1.8.0_291\bin;C:\apache-maven\apache-maven-3.8.1\bin;C:\Program Files\Gauge\bin;C:\WINDOWS\system32;C:\WINDOWS;C:\WINDOWS\System32\Wbem;C:\WINDOWS\System32\WindowsPowerShell\v1.0\;C:\WINDOWS\System32\OpenSSH\;C:\Program Files\Git\cmd;C:\Users\testinium\AppData\Local\Android\Sdk\platform-tools;C:\Users\testinium\AppData\Local\Android\Sdk\tools;C:\Users\testinium\AppData\Local\Android\Sdk\tools\bin;C:\Users\testinium\AppData\Local\Android\Sdk\build-tools;C:\Users\testinium\AppData\Local\Android\Sdk;C:\Users\testinium\AppData\Local\Microsoft\WindowsApps;C:\Users\testinium\AppData\Roaming\npm;;C:\Users\testinium\AppData\Roaming\gauge\plugins\screenshot\0.0.1
01-07-2021 12:11:27.545 [java] [DEBUG] JAVA_HOME: C:\Program Files\Java\jdk1.8.0_291
01-07-2021 12:11:27.545 [java] [DEBUG] gauge_project_root: C:\Users\testinium\IdeaProjects\com.gauge\TEBMobileAutomation
01-07-2021 12:11:27.545 [java] [DEBUG] gauge_parallel_streams_count: 
01-07-2021 12:11:27.545 [java] [DEBUG] gauge_reports_dir: reports
01-07-2021 12:11:27.545 [java] [DEBUG] overwrite_reports: true
01-07-2021 12:11:27.545 [java] [DEBUG] logs_directory: logs
01-07-2021 12:11:27.545 [java] [DEBUG] enable_multithreading: 
01-07-2021 12:11:27.545 [java] [DEBUG] gauge_specs_dir: specs
01-07-2021 12:11:27.545 [java] [DEBUG] csv_delimiter: ,
01-07-2021 12:11:27.545 [java] [DEBUG] gauge_java_home: 
01-07-2021 12:11:27.545 [java] [DEBUG] gauge_custom_build_path: 
01-07-2021 12:11:27.545 [java] [DEBUG] gauge_additional_libs: libs/*
01-07-2021 12:11:27.545 [java] [DEBUG] gauge_jvm_args: 
01-07-2021 12:11:27.545 [java] [DEBUG] gauge_custom_compile_dir: 
01-07-2021 12:11:27.545 [java] [DEBUG] gauge_clear_state_level: scenario
01-07-2021 12:11:27.545 [java] [DEBUG] ***** END *****
01-07-2021 12:11:27.866 [Gauge] [DEBUG] Checking updates...
01-07-2021 12:11:27.867 [Gauge] [DEBUG] Downloading https://downloads.gauge.org/plugin/html-report?l=java&p=html-report,java,screenshot,spectacle,xml-report&o=windows&a=amd64
01-07-2021 12:11:28.536 [Gauge] [DEBUG] Downloading https://downloads.gauge.org/plugin/java?l=java&p=html-report,java,screenshot,spectacle,xml-report&o=windows&a=amd64
01-07-2021 12:11:28.722 [Gauge] [DEBUG] Downloading https://downloads.gauge.org/plugin/screenshot?l=java&p=html-report,java,screenshot,spectacle,xml-report&o=windows&a=amd64
01-07-2021 12:11:28.938 [Gauge] [DEBUG] Downloading https://downloads.gauge.org/plugin/spectacle?l=java&p=html-report,java,screenshot,spectacle,xml-report&o=windows&a=amd64
01-07-2021 12:11:29.157 [Gauge] [DEBUG] Downloading https://downloads.gauge.org/plugin/xml-report?l=java&p=html-report,java,screenshot,spectacle,xml-report&o=windows&a=amd64
01-07-2021 12:11:30.492 [java] [DEBUG] classpath set to C:\Program Files\Java\jdk1.8.0_291\jre\lib\charsets.jar;C:\Program Files\Java\jdk1.8.0_291\jre\lib\deploy.jar;C:\Program Files\Java\jdk1.8.0_291\jre\lib\ext\access-bridge-64.jar;C:\Program Files\Java\jdk1.8.0_291\jre\lib\ext\cldrdata.jar;C:\Program Files\Java\jdk1.8.0_291\jre\lib\ext\dnsns.jar;C:\Program Files\Java\jdk1.8.0_291\jre\lib\ext\jaccess.jar;C:\Program Files\Java\jdk1.8.0_291\jre\lib\ext\jfxrt.jar;C:\Program Files\Java\jdk1.8.0_291\jre\lib\ext\localedata.jar;C:\Program Files\Java\jdk1.8.0_291\jre\lib\ext\nashorn.jar;C:\Program Files\Java\jdk1.8.0_291\jre\lib\ext\sunec.jar;C:\Program Files\Java\jdk1.8.0_291\jre\lib\ext\sunjce_provider.jar;C:\Program Files\Java\jdk1.8.0_291\jre\lib\ext\sunmscapi.jar;C:\Program Files\Java\jdk1.8.0_291\jre\lib\ext\sunpkcs11.jar;C:\Program Files\Java\jdk1.8.0_291\jre\lib\ext\zipfs.jar;C:\Program Files\Java\jdk1.8.0_291\jre\lib\javaws.jar;C:\Program Files\Java\jdk1.8.0_291\jre\lib\jce.jar;C:\Program Files\Java\jdk1.8.0_291\jre\lib\jfr.jar;C:\Program Files\Java\jdk1.8.0_291\jre\lib\jfxswt.jar;C:\Program Files\Java\jdk1.8.0_291\jre\lib\jsse.jar;C:\Program Files\Java\jdk1.8.0_291\jre\lib\management-agent.jar;C:\Program Files\Java\jdk1.8.0_291\jre\lib\plugin.jar;C:\Program Files\Java\jdk1.8.0_291\jre\lib\resources.jar;C:\Program Files\Java\jdk1.8.0_291\jre\lib\rt.jar;C:\Users\testinium\IdeaProjects\com.gauge\TEBMobileAutomation\target\test-classes;C:\Users\testinium\IdeaProjects\com.gauge\TEBMobileAutomation\target\classes;C:\Users\testinium\.m2\repository\junit\junit\4.12\junit-4.12.jar;C:\Users\testinium\.m2\repository\org\hamcrest\hamcrest-core\1.3\hamcrest-core-1.3.jar;C:\Users\testinium\.m2\repository\com\thoughtworks\gauge\gauge-java\0.7.15\gauge-java-0.7.15.jar;C:\Users\testinium\.m2\repository\org\assertj\assertj-core\3.19.0\assertj-core-3.19.0.jar;C:\Users\testinium\.m2\repository\org\reflections\reflections\0.9.9\reflections-0.9.9.jar;C:\Users\testinium\.m2\repository\org\javassist\javassist\3.18.2-GA\javassist-3.18.2-GA.jar;C:\Users\testinium\.m2\repository\com\google\code\findbugs\annotations\2.0.1\annotations-2.0.1.jar;C:\Users\testinium\.m2\repository\com\github\javaparser\javaparser-core\3.16.3\javaparser-core-3.16.3.jar;C:\Users\testinium\.m2\repository\commons-io\commons-io\2.8.0\commons-io-2.8.0.jar;C:\Users\testinium\.m2\repository\commons-lang\commons-lang\2.6\commons-lang-2.6.jar;C:\Users\testinium\.m2\repository\org\json\json\20210307\json-20210307.jar;C:\Users\testinium\.m2\repository\com\google\protobuf\protobuf-java\3.15.8\protobuf-java-3.15.8.jar;C:\Users\testinium\.m2\repository\com\google\guava\guava\30.1.1-jre\guava-30.1.1-jre.jar;C:\Users\testinium\.m2\repository\com\google\guava\failureaccess\1.0.1\failureaccess-1.0.1.jar;C:\Users\testinium\.m2\repository\com\google\guava\listenablefuture\9999.0-empty-to-avoid-conflict-with-guava\listenablefuture-9999.0-empty-to-avoid-conflict-with-guava.jar;C:\Users\testinium\.m2\repository\com\google\code\findbugs\jsr305\3.0.2\jsr305-3.0.2.jar;C:\Users\testinium\.m2\repository\org\checkerframework\checker-qual\3.8.0\checker-qual-3.8.0.jar;C:\Users\testinium\.m2\repository\com\google\errorprone\error_prone_annotations\2.5.1\error_prone_annotations-2.5.1.jar;C:\Users\testinium\.m2\repository\com\google\j2objc\j2objc-annotations\1.3\j2objc-annotations-1.3.jar;C:\Users\testinium\.m2\repository\io\grpc\grpc-netty-shaded\1.37.0\grpc-netty-shaded-1.37.0.jar;C:\Users\testinium\.m2\repository\io\grpc\grpc-core\1.37.0\grpc-core-1.37.0.jar;C:\Users\testinium\.m2\repository\com\google\android\annotations\4.1.1.4\annotations-4.1.1.4.jar;C:\Users\testinium\.m2\repository\io\perfmark\perfmark-api\0.23.0\perfmark-api-0.23.0.jar;C:\Users\testinium\.m2\repository\io\grpc\grpc-protobuf\1.37.0\grpc-protobuf-1.37.0.jar;C:\Users\testinium\.m2\repository\io\grpc\grpc-api\1.37.0\grpc-api-1.37.0.jar;C:\Users\testinium\.m2\repository\io\grpc\grpc-context\1.37.0\grpc-context-1.37.0.jar;C:\Users\testinium\.m2\repository\com\google\api\grpc\proto-google-common-protos\2.0.1\proto-google-common-protos-2.0.1.jar;C:\Users\testinium\.m2\repository\io\grpc\grpc-protobuf-lite\1.37.0\grpc-protobuf-lite-1.37.0.jar;C:\Users\testinium\.m2\repository\org\codehaus\mojo\animal-sniffer-annotations\1.19\animal-sniffer-annotations-1.19.jar;C:\Users\testinium\.m2\repository\io\grpc\grpc-stub\1.37.0\grpc-stub-1.37.0.jar;C:\Users\testinium\.m2\repository\javax\annotation\javax.annotation-api\1.3.2\javax.annotation-api-1.3.2.jar;C:\Users\testinium\.m2\repository\io\appium\java-client\7.3.0\java-client-7.3.0.jar;C:\Users\testinium\.m2\repository\org\seleniumhq\selenium\selenium-java\3.141.59\selenium-java-3.141.59.jar;C:\Users\testinium\.m2\repository\org\seleniumhq\selenium\selenium-chrome-driver\3.141.59\selenium-chrome-driver-3.141.59.jar;C:\Users\testinium\.m2\repository\org\seleniumhq\selenium\selenium-edge-driver\3.141.59\selenium-edge-driver-3.141.59.jar;C:\Users\testinium\.m2\repository\org\seleniumhq\selenium\selenium-firefox-driver\3.141.59\selenium-firefox-driver-3.141.59.jar;C:\Users\testinium\.m2\repository\org\seleniumhq\selenium\selenium-ie-driver\3.141.59\selenium-ie-driver-3.141.59.jar;C:\Users\testinium\.m2\repository\org\seleniumhq\selenium\selenium-opera-driver\3.141.59\selenium-opera-driver-3.141.59.jar;C:\Users\testinium\.m2\repository\org\seleniumhq\selenium\selenium-remote-driver\3.141.59\selenium-remote-driver-3.141.59.jar;C:\Users\testinium\.m2\repository\org\seleniumhq\selenium\selenium-safari-driver\3.141.59\selenium-safari-driver-3.141.59.jar;C:\Users\testinium\.m2\repository\net\bytebuddy\byte-buddy\1.8.15\byte-buddy-1.8.15.jar;C:\Users\testinium\.m2\repository\org\apache\commons\commons-exec\1.3\commons-exec-1.3.jar;C:\Users\testinium\.m2\repository\com\squareup\okhttp3\okhttp\3.11.0\okhttp-3.11.0.jar;C:\Users\testinium\.m2\repository\com\squareup\okio\okio\1.14.0\okio-1.14.0.jar;C:\Users\testinium\.m2\repository\org\seleniumhq\selenium\selenium-support\3.141.59\selenium-support-3.141.59.jar;C:\Users\testinium\.m2\repository\org\seleniumhq\selenium\selenium-api\3.141.59\selenium-api-3.141.59.jar;C:\Users\testinium\.m2\repository\com\google\code\gson\gson\2.8.5\gson-2.8.5.jar;C:\Users\testinium\.m2\repository\org\apache\httpcomponents\httpclient\4.5.9\httpclient-4.5.9.jar;C:\Users\testinium\.m2\repository\org\apache\httpcomponents\httpcore\4.4.11\httpcore-4.4.11.jar;C:\Users\testinium\.m2\repository\commons-logging\commons-logging\1.2\commons-logging-1.2.jar;C:\Users\testinium\.m2\repository\commons-codec\commons-codec\1.11\commons-codec-1.11.jar;C:\Users\testinium\.m2\repository\cglib\cglib\3.2.12\cglib-3.2.12.jar;C:\Users\testinium\.m2\repository\org\ow2\asm\asm\7.1\asm-7.1.jar;C:\Users\testinium\.m2\repository\commons-validator\commons-validator\1.6\commons-validator-1.6.jar;C:\Users\testinium\.m2\repository\commons-beanutils\commons-beanutils\1.9.2\commons-beanutils-1.9.2.jar;C:\Users\testinium\.m2\repository\commons-digester\commons-digester\1.8.1\commons-digester-1.8.1.jar;C:\Users\testinium\.m2\repository\commons-collections\commons-collections\3.2.2\commons-collections-3.2.2.jar;C:\Users\testinium\.m2\repository\org\apache\commons\commons-lang3\3.9\commons-lang3-3.9.jar;C:\Users\testinium\.m2\repository\org\springframework\spring-context\5.1.8.RELEASE\spring-context-5.1.8.RELEASE.jar;C:\Users\testinium\.m2\repository\org\springframework\spring-aop\5.1.8.RELEASE\spring-aop-5.1.8.RELEASE.jar;C:\Users\testinium\.m2\repository\org\springframework\spring-beans\5.1.8.RELEASE\spring-beans-5.1.8.RELEASE.jar;C:\Users\testinium\.m2\repository\org\springframework\spring-core\5.1.8.RELEASE\spring-core-5.1.8.RELEASE.jar;C:\Users\testinium\.m2\repository\org\springframework\spring-jcl\5.1.8.RELEASE\spring-jcl-5.1.8.RELEASE.jar;C:\Users\testinium\.m2\repository\org\springframework\spring-expression\5.1.8.RELEASE\spring-expression-5.1.8.RELEASE.jar;C:\Users\testinium\.m2\repository\org\aspectj\aspectjweaver\1.9.4\aspectjweaver-1.9.4.jar;C:\Users\testinium\.m2\repository\org\slf4j\slf4j-api\1.7.30\slf4j-api-1.7.30.jar;C:\Users\testinium\.m2\repository\org\slf4j\slf4j-log4j12\1.7.30\slf4j-log4j12-1.7.30.jar;C:\Users\testinium\.m2\repository\log4j\log4j\1.2.17\log4j-1.2.17.jar
01-07-2021 12:11:30.574 [java] [DEBUG] found java executable in C:\Program Files\Java\jdk1.8.0_291\jre\bin\java.exe
01-07-2021 12:11:30.575 [java] [DEBUG] running - C:\Program Files\Java\jdk1.8.0_291\jre\bin\java.exe [-Dfile.encoding=UTF-8 com.thoughtworks.gauge.GaugeRuntime --start]
01-07-2021 12:11:30.575 [java] [DEBUG] stdout/stderr is logged to logs\15372-java.exe.out
01-07-2021 12:11:30.742 [java] [DEBUG] multithreading is set to false
01-07-2021 12:11:31.043 [java] [DEBUG] Using reflection to scan dependencies for gauge implementations...
01-07-2021 12:11:31.438 [java] [DEBUG] gauge-java took 695milliseconds to load and scan. This should be less than 'runner_connection_timeout' config value.
01-07-2021 12:11:31.438 [java] [DEBUG] run 'gauge config runner_connection_timeout' and verify that it is < 695
01-07-2021 12:11:31.438 [java] [DEBUG] starting gRPC server...
01-07-2021 12:11:31.800 [java] [DEBUG] started gRPC server on port 53298
01-07-2021 12:11:31.800 [Gauge] [DEBUG] Attempting to connect to grpc server at port: 53298
01-07-2021 12:11:31.966 [Gauge] [DEBUG] Successfully made the connection with runner with port: 53298
01-07-2021 12:11:31.966 [Gauge] [DEBUG] Validation started.
01-07-2021 12:11:34.089 [java] [DEBUG] Scanning packages for steps
01-07-2021 12:11:34.160 [java] [DEBUG] Comparing 'com.trendyol.steps.StepImplementation.getButtonControl' and 'com.trendyol.steps.StepImplementation.getButtonControl'
01-07-2021 12:11:34.160 [java] [DEBUG] Found Sayfada {} alanı yoksa {} yazdır in current project scope.
01-07-2021 12:11:34.161 [java] [DEBUG] Comparing 'com.trendyol.steps.StepImplementation.Click' and 'com.trendyol.steps.StepImplementation.Click'
01-07-2021 12:11:34.161 [java] [DEBUG] Found {} butonuna tıkla in current project scope.
01-07-2021 12:11:34.161 [java] [DEBUG] Comparing 'com.trendyol.steps.StepImplementation.bekle' and 'com.trendyol.steps.StepImplementation.bekle'
01-07-2021 12:11:34.161 [java] [DEBUG] Found {} saniye bekle in current project scope.
01-07-2021 12:11:34.161 [java] [DEBUG] Comparing 'com.trendyol.steps.StepImplementation.textSendKeys' and 'com.trendyol.steps.StepImplementation.textSendKeys'
01-07-2021 12:11:34.161 [java] [DEBUG] Found {} alanına {} yaz in current project scope.
01-07-2021 12:11:34.161 [java] [DEBUG] Scanning packages for hooks
01-07-2021 12:11:34.166 [java] [DEBUG] Scanned steps (using static parsing + reflections): 
01-07-2021 12:11:34.166 [java] [DEBUG] 	Sayfada {} alanı yoksa {} yazdır : public void getButtonControl(String key, String msg)
01-07-2021 12:11:34.166 [java] [DEBUG] 	{} saniye bekle : public void bekle(ınt key) throws InterruptedException
01-07-2021 12:11:34.166 [java] [DEBUG] 	{} alanına {} yaz : public void textSendKeys(String key, String text)
01-07-2021 12:11:34.166 [java] [DEBUG] 	{} butonuna tıkla : public void Click(String key)
01-07-2021 12:11:37.877 [Gauge] [DEBUG] Validation completed.
01-07-2021 12:11:37.879 [Gauge] [DEBUG] Run started
01-07-2021 12:11:37.881 [Gauge] [DEBUG] Starting Html Report plugin
01-07-2021 12:11:37.908 [Gauge] [DEBUG] Attempting to connect to grpc server at port: 53302
01-07-2021 12:11:37.908 [Gauge] [DEBUG] Successfully made the connection with plugin with port: 53302
01-07-2021 12:11:37.909 [Gauge] [DEBUG] Initialising suite data store.
01-07-2021 12:11:48.602 [html-report] [DEBUG] Transformed SuiteResult to report structure
01-07-2021 12:11:48.826 [Gauge] [DEBUG] Sending kill message to Html Report plugin.
01-07-2021 12:11:48.822 [html-report] [INFO] Successfully generated html-report to => C:\Users\testinium\IdeaProjects\com.gauge\TEBMobileAutomation\reports\html-report\index.html
01-07-2021 12:11:48.837 [html-report] [DEBUG] Done generating HTML report using theme from C:\Users\testinium\AppData\Roaming\gauge\plugins\html-report\4.0.12\themes\default
01-07-2021 12:11:48.866 [java] [DEBUG] Killing Java runner...
01-07-2021 12:11:48.866 [java] [DEBUG] Stopping execution pool...
01-07-2021 12:11:48.866 [java] [DEBUG] Shutting down grpc server...
01-07-2021 12:11:48.915 [java] [DEBUG] Runner killed gracefully.
01-07-2021 12:11:49.723 [Gauge] [DEBUG] Runner with PID:15372 has exited
01-07-2021 12:11:49.723 [Gauge] [INFO] Specifications:	1 executed	0 passed	1 failed	0 skipped
01-07-2021 12:11:49.723 [Gauge] [INFO] Scenarios:	1 executed	0 passed	1 failed	0 skipped
01-07-2021 12:11:49.723 [Gauge] [INFO] 
Total time taken: 10.713s
01-07-2021 12:11:49.724 [Gauge] [INFO] Updates are available. Run `gauge update -c` for more info.
01-07-2021 12:16:35.291 [Gauge] [DEBUG] Created gauge_screenshots_dir at C:\Users\testinium\IdeaProjects\com.gauge\TEBMobileAutomation\.gauge\screenshots
01-07-2021 12:16:35.295 [Gauge] [DEBUG] Plugin java is already installed.
01-07-2021 12:16:35.296 [Gauge] [DEBUG] Plugin html-report is already installed.
01-07-2021 12:16:35.297 [Gauge] [DEBUG] Parsing started.
01-07-2021 12:16:35.297 [Gauge] [DEBUG] Started concepts parsing.
01-07-2021 12:16:35.310 [Gauge] [DEBUG] 9 concepts parsing completed.
01-07-2021 12:16:35.310 [Gauge] [DEBUG] Started specifications parsing.
01-07-2021 12:16:35.312 [Gauge] [DEBUG] 1 specifications parsing completed.
01-07-2021 12:16:35.312 [Gauge] [DEBUG] Parsing completed.
01-07-2021 12:16:35.337 [java] [DEBUG] ***** Printing Properties/Env Values *****
01-07-2021 12:16:35.337 [java] [DEBUG] PATH: C:\Program Files (x86)\Common Files\Oracle\Java\javapath;C:\Windows\system32;C:\Windows;C:\Windows\System32\Wbem;C:\Windows\System32\WindowsPowerShell\v1.0\;C:\Windows\System32\OpenSSH\;C:\Program Files\nodejs\;C:\Program Files\Java\jdk1.8.0_291\bin;C:\apache-maven\apache-maven-3.8.1\bin;C:\Program Files\Gauge\bin;C:\WINDOWS\system32;C:\WINDOWS;C:\WINDOWS\System32\Wbem;C:\WINDOWS\System32\WindowsPowerShell\v1.0\;C:\WINDOWS\System32\OpenSSH\;C:\Program Files\Git\cmd;C:\Users\testinium\AppData\Local\Android\Sdk\platform-tools;C:\Users\testinium\AppData\Local\Android\Sdk\tools;C:\Users\testinium\AppData\Local\Android\Sdk\tools\bin;C:\Users\testinium\AppData\Local\Android\Sdk\build-tools;C:\Users\testinium\AppData\Local\Android\Sdk;C:\Users\testinium\AppData\Local\Microsoft\WindowsApps;C:\Users\testinium\AppData\Roaming\npm;;C:\Users\testinium\AppData\Roaming\gauge\plugins\screenshot\0.0.1
01-07-2021 12:16:35.337 [java] [DEBUG] JAVA_HOME: C:\Program Files\Java\jdk1.8.0_291
01-07-2021 12:16:35.337 [java] [DEBUG] gauge_project_root: C:\Users\testinium\IdeaProjects\com.gauge\TEBMobileAutomation
01-07-2021 12:16:35.337 [java] [DEBUG] gauge_parallel_streams_count: 
01-07-2021 12:16:35.337 [java] [DEBUG] gauge_reports_dir: reports
01-07-2021 12:16:35.337 [java] [DEBUG] overwrite_reports: true
01-07-2021 12:16:35.337 [java] [DEBUG] logs_directory: logs
01-07-2021 12:16:35.337 [java] [DEBUG] enable_multithreading: 
01-07-2021 12:16:35.337 [java] [DEBUG] gauge_specs_dir: specs
01-07-2021 12:16:35.337 [java] [DEBUG] csv_delimiter: ,
01-07-2021 12:16:35.337 [java] [DEBUG] gauge_java_home: 
01-07-2021 12:16:35.337 [java] [DEBUG] gauge_custom_build_path: 
01-07-2021 12:16:35.337 [java] [DEBUG] gauge_additional_libs: libs/*
01-07-2021 12:16:35.337 [java] [DEBUG] gauge_jvm_args: 
01-07-2021 12:16:35.337 [java] [DEBUG] gauge_custom_compile_dir: 
01-07-2021 12:16:35.337 [java] [DEBUG] gauge_clear_state_level: scenario
01-07-2021 12:16:35.337 [java] [DEBUG] ***** END *****
01-07-2021 12:16:36.288 [Gauge] [DEBUG] Checking updates...
01-07-2021 12:16:36.293 [Gauge] [DEBUG] Downloading https://downloads.gauge.org/plugin/html-report?l=java&p=html-report,java,screenshot,spectacle,xml-report&o=windows&a=amd64
01-07-2021 12:16:37.387 [Gauge] [DEBUG] Downloading https://downloads.gauge.org/plugin/java?l=java&p=html-report,java,screenshot,spectacle,xml-report&o=windows&a=amd64
01-07-2021 12:16:37.728 [Gauge] [DEBUG] Downloading https://downloads.gauge.org/plugin/screenshot?l=java&p=html-report,java,screenshot,spectacle,xml-report&o=windows&a=amd64
01-07-2021 12:16:37.979 [Gauge] [DEBUG] Downloading https://downloads.gauge.org/plugin/spectacle?l=java&p=html-report,java,screenshot,spectacle,xml-report&o=windows&a=amd64
01-07-2021 12:16:38.261 [java] [DEBUG] classpath set to C:\Program Files\Java\jdk1.8.0_291\jre\lib\charsets.jar;C:\Program Files\Java\jdk1.8.0_291\jre\lib\deploy.jar;C:\Program Files\Java\jdk1.8.0_291\jre\lib\ext\access-bridge-64.jar;C:\Program Files\Java\jdk1.8.0_291\jre\lib\ext\cldrdata.jar;C:\Program Files\Java\jdk1.8.0_291\jre\lib\ext\dnsns.jar;C:\Program Files\Java\jdk1.8.0_291\jre\lib\ext\jaccess.jar;C:\Program Files\Java\jdk1.8.0_291\jre\lib\ext\jfxrt.jar;C:\Program Files\Java\jdk1.8.0_291\jre\lib\ext\localedata.jar;C:\Program Files\Java\jdk1.8.0_291\jre\lib\ext\nashorn.jar;C:\Program Files\Java\jdk1.8.0_291\jre\lib\ext\sunec.jar;C:\Program Files\Java\jdk1.8.0_291\jre\lib\ext\sunjce_provider.jar;C:\Program Files\Java\jdk1.8.0_291\jre\lib\ext\sunmscapi.jar;C:\Program Files\Java\jdk1.8.0_291\jre\lib\ext\sunpkcs11.jar;C:\Program Files\Java\jdk1.8.0_291\jre\lib\ext\zipfs.jar;C:\Program Files\Java\jdk1.8.0_291\jre\lib\javaws.jar;C:\Program Files\Java\jdk1.8.0_291\jre\lib\jce.jar;C:\Program Files\Java\jdk1.8.0_291\jre\lib\jfr.jar;C:\Program Files\Java\jdk1.8.0_291\jre\lib\jfxswt.jar;C:\Program Files\Java\jdk1.8.0_291\jre\lib\jsse.jar;C:\Program Files\Java\jdk1.8.0_291\jre\lib\management-agent.jar;C:\Program Files\Java\jdk1.8.0_291\jre\lib\plugin.jar;C:\Program Files\Java\jdk1.8.0_291\jre\lib\resources.jar;C:\Program Files\Java\jdk1.8.0_291\jre\lib\rt.jar;C:\Users\testinium\IdeaProjects\com.gauge\TEBMobileAutomation\target\test-classes;C:\Users\testinium\IdeaProjects\com.gauge\TEBMobileAutomation\target\classes;C:\Users\testinium\.m2\repository\junit\junit\4.12\junit-4.12.jar;C:\Users\testinium\.m2\repository\org\hamcrest\hamcrest-core\1.3\hamcrest-core-1.3.jar;C:\Users\testinium\.m2\repository\com\thoughtworks\gauge\gauge-java\0.7.15\gauge-java-0.7.15.jar;C:\Users\testinium\.m2\repository\org\assertj\assertj-core\3.19.0\assertj-core-3.19.0.jar;C:\Users\testinium\.m2\repository\org\reflections\reflections\0.9.9\reflections-0.9.9.jar;C:\Users\testinium\.m2\repository\org\javassist\javassist\3.18.2-GA\javassist-3.18.2-GA.jar;C:\Users\testinium\.m2\repository\com\google\code\findbugs\annotations\2.0.1\annotations-2.0.1.jar;C:\Users\testinium\.m2\repository\com\github\javaparser\javaparser-core\3.16.3\javaparser-core-3.16.3.jar;C:\Users\testinium\.m2\repository\commons-io\commons-io\2.8.0\commons-io-2.8.0.jar;C:\Users\testinium\.m2\repository\commons-lang\commons-lang\2.6\commons-lang-2.6.jar;C:\Users\testinium\.m2\repository\org\json\json\20210307\json-20210307.jar;C:\Users\testinium\.m2\repository\com\google\protobuf\protobuf-java\3.15.8\protobuf-java-3.15.8.jar;C:\Users\testinium\.m2\repository\com\google\guava\guava\30.1.1-jre\guava-30.1.1-jre.jar;C:\Users\testinium\.m2\repository\com\google\guava\failureaccess\1.0.1\failureaccess-1.0.1.jar;C:\Users\testinium\.m2\repository\com\google\guava\listenablefuture\9999.0-empty-to-avoid-conflict-with-guava\listenablefuture-9999.0-empty-to-avoid-conflict-with-guava.jar;C:\Users\testinium\.m2\repository\com\google\code\findbugs\jsr305\3.0.2\jsr305-3.0.2.jar;C:\Users\testinium\.m2\repository\org\checkerframework\checker-qual\3.8.0\checker-qual-3.8.0.jar;C:\Users\testinium\.m2\repository\com\google\errorprone\error_prone_annotations\2.5.1\error_prone_annotations-2.5.1.jar;C:\Users\testinium\.m2\repository\com\google\j2objc\j2objc-annotations\1.3\j2objc-annotations-1.3.jar;C:\Users\testinium\.m2\repository\io\grpc\grpc-netty-shaded\1.37.0\grpc-netty-shaded-1.37.0.jar;C:\Users\testinium\.m2\repository\io\grpc\grpc-core\1.37.0\grpc-core-1.37.0.jar;C:\Users\testinium\.m2\repository\com\google\android\annotations\4.1.1.4\annotations-4.1.1.4.jar;C:\Users\testinium\.m2\repository\io\perfmark\perfmark-api\0.23.0\perfmark-api-0.23.0.jar;C:\Users\testinium\.m2\repository\io\grpc\grpc-protobuf\1.37.0\grpc-protobuf-1.37.0.jar;C:\Users\testinium\.m2\repository\io\grpc\grpc-api\1.37.0\grpc-api-1.37.0.jar;C:\Users\testinium\.m2\repository\io\grpc\grpc-context\1.37.0\grpc-context-1.37.0.jar;C:\Users\testinium\.m2\repository\com\google\api\grpc\proto-google-common-protos\2.0.1\proto-google-common-protos-2.0.1.jar;C:\Users\testinium\.m2\repository\io\grpc\grpc-protobuf-lite\1.37.0\grpc-protobuf-lite-1.37.0.jar;C:\Users\testinium\.m2\repository\org\codehaus\mojo\animal-sniffer-annotations\1.19\animal-sniffer-annotations-1.19.jar;C:\Users\testinium\.m2\repository\io\grpc\grpc-stub\1.37.0\grpc-stub-1.37.0.jar;C:\Users\testinium\.m2\repository\javax\annotation\javax.annotation-api\1.3.2\javax.annotation-api-1.3.2.jar;C:\Users\testinium\.m2\repository\io\appium\java-client\7.3.0\java-client-7.3.0.jar;C:\Users\testinium\.m2\repository\org\seleniumhq\selenium\selenium-java\3.141.59\selenium-java-3.141.59.jar;C:\Users\testinium\.m2\repository\org\seleniumhq\selenium\selenium-chrome-driver\3.141.59\selenium-chrome-driver-3.141.59.jar;C:\Users\testinium\.m2\repository\org\seleniumhq\selenium\selenium-edge-driver\3.141.59\selenium-edge-driver-3.141.59.jar;C:\Users\testinium\.m2\repository\org\seleniumhq\selenium\selenium-firefox-driver\3.141.59\selenium-firefox-driver-3.141.59.jar;C:\Users\testinium\.m2\repository\org\seleniumhq\selenium\selenium-ie-driver\3.141.59\selenium-ie-driver-3.141.59.jar;C:\Users\testinium\.m2\repository\org\seleniumhq\selenium\selenium-opera-driver\3.141.59\selenium-opera-driver-3.141.59.jar;C:\Users\testinium\.m2\repository\org\seleniumhq\selenium\selenium-remote-driver\3.141.59\selenium-remote-driver-3.141.59.jar;C:\Users\testinium\.m2\repository\org\seleniumhq\selenium\selenium-safari-driver\3.141.59\selenium-safari-driver-3.141.59.jar;C:\Users\testinium\.m2\repository\net\bytebuddy\byte-buddy\1.8.15\byte-buddy-1.8.15.jar;C:\Users\testinium\.m2\repository\org\apache\commons\commons-exec\1.3\commons-exec-1.3.jar;C:\Users\testinium\.m2\repository\com\squareup\okhttp3\okhttp\3.11.0\okhttp-3.11.0.jar;C:\Users\testinium\.m2\repository\com\squareup\okio\okio\1.14.0\okio-1.14.0.jar;C:\Users\testinium\.m2\repository\org\seleniumhq\selenium\selenium-support\3.141.59\selenium-support-3.141.59.jar;C:\Users\testinium\.m2\repository\org\seleniumhq\selenium\selenium-api\3.141.59\selenium-api-3.141.59.jar;C:\Users\testinium\.m2\repository\com\google\code\gson\gson\2.8.5\gson-2.8.5.jar;C:\Users\testinium\.m2\repository\org\apache\httpcomponents\httpclient\4.5.9\httpclient-4.5.9.jar;C:\Users\testinium\.m2\repository\org\apache\httpcomponents\httpcore\4.4.11\httpcore-4.4.11.jar;C:\Users\testinium\.m2\repository\commons-logging\commons-logging\1.2\commons-logging-1.2.jar;C:\Users\testinium\.m2\repository\commons-codec\commons-codec\1.11\commons-codec-1.11.jar;C:\Users\testinium\.m2\repository\cglib\cglib\3.2.12\cglib-3.2.12.jar;C:\Users\testinium\.m2\repository\org\ow2\asm\asm\7.1\asm-7.1.jar;C:\Users\testinium\.m2\repository\commons-validator\commons-validator\1.6\commons-validator-1.6.jar;C:\Users\testinium\.m2\repository\commons-beanutils\commons-beanutils\1.9.2\commons-beanutils-1.9.2.jar;C:\Users\testinium\.m2\repository\commons-digester\commons-digester\1.8.1\commons-digester-1.8.1.jar;C:\Users\testinium\.m2\repository\commons-collections\commons-collections\3.2.2\commons-collections-3.2.2.jar;C:\Users\testinium\.m2\repository\org\apache\commons\commons-lang3\3.9\commons-lang3-3.9.jar;C:\Users\testinium\.m2\repository\org\springframework\spring-context\5.1.8.RELEASE\spring-context-5.1.8.RELEASE.jar;C:\Users\testinium\.m2\repository\org\springframework\spring-aop\5.1.8.RELEASE\spring-aop-5.1.8.RELEASE.jar;C:\Users\testinium\.m2\repository\org\springframework\spring-beans\5.1.8.RELEASE\spring-beans-5.1.8.RELEASE.jar;C:\Users\testinium\.m2\repository\org\springframework\spring-core\5.1.8.RELEASE\spring-core-5.1.8.RELEASE.jar;C:\Users\testinium\.m2\repository\org\springframework\spring-jcl\5.1.8.RELEASE\spring-jcl-5.1.8.RELEASE.jar;C:\Users\testinium\.m2\repository\org\springframework\spring-expression\5.1.8.RELEASE\spring-expression-5.1.8.RELEASE.jar;C:\Users\testinium\.m2\repository\org\aspectj\aspectjweaver\1.9.4\aspectjweaver-1.9.4.jar;C:\Users\testinium\.m2\repository\org\slf4j\slf4j-api\1.7.30\slf4j-api-1.7.30.jar;C:\Users\testinium\.m2\repository\org\slf4j\slf4j-log4j12\1.7.30\slf4j-log4j12-1.7.30.jar;C:\Users\testinium\.m2\repository\log4j\log4j\1.2.17\log4j-1.2.17.jar
01-07-2021 12:16:38.309 [java] [DEBUG] found java executable in C:\Program Files\Java\jdk1.8.0_291\jre\bin\java.exe
01-07-2021 12:16:38.309 [java] [DEBUG] running - C:\Program Files\Java\jdk1.8.0_291\jre\bin\java.exe [-Dfile.encoding=UTF-8 com.thoughtworks.gauge.GaugeRuntime --start]
01-07-2021 12:16:38.309 [java] [DEBUG] stdout/stderr is logged to logs\3708-java.exe.out
01-07-2021 12:16:38.342 [Gauge] [DEBUG] Downloading https://downloads.gauge.org/plugin/xml-report?l=java&p=html-report,java,screenshot,spectacle,xml-report&o=windows&a=amd64
01-07-2021 12:16:38.513 [java] [DEBUG] multithreading is set to false
01-07-2021 12:16:38.837 [java] [DEBUG] Using reflection to scan dependencies for gauge implementations...
01-07-2021 12:16:39.244 [java] [DEBUG] gauge-java took 731milliseconds to load and scan. This should be less than 'runner_connection_timeout' config value.
01-07-2021 12:16:39.244 [java] [DEBUG] run 'gauge config runner_connection_timeout' and verify that it is < 731
01-07-2021 12:16:39.244 [java] [DEBUG] starting gRPC server...
01-07-2021 12:16:39.594 [java] [DEBUG] started gRPC server on port 53514
01-07-2021 12:16:39.594 [Gauge] [DEBUG] Attempting to connect to grpc server at port: 53514
01-07-2021 12:16:39.781 [Gauge] [DEBUG] Successfully made the connection with runner with port: 53514
01-07-2021 12:16:39.782 [Gauge] [DEBUG] Validation started.
01-07-2021 12:16:42.212 [java] [DEBUG] Scanning packages for steps
01-07-2021 12:16:42.247 [java] [DEBUG] Comparing 'com.trendyol.steps.StepImplementation.getButtonControl' and 'com.trendyol.steps.StepImplementation.getButtonControl'
01-07-2021 12:16:42.247 [java] [DEBUG] Found Sayfada {} alanı yoksa {} yazdır in current project scope.
01-07-2021 12:16:42.247 [java] [DEBUG] Comparing 'com.trendyol.steps.StepImplementation.Click' and 'com.trendyol.steps.StepImplementation.Click'
01-07-2021 12:16:42.247 [java] [DEBUG] Found {} butonuna tıkla in current project scope.
01-07-2021 12:16:42.247 [java] [DEBUG] Comparing 'com.trendyol.steps.StepImplementation.bekle' and 'com.trendyol.steps.StepImplementation.bekle'
01-07-2021 12:16:42.247 [java] [DEBUG] Found {} saniye bekle in current project scope.
01-07-2021 12:16:42.247 [java] [DEBUG] Comparing 'com.trendyol.steps.StepImplementation.textSendKeys' and 'com.trendyol.steps.StepImplementation.textSendKeys'
01-07-2021 12:16:42.247 [java] [DEBUG] Found {} alanına {} yaz in current project scope.
01-07-2021 12:16:42.247 [java] [DEBUG] Scanning packages for hooks
01-07-2021 12:16:42.255 [java] [DEBUG] Scanned steps (using static parsing + reflections): 
01-07-2021 12:16:42.255 [java] [DEBUG] 	Sayfada {} alanı yoksa {} yazdır : public void getButtonControl(String key, String msg)
01-07-2021 12:16:42.255 [java] [DEBUG] 	{} saniye bekle : public void bekle(ınt key) throws InterruptedException
01-07-2021 12:16:42.255 [java] [DEBUG] 	{} alanına {} yaz : public void textSendKeys(String key, String text)
01-07-2021 12:16:42.255 [java] [DEBUG] 	{} butonuna tıkla : public void Click(String key)
01-07-2021 12:16:44.524 [Gauge] [DEBUG] Validation completed.
01-07-2021 12:16:44.526 [Gauge] [DEBUG] Run started
01-07-2021 12:16:44.527 [Gauge] [DEBUG] Starting Html Report plugin
01-07-2021 12:16:44.558 [Gauge] [DEBUG] Attempting to connect to grpc server at port: 53518
01-07-2021 12:16:44.559 [Gauge] [DEBUG] Successfully made the connection with plugin with port: 53518
01-07-2021 12:16:44.559 [Gauge] [DEBUG] Initialising suite data store.
01-07-2021 12:16:54.787 [html-report] [DEBUG] Transformed SuiteResult to report structure
01-07-2021 12:16:54.874 [html-report] [INFO] Successfully generated html-report to => C:\Users\testinium\IdeaProjects\com.gauge\TEBMobileAutomation\reports\html-report\index.html
01-07-2021 12:16:54.875 [html-report] [DEBUG] Done generating HTML report using theme from C:\Users\testinium\AppData\Roaming\gauge\plugins\html-report\4.0.12\themes\default
01-07-2021 12:16:54.875 [Gauge] [DEBUG] Sending kill message to Html Report plugin.
01-07-2021 12:16:54.882 [java] [DEBUG] Killing Java runner...
01-07-2021 12:16:54.885 [java] [DEBUG] Stopping execution pool...
01-07-2021 12:16:54.885 [java] [DEBUG] Shutting down grpc server...
01-07-2021 12:16:54.909 [java] [DEBUG] Runner killed gracefully.
01-07-2021 12:16:56.333 [Gauge] [DEBUG] Runner with PID:3708 has exited
01-07-2021 12:16:56.336 [Gauge] [INFO] Specifications:	1 executed	0 passed	1 failed	0 skipped
01-07-2021 12:16:56.336 [Gauge] [INFO] Scenarios:	1 executed	0 passed	1 failed	0 skipped
01-07-2021 12:16:56.336 [Gauge] [INFO] 
Total time taken: 10.257s
01-07-2021 12:16:56.338 [Gauge] [INFO] Updates are available. Run `gauge update -c` for more info.
01-07-2021 12:18:20.575 [Gauge] [DEBUG] Created gauge_screenshots_dir at C:\Users\testinium\IdeaProjects\com.gauge\TEBMobileAutomation\.gauge\screenshots
01-07-2021 12:18:20.580 [Gauge] [DEBUG] Plugin java is already installed.
01-07-2021 12:18:20.582 [Gauge] [DEBUG] Plugin html-report is already installed.
01-07-2021 12:18:20.583 [Gauge] [DEBUG] Parsing started.
01-07-2021 12:18:20.583 [Gauge] [DEBUG] Started concepts parsing.
01-07-2021 12:18:20.598 [Gauge] [DEBUG] 9 concepts parsing completed.
01-07-2021 12:18:20.598 [Gauge] [DEBUG] Started specifications parsing.
01-07-2021 12:18:20.599 [Gauge] [DEBUG] 1 specifications parsing completed.
01-07-2021 12:18:20.600 [Gauge] [DEBUG] Parsing completed.
01-07-2021 12:18:20.641 [java] [DEBUG] ***** Printing Properties/Env Values *****
01-07-2021 12:18:20.641 [java] [DEBUG] PATH: C:\Program Files (x86)\Common Files\Oracle\Java\javapath;C:\Windows\system32;C:\Windows;C:\Windows\System32\Wbem;C:\Windows\System32\WindowsPowerShell\v1.0\;C:\Windows\System32\OpenSSH\;C:\Program Files\nodejs\;C:\Program Files\Java\jdk1.8.0_291\bin;C:\apache-maven\apache-maven-3.8.1\bin;C:\Program Files\Gauge\bin;C:\WINDOWS\system32;C:\WINDOWS;C:\WINDOWS\System32\Wbem;C:\WINDOWS\System32\WindowsPowerShell\v1.0\;C:\WINDOWS\System32\OpenSSH\;C:\Program Files\Git\cmd;C:\Users\testinium\AppData\Local\Android\Sdk\platform-tools;C:\Users\testinium\AppData\Local\Android\Sdk\tools;C:\Users\testinium\AppData\Local\Android\Sdk\tools\bin;C:\Users\testinium\AppData\Local\Android\Sdk\build-tools;C:\Users\testinium\AppData\Local\Android\Sdk;C:\Users\testinium\AppData\Local\Microsoft\WindowsApps;C:\Users\testinium\AppData\Roaming\npm;;C:\Users\testinium\AppData\Roaming\gauge\plugins\screenshot\0.0.1
01-07-2021 12:18:20.641 [java] [DEBUG] JAVA_HOME: C:\Program Files\Java\jdk1.8.0_291
01-07-2021 12:18:20.641 [java] [DEBUG] gauge_project_root: C:\Users\testinium\IdeaProjects\com.gauge\TEBMobileAutomation
01-07-2021 12:18:20.641 [java] [DEBUG] gauge_parallel_streams_count: 
01-07-2021 12:18:20.641 [java] [DEBUG] gauge_reports_dir: reports
01-07-2021 12:18:20.641 [java] [DEBUG] overwrite_reports: true
01-07-2021 12:18:20.641 [java] [DEBUG] logs_directory: logs
01-07-2021 12:18:20.641 [java] [DEBUG] enable_multithreading: 
01-07-2021 12:18:20.641 [java] [DEBUG] gauge_specs_dir: specs
01-07-2021 12:18:20.641 [java] [DEBUG] csv_delimiter: ,
01-07-2021 12:18:20.641 [java] [DEBUG] gauge_java_home: 
01-07-2021 12:18:20.641 [java] [DEBUG] gauge_custom_build_path: 
01-07-2021 12:18:20.641 [java] [DEBUG] gauge_additional_libs: libs/*
01-07-2021 12:18:20.641 [java] [DEBUG] gauge_jvm_args: 
01-07-2021 12:18:20.641 [java] [DEBUG] gauge_custom_compile_dir: 
01-07-2021 12:18:20.641 [java] [DEBUG] gauge_clear_state_level: scenario
01-07-2021 12:18:20.641 [java] [DEBUG] ***** END *****
01-07-2021 12:18:21.309 [Gauge] [DEBUG] Checking updates...
01-07-2021 12:18:21.315 [Gauge] [DEBUG] Downloading https://downloads.gauge.org/plugin/html-report?l=java&p=html-report,java,screenshot,spectacle,xml-report&o=windows&a=amd64
01-07-2021 12:18:22.654 [Gauge] [DEBUG] Downloading https://downloads.gauge.org/plugin/java?l=java&p=html-report,java,screenshot,spectacle,xml-report&o=windows&a=amd64
01-07-2021 12:18:22.961 [Gauge] [DEBUG] Downloading https://downloads.gauge.org/plugin/screenshot?l=java&p=html-report,java,screenshot,spectacle,xml-report&o=windows&a=amd64
01-07-2021 12:18:23.303 [Gauge] [DEBUG] Downloading https://downloads.gauge.org/plugin/spectacle?l=java&p=html-report,java,screenshot,spectacle,xml-report&o=windows&a=amd64
01-07-2021 12:18:23.647 [Gauge] [DEBUG] Downloading https://downloads.gauge.org/plugin/xml-report?l=java&p=html-report,java,screenshot,spectacle,xml-report&o=windows&a=amd64
01-07-2021 12:18:23.691 [java] [DEBUG] classpath set to C:\Program Files\Java\jdk1.8.0_291\jre\lib\charsets.jar;C:\Program Files\Java\jdk1.8.0_291\jre\lib\deploy.jar;C:\Program Files\Java\jdk1.8.0_291\jre\lib\ext\access-bridge-64.jar;C:\Program Files\Java\jdk1.8.0_291\jre\lib\ext\cldrdata.jar;C:\Program Files\Java\jdk1.8.0_291\jre\lib\ext\dnsns.jar;C:\Program Files\Java\jdk1.8.0_291\jre\lib\ext\jaccess.jar;C:\Program Files\Java\jdk1.8.0_291\jre\lib\ext\jfxrt.jar;C:\Program Files\Java\jdk1.8.0_291\jre\lib\ext\localedata.jar;C:\Program Files\Java\jdk1.8.0_291\jre\lib\ext\nashorn.jar;C:\Program Files\Java\jdk1.8.0_291\jre\lib\ext\sunec.jar;C:\Program Files\Java\jdk1.8.0_291\jre\lib\ext\sunjce_provider.jar;C:\Program Files\Java\jdk1.8.0_291\jre\lib\ext\sunmscapi.jar;C:\Program Files\Java\jdk1.8.0_291\jre\lib\ext\sunpkcs11.jar;C:\Program Files\Java\jdk1.8.0_291\jre\lib\ext\zipfs.jar;C:\Program Files\Java\jdk1.8.0_291\jre\lib\javaws.jar;C:\Program Files\Java\jdk1.8.0_291\jre\lib\jce.jar;C:\Program Files\Java\jdk1.8.0_291\jre\lib\jfr.jar;C:\Program Files\Java\jdk1.8.0_291\jre\lib\jfxswt.jar;C:\Program Files\Java\jdk1.8.0_291\jre\lib\jsse.jar;C:\Program Files\Java\jdk1.8.0_291\jre\lib\management-agent.jar;C:\Program Files\Java\jdk1.8.0_291\jre\lib\plugin.jar;C:\Program Files\Java\jdk1.8.0_291\jre\lib\resources.jar;C:\Program Files\Java\jdk1.8.0_291\jre\lib\rt.jar;C:\Users\testinium\IdeaProjects\com.gauge\TEBMobileAutomation\target\test-classes;C:\Users\testinium\IdeaProjects\com.gauge\TEBMobileAutomation\target\classes;C:\Users\testinium\.m2\repository\junit\junit\4.12\junit-4.12.jar;C:\Users\testinium\.m2\repository\org\hamcrest\hamcrest-core\1.3\hamcrest-core-1.3.jar;C:\Users\testinium\.m2\repository\com\thoughtworks\gauge\gauge-java\0.7.15\gauge-java-0.7.15.jar;C:\Users\testinium\.m2\repository\org\assertj\assertj-core\3.19.0\assertj-core-3.19.0.jar;C:\Users\testinium\.m2\repository\org\reflections\reflections\0.9.9\reflections-0.9.9.jar;C:\Users\testinium\.m2\repository\org\javassist\javassist\3.18.2-GA\javassist-3.18.2-GA.jar;C:\Users\testinium\.m2\repository\com\google\code\findbugs\annotations\2.0.1\annotations-2.0.1.jar;C:\Users\testinium\.m2\repository\com\github\javaparser\javaparser-core\3.16.3\javaparser-core-3.16.3.jar;C:\Users\testinium\.m2\repository\commons-io\commons-io\2.8.0\commons-io-2.8.0.jar;C:\Users\testinium\.m2\repository\commons-lang\commons-lang\2.6\commons-lang-2.6.jar;C:\Users\testinium\.m2\repository\org\json\json\20210307\json-20210307.jar;C:\Users\testinium\.m2\repository\com\google\protobuf\protobuf-java\3.15.8\protobuf-java-3.15.8.jar;C:\Users\testinium\.m2\repository\com\google\guava\guava\30.1.1-jre\guava-30.1.1-jre.jar;C:\Users\testinium\.m2\repository\com\google\guava\failureaccess\1.0.1\failureaccess-1.0.1.jar;C:\Users\testinium\.m2\repository\com\google\guava\listenablefuture\9999.0-empty-to-avoid-conflict-with-guava\listenablefuture-9999.0-empty-to-avoid-conflict-with-guava.jar;C:\Users\testinium\.m2\repository\com\google\code\findbugs\jsr305\3.0.2\jsr305-3.0.2.jar;C:\Users\testinium\.m2\repository\org\checkerframework\checker-qual\3.8.0\checker-qual-3.8.0.jar;C:\Users\testinium\.m2\repository\com\google\errorprone\error_prone_annotations\2.5.1\error_prone_annotations-2.5.1.jar;C:\Users\testinium\.m2\repository\com\google\j2objc\j2objc-annotations\1.3\j2objc-annotations-1.3.jar;C:\Users\testinium\.m2\repository\io\grpc\grpc-netty-shaded\1.37.0\grpc-netty-shaded-1.37.0.jar;C:\Users\testinium\.m2\repository\io\grpc\grpc-core\1.37.0\grpc-core-1.37.0.jar;C:\Users\testinium\.m2\repository\com\google\android\annotations\4.1.1.4\annotations-4.1.1.4.jar;C:\Users\testinium\.m2\repository\io\perfmark\perfmark-api\0.23.0\perfmark-api-0.23.0.jar;C:\Users\testinium\.m2\repository\io\grpc\grpc-protobuf\1.37.0\grpc-protobuf-1.37.0.jar;C:\Users\testinium\.m2\repository\io\grpc\grpc-api\1.37.0\grpc-api-1.37.0.jar;C:\Users\testinium\.m2\repository\io\grpc\grpc-context\1.37.0\grpc-context-1.37.0.jar;C:\Users\testinium\.m2\repository\com\google\api\grpc\proto-google-common-protos\2.0.1\proto-google-common-protos-2.0.1.jar;C:\Users\testinium\.m2\repository\io\grpc\grpc-protobuf-lite\1.37.0\grpc-protobuf-lite-1.37.0.jar;C:\Users\testinium\.m2\repository\org\codehaus\mojo\animal-sniffer-annotations\1.19\animal-sniffer-annotations-1.19.jar;C:\Users\testinium\.m2\repository\io\grpc\grpc-stub\1.37.0\grpc-stub-1.37.0.jar;C:\Users\testinium\.m2\repository\javax\annotation\javax.annotation-api\1.3.2\javax.annotation-api-1.3.2.jar;C:\Users\testinium\.m2\repository\io\appium\java-client\7.3.0\java-client-7.3.0.jar;C:\Users\testinium\.m2\repository\org\seleniumhq\selenium\selenium-java\3.141.59\selenium-java-3.141.59.jar;C:\Users\testinium\.m2\repository\org\seleniumhq\selenium\selenium-chrome-driver\3.141.59\selenium-chrome-driver-3.141.59.jar;C:\Users\testinium\.m2\repository\org\seleniumhq\selenium\selenium-edge-driver\3.141.59\selenium-edge-driver-3.141.59.jar;C:\Users\testinium\.m2\repository\org\seleniumhq\selenium\selenium-firefox-driver\3.141.59\selenium-firefox-driver-3.141.59.jar;C:\Users\testinium\.m2\repository\org\seleniumhq\selenium\selenium-ie-driver\3.141.59\selenium-ie-driver-3.141.59.jar;C:\Users\testinium\.m2\repository\org\seleniumhq\selenium\selenium-opera-driver\3.141.59\selenium-opera-driver-3.141.59.jar;C:\Users\testinium\.m2\repository\org\seleniumhq\selenium\selenium-remote-driver\3.141.59\selenium-remote-driver-3.141.59.jar;C:\Users\testinium\.m2\repository\org\seleniumhq\selenium\selenium-safari-driver\3.141.59\selenium-safari-driver-3.141.59.jar;C:\Users\testinium\.m2\repository\net\bytebuddy\byte-buddy\1.8.15\byte-buddy-1.8.15.jar;C:\Users\testinium\.m2\repository\org\apache\commons\commons-exec\1.3\commons-exec-1.3.jar;C:\Users\testinium\.m2\repository\com\squareup\okhttp3\okhttp\3.11.0\okhttp-3.11.0.jar;C:\Users\testinium\.m2\repository\com\squareup\okio\okio\1.14.0\okio-1.14.0.jar;C:\Users\testinium\.m2\repository\org\seleniumhq\selenium\selenium-support\3.141.59\selenium-support-3.141.59.jar;C:\Users\testinium\.m2\repository\org\seleniumhq\selenium\selenium-api\3.141.59\selenium-api-3.141.59.jar;C:\Users\testinium\.m2\repository\com\google\code\gson\gson\2.8.5\gson-2.8.5.jar;C:\Users\testinium\.m2\repository\org\apache\httpcomponents\httpclient\4.5.9\httpclient-4.5.9.jar;C:\Users\testinium\.m2\repository\org\apache\httpcomponents\httpcore\4.4.11\httpcore-4.4.11.jar;C:\Users\testinium\.m2\repository\commons-logging\commons-logging\1.2\commons-logging-1.2.jar;C:\Users\testinium\.m2\repository\commons-codec\commons-codec\1.11\commons-codec-1.11.jar;C:\Users\testinium\.m2\repository\cglib\cglib\3.2.12\cglib-3.2.12.jar;C:\Users\testinium\.m2\repository\org\ow2\asm\asm\7.1\asm-7.1.jar;C:\Users\testinium\.m2\repository\commons-validator\commons-validator\1.6\commons-validator-1.6.jar;C:\Users\testinium\.m2\repository\commons-beanutils\commons-beanutils\1.9.2\commons-beanutils-1.9.2.jar;C:\Users\testinium\.m2\repository\commons-digester\commons-digester\1.8.1\commons-digester-1.8.1.jar;C:\Users\testinium\.m2\repository\commons-collections\commons-collections\3.2.2\commons-collections-3.2.2.jar;C:\Users\testinium\.m2\repository\org\apache\commons\commons-lang3\3.9\commons-lang3-3.9.jar;C:\Users\testinium\.m2\repository\org\springframework\spring-context\5.1.8.RELEASE\spring-context-5.1.8.RELEASE.jar;C:\Users\testinium\.m2\repository\org\springframework\spring-aop\5.1.8.RELEASE\spring-aop-5.1.8.RELEASE.jar;C:\Users\testinium\.m2\repository\org\springframework\spring-beans\5.1.8.RELEASE\spring-beans-5.1.8.RELEASE.jar;C:\Users\testinium\.m2\repository\org\springframework\spring-core\5.1.8.RELEASE\spring-core-5.1.8.RELEASE.jar;C:\Users\testinium\.m2\repository\org\springframework\spring-jcl\5.1.8.RELEASE\spring-jcl-5.1.8.RELEASE.jar;C:\Users\testinium\.m2\repository\org\springframework\spring-expression\5.1.8.RELEASE\spring-expression-5.1.8.RELEASE.jar;C:\Users\testinium\.m2\repository\org\aspectj\aspectjweaver\1.9.4\aspectjweaver-1.9.4.jar;C:\Users\testinium\.m2\repository\org\slf4j\slf4j-api\1.7.30\slf4j-api-1.7.30.jar;C:\Users\testinium\.m2\repository\org\slf4j\slf4j-log4j12\1.7.30\slf4j-log4j12-1.7.30.jar;C:\Users\testinium\.m2\repository\log4j\log4j\1.2.17\log4j-1.2.17.jar
01-07-2021 12:18:23.771 [java] [DEBUG] found java executable in C:\Program Files\Java\jdk1.8.0_291\jre\bin\java.exe
01-07-2021 12:18:23.771 [java] [DEBUG] running - C:\Program Files\Java\jdk1.8.0_291\jre\bin\java.exe [-Dfile.encoding=UTF-8 com.thoughtworks.gauge.GaugeRuntime --start]
01-07-2021 12:18:23.771 [java] [DEBUG] stdout/stderr is logged to logs\2544-java.exe.out
01-07-2021 12:18:23.972 [java] [DEBUG] multithreading is set to false
01-07-2021 12:18:24.264 [java] [DEBUG] Using reflection to scan dependencies for gauge implementations...
01-07-2021 12:18:24.663 [java] [DEBUG] gauge-java took 690milliseconds to load and scan. This should be less than 'runner_connection_timeout' config value.
01-07-2021 12:18:24.663 [java] [DEBUG] run 'gauge config runner_connection_timeout' and verify that it is < 690
01-07-2021 12:18:24.663 [java] [DEBUG] starting gRPC server...
01-07-2021 12:18:25.025 [java] [DEBUG] started gRPC server on port 64401
01-07-2021 12:18:25.025 [Gauge] [DEBUG] Attempting to connect to grpc server at port: 64401
01-07-2021 12:18:25.184 [Gauge] [DEBUG] Successfully made the connection with runner with port: 64401
01-07-2021 12:18:25.185 [Gauge] [DEBUG] Validation started.
01-07-2021 12:18:27.288 [java] [DEBUG] Scanning packages for steps
01-07-2021 12:18:27.326 [java] [DEBUG] Comparing 'com.trendyol.steps.StepImplementation.getButtonControl' and 'com.trendyol.steps.StepImplementation.getButtonControl'
01-07-2021 12:18:27.326 [java] [DEBUG] Found Sayfada {} alanı yoksa {} yazdır in current project scope.
01-07-2021 12:18:27.327 [java] [DEBUG] Comparing 'com.trendyol.steps.StepImplementation.Click' and 'com.trendyol.steps.StepImplementation.Click'
01-07-2021 12:18:27.327 [java] [DEBUG] Found {} butonuna tıkla in current project scope.
01-07-2021 12:18:27.327 [java] [DEBUG] Comparing 'com.trendyol.steps.StepImplementation.bekle' and 'com.trendyol.steps.StepImplementation.bekle'
01-07-2021 12:18:27.327 [java] [DEBUG] Found {} saniye bekle in current project scope.
01-07-2021 12:18:27.327 [java] [DEBUG] Comparing 'com.trendyol.steps.StepImplementation.textSendKeys' and 'com.trendyol.steps.StepImplementation.textSendKeys'
01-07-2021 12:18:27.327 [java] [DEBUG] Found {} alanına {} yaz in current project scope.
01-07-2021 12:18:27.327 [java] [DEBUG] Scanning packages for hooks
01-07-2021 12:18:27.334 [java] [DEBUG] Scanned steps (using static parsing + reflections): 
01-07-2021 12:18:27.334 [java] [DEBUG] 	Sayfada {} alanı yoksa {} yazdır : public void getButtonControl(String key, String msg)
01-07-2021 12:18:27.334 [java] [DEBUG] 	{} saniye bekle : public void bekle(ınt key) throws InterruptedException
01-07-2021 12:18:27.334 [java] [DEBUG] 	{} alanına {} yaz : public void textSendKeys(String key, String text)
01-07-2021 12:18:27.334 [java] [DEBUG] 	{} butonuna tıkla : public void Click(String key)
01-07-2021 12:18:31.650 [Gauge] [DEBUG] Validation completed.
01-07-2021 12:18:31.653 [Gauge] [DEBUG] Run started
01-07-2021 12:18:31.657 [Gauge] [DEBUG] Starting Html Report plugin
01-07-2021 12:18:31.694 [Gauge] [DEBUG] Attempting to connect to grpc server at port: 64407
01-07-2021 12:18:31.694 [Gauge] [DEBUG] Successfully made the connection with plugin with port: 64407
01-07-2021 12:18:31.695 [Gauge] [DEBUG] Initialising suite data store.
01-07-2021 12:18:41.810 [html-report] [DEBUG] Transformed SuiteResult to report structure
01-07-2021 12:18:41.933 [html-report] [INFO] Successfully generated html-report to => C:\Users\testinium\IdeaProjects\com.gauge\TEBMobileAutomation\reports\html-report\index.html
01-07-2021 12:18:41.933 [html-report] [DEBUG] Done generating HTML report using theme from C:\Users\testinium\AppData\Roaming\gauge\plugins\html-report\4.0.12\themes\default
01-07-2021 12:18:41.934 [Gauge] [DEBUG] Sending kill message to Html Report plugin.
01-07-2021 12:18:41.947 [java] [DEBUG] Killing Java runner...
01-07-2021 12:18:41.950 [java] [DEBUG] Stopping execution pool...
01-07-2021 12:18:41.950 [java] [DEBUG] Shutting down grpc server...
01-07-2021 12:18:41.980 [java] [DEBUG] Runner killed gracefully.
01-07-2021 12:18:42.771 [Gauge] [DEBUG] Runner with PID:2544 has exited
01-07-2021 12:18:42.771 [Gauge] [INFO] Specifications:	1 executed	0 passed	1 failed	0 skipped
01-07-2021 12:18:42.771 [Gauge] [INFO] Scenarios:	1 executed	0 passed	1 failed	0 skipped
01-07-2021 12:18:42.771 [Gauge] [INFO] 
Total time taken: 10.153s
01-07-2021 12:18:42.772 [Gauge] [INFO] Updates are available. Run `gauge update -c` for more info.
